<?xml version="1.0" encoding="UTF-8"?>
<coverage generated="1687106494755" clover="3.2.0">
  <project timestamp="1687106494755" name="All files">
    <metrics statements="811" coveredstatements="519" conditionals="483" coveredconditionals="209" methods="141" coveredmethods="91" elements="1435" coveredelements="819" complexity="0" loc="811" ncloc="811" packages="14" files="17" classes="17"/>
    <package name="demo-page">
      <metrics statements="150" coveredstatements="0" conditionals="110" coveredconditionals="0" methods="20" coveredmethods="0"/>
      <file name="Demo-page.ts" path="C:\Code\Meta Slider\demo-page\Demo-page.ts">
        <metrics statements="150" coveredstatements="0" conditionals="110" coveredconditionals="0" methods="20" coveredmethods="0"/>
        <line num="1" count="0" type="stmt"/>
        <line num="3" count="0" type="stmt"/>
        <line num="4" count="0" type="stmt"/>
        <line num="59" count="0" type="stmt"/>
        <line num="67" count="0" type="stmt"/>
        <line num="76" count="0" type="stmt"/>
        <line num="84" count="0" type="cond" truecount="0" falsecount="1"/>
        <line num="86" count="0" type="stmt"/>
        <line num="87" count="0" type="stmt"/>
        <line num="88" count="0" type="stmt"/>
        <line num="89" count="0" type="stmt"/>
        <line num="90" count="0" type="stmt"/>
        <line num="91" count="0" type="stmt"/>
        <line num="95" count="0" type="stmt"/>
        <line num="97" count="0" type="stmt"/>
        <line num="111" count="0" type="stmt"/>
        <line num="112" count="0" type="stmt"/>
        <line num="114" count="0" type="stmt"/>
        <line num="118" count="0" type="cond" truecount="0" falsecount="1"/>
        <line num="119" count="0" type="cond" truecount="0" falsecount="3"/>
        <line num="120" count="0" type="stmt"/>
        <line num="121" count="0" type="stmt"/>
        <line num="122" count="0" type="cond" truecount="0" falsecount="1"/>
        <line num="123" count="0" type="stmt"/>
        <line num="127" count="0" type="stmt"/>
        <line num="130" count="0" type="cond" truecount="0" falsecount="4"/>
        <line num="131" count="0" type="cond" truecount="0" falsecount="4"/>
        <line num="132" count="0" type="cond" truecount="0" falsecount="1"/>
        <line num="133" count="0" type="cond" truecount="0" falsecount="4"/>
        <line num="134" count="0" type="cond" truecount="0" falsecount="4"/>
        <line num="143" count="0" type="cond" truecount="0" falsecount="1"/>
        <line num="145" count="0" type="stmt"/>
        <line num="146" count="0" type="cond" truecount="0" falsecount="3"/>
        <line num="147" count="0" type="stmt"/>
        <line num="148" count="0" type="cond" truecount="0" falsecount="1"/>
        <line num="149" count="0" type="stmt"/>
        <line num="150" count="0" type="stmt"/>
        <line num="151" count="0" type="cond" truecount="0" falsecount="1"/>
        <line num="152" count="0" type="stmt"/>
        <line num="154" count="0" type="cond" truecount="0" falsecount="2"/>
        <line num="155" count="0" type="stmt"/>
        <line num="156" count="0" type="cond" truecount="0" falsecount="2"/>
        <line num="157" count="0" type="stmt"/>
        <line num="159" count="0" type="stmt"/>
        <line num="161" count="0" type="cond" truecount="0" falsecount="1"/>
        <line num="162" count="0" type="stmt"/>
        <line num="163" count="0" type="cond" truecount="0" falsecount="3"/>
        <line num="164" count="0" type="cond" truecount="0" falsecount="1"/>
        <line num="165" count="0" type="stmt"/>
        <line num="167" count="0" type="stmt"/>
        <line num="171" count="0" type="stmt"/>
        <line num="175" count="0" type="cond" truecount="0" falsecount="1"/>
        <line num="176" count="0" type="cond" truecount="0" falsecount="3"/>
        <line num="177" count="0" type="stmt"/>
        <line num="182" count="0" type="cond" truecount="0" falsecount="1"/>
        <line num="183" count="0" type="cond" truecount="0" falsecount="1"/>
        <line num="184" count="0" type="stmt"/>
        <line num="188" count="0" type="cond" truecount="0" falsecount="1"/>
        <line num="189" count="0" type="cond" truecount="0" falsecount="1"/>
        <line num="190" count="0" type="stmt"/>
        <line num="191" count="0" type="stmt"/>
        <line num="193" count="0" type="stmt"/>
        <line num="194" count="0" type="stmt"/>
        <line num="195" count="0" type="cond" truecount="0" falsecount="1"/>
        <line num="197" count="0" type="stmt"/>
        <line num="198" count="0" type="cond" truecount="0" falsecount="1"/>
        <line num="199" count="0" type="stmt"/>
        <line num="200" count="0" type="stmt"/>
        <line num="203" count="0" type="stmt"/>
        <line num="204" count="0" type="stmt"/>
        <line num="205" count="0" type="stmt"/>
        <line num="208" count="0" type="stmt"/>
        <line num="209" count="0" type="stmt"/>
        <line num="210" count="0" type="stmt"/>
        <line num="213" count="0" type="stmt"/>
        <line num="214" count="0" type="stmt"/>
        <line num="216" count="0" type="stmt"/>
        <line num="217" count="0" type="stmt"/>
        <line num="220" count="0" type="stmt"/>
        <line num="221" count="0" type="stmt"/>
        <line num="222" count="0" type="stmt"/>
        <line num="223" count="0" type="stmt"/>
        <line num="226" count="0" type="stmt"/>
        <line num="227" count="0" type="cond" truecount="0" falsecount="1"/>
        <line num="228" count="0" type="stmt"/>
        <line num="231" count="0" type="stmt"/>
        <line num="233" count="0" type="cond" truecount="0" falsecount="1"/>
        <line num="234" count="0" type="stmt"/>
        <line num="235" count="0" type="cond" truecount="0" falsecount="1"/>
        <line num="236" count="0" type="cond" truecount="0" falsecount="1"/>
        <line num="237" count="0" type="stmt"/>
        <line num="240" count="0" type="stmt"/>
        <line num="241" count="0" type="stmt"/>
        <line num="242" count="0" type="cond" truecount="0" falsecount="1"/>
        <line num="243" count="0" type="cond" truecount="0" falsecount="1"/>
        <line num="244" count="0" type="stmt"/>
        <line num="247" count="0" type="stmt"/>
        <line num="248" count="0" type="stmt"/>
        <line num="249" count="0" type="stmt"/>
        <line num="252" count="0" type="stmt"/>
        <line num="253" count="0" type="stmt"/>
        <line num="254" count="0" type="stmt"/>
        <line num="257" count="0" type="stmt"/>
        <line num="258" count="0" type="stmt"/>
        <line num="259" count="0" type="stmt"/>
        <line num="261" count="0" type="cond" truecount="0" falsecount="5"/>
        <line num="262" count="0" type="cond" truecount="0" falsecount="4"/>
        <line num="267" count="0" type="cond" truecount="0" falsecount="1"/>
        <line num="268" count="0" type="stmt"/>
        <line num="269" count="0" type="cond" truecount="0" falsecount="1"/>
        <line num="270" count="0" type="cond" truecount="0" falsecount="4"/>
        <line num="271" count="0" type="cond" truecount="0" falsecount="1"/>
        <line num="272" count="0" type="cond" truecount="0" falsecount="1"/>
        <line num="273" count="0" type="cond" truecount="0" falsecount="3"/>
        <line num="274" count="0" type="stmt"/>
        <line num="277" count="0" type="cond" truecount="0" falsecount="3"/>
        <line num="278" count="0" type="cond" truecount="0" falsecount="2"/>
        <line num="279" count="0" type="stmt"/>
        <line num="281" count="0" type="stmt"/>
        <line num="285" count="0" type="stmt"/>
        <line num="291" count="0" type="stmt"/>
        <line num="292" count="0" type="stmt"/>
        <line num="293" count="0" type="stmt"/>
        <line num="297" count="0" type="cond" truecount="0" falsecount="1"/>
        <line num="298" count="0" type="stmt"/>
        <line num="299" count="0" type="stmt"/>
        <line num="300" count="0" type="stmt"/>
        <line num="302" count="0" type="stmt"/>
        <line num="303" count="0" type="cond" truecount="0" falsecount="1"/>
        <line num="304" count="0" type="cond" truecount="0" falsecount="4"/>
        <line num="305" count="0" type="cond" truecount="0" falsecount="4"/>
        <line num="306" count="0" type="stmt"/>
        <line num="309" count="0" type="cond" truecount="0" falsecount="4"/>
        <line num="310" count="0" type="cond" truecount="0" falsecount="4"/>
        <line num="314" count="0" type="stmt"/>
        <line num="316" count="0" type="stmt"/>
        <line num="317" count="0" type="cond" truecount="0" falsecount="5"/>
        <line num="318" count="0" type="stmt"/>
        <line num="321" count="0" type="stmt"/>
        <line num="325" count="0" type="stmt"/>
        <line num="326" count="0" type="stmt"/>
        <line num="327" count="0" type="stmt"/>
        <line num="328" count="0" type="stmt"/>
        <line num="331" count="0" type="stmt"/>
        <line num="332" count="0" type="stmt"/>
        <line num="333" count="0" type="stmt"/>
        <line num="334" count="0" type="stmt"/>
        <line num="337" count="0" type="stmt"/>
        <line num="338" count="0" type="stmt"/>
        <line num="342" count="0" type="stmt"/>
      </file>
    </package>
    <package name="src">
      <metrics statements="7" coveredstatements="0" conditionals="0" coveredconditionals="0" methods="1" coveredmethods="0"/>
      <file name="slider.ts" path="C:\Code\Meta Slider\src\slider.ts">
        <metrics statements="7" coveredstatements="0" conditionals="0" coveredconditionals="0" methods="1" coveredmethods="0"/>
        <line num="1" count="0" type="stmt"/>
        <line num="2" count="0" type="stmt"/>
        <line num="3" count="0" type="stmt"/>
        <line num="11" count="0" type="stmt"/>
        <line num="12" count="0" type="stmt"/>
        <line num="13" count="0" type="stmt"/>
        <line num="14" count="0" type="stmt"/>
      </file>
    </package>
    <package name="src.Observer">
      <metrics statements="13" coveredstatements="10" conditionals="4" coveredconditionals="3" methods="6" coveredmethods="4"/>
      <file name="Observer.ts" path="C:\Code\Meta Slider\src\Observer\Observer.ts">
        <metrics statements="10" coveredstatements="7" conditionals="4" coveredconditionals="3" methods="6" coveredmethods="4"/>
        <line num="10" count="212" type="stmt"/>
        <line num="13" count="141" type="cond" truecount="1" falsecount="1"/>
        <line num="14" count="0" type="stmt"/>
        <line num="15" count="0" type="stmt"/>
        <line num="17" count="141" type="stmt"/>
        <line num="22" count="0" type="stmt"/>
        <line num="26" count="4" type="cond" truecount="2" falsecount="0"/>
        <line num="27" count="4" type="stmt"/>
        <line num="28" count="1" type="stmt"/>
        <line num="33" count="4" type="stmt"/>
      </file>
      <file name="events.ts" path="C:\Code\Meta Slider\src\Observer\events.ts">
        <metrics statements="3" coveredstatements="3" conditionals="0" coveredconditionals="0" methods="0" coveredmethods="0"/>
        <line num="1" count="4" type="stmt"/>
        <line num="5" count="4" type="stmt"/>
        <line num="14" count="4" type="stmt"/>
      </file>
    </package>
    <package name="src.components">
      <metrics statements="2" coveredstatements="2" conditionals="0" coveredconditionals="0" methods="0" coveredmethods="0"/>
      <file name="Interfaces.ts" path="C:\Code\Meta Slider\src\components\Interfaces.ts">
        <metrics statements="2" coveredstatements="2" conditionals="0" coveredconditionals="0" methods="0" coveredmethods="0"/>
        <line num="41" count="3" type="stmt"/>
        <line num="133" count="3" type="stmt"/>
      </file>
    </package>
    <package name="src.components.Model">
      <metrics statements="276" coveredstatements="246" conditionals="148" coveredconditionals="81" methods="40" coveredmethods="40"/>
      <file name="Model.ts" path="C:\Code\Meta Slider\src\components\Model\Model.ts">
        <metrics statements="68" coveredstatements="62" conditionals="33" coveredconditionals="19" methods="15" coveredmethods="15"/>
        <line num="1" count="3" type="stmt"/>
        <line num="18" count="31" type="stmt"/>
        <line num="19" count="31" type="stmt"/>
        <line num="23" count="9" type="stmt"/>
        <line num="24" count="9" type="stmt"/>
        <line num="28" count="41" type="stmt"/>
        <line num="32" count="2" type="stmt"/>
        <line num="33" count="2" type="stmt"/>
        <line num="37" count="4" type="stmt"/>
        <line num="41" count="1" type="stmt"/>
        <line num="42" count="1" type="stmt"/>
        <line num="43" count="1" type="stmt"/>
        <line num="44" count="1" type="stmt"/>
        <line num="48" count="31" type="stmt"/>
        <line num="56" count="2" type="stmt"/>
        <line num="58" count="2" type="cond" truecount="0" falsecount="1"/>
        <line num="59" count="2" type="stmt"/>
        <line num="60" count="2" type="stmt"/>
        <line num="62" count="2" type="stmt"/>
        <line num="63" count="2" type="stmt"/>
        <line num="65" count="2" type="stmt"/>
        <line num="66" count="2" type="stmt"/>
        <line num="68" count="2" type="stmt"/>
        <line num="69" count="2" type="stmt"/>
        <line num="74" count="2" type="cond" truecount="1" falsecount="1"/>
        <line num="75" count="2" type="stmt"/>
        <line num="76" count="2" type="stmt"/>
        <line num="78" count="0" type="stmt"/>
        <line num="79" count="0" type="stmt"/>
        <line num="82" count="2" type="stmt"/>
        <line num="83" count="2" type="stmt"/>
        <line num="85" count="2" type="cond" truecount="2" falsecount="1"/>
        <line num="86" count="0" type="stmt"/>
        <line num="87" count="0" type="stmt"/>
        <line num="89" count="2" type="cond" truecount="0" falsecount="1"/>
        <line num="91" count="2" type="stmt"/>
        <line num="103" count="2" type="stmt"/>
        <line num="105" count="2" type="cond" truecount="1" falsecount="0"/>
        <line num="106" count="1" type="stmt"/>
        <line num="113" count="2" type="cond" truecount="1" falsecount="0"/>
        <line num="114" count="1" type="stmt"/>
        <line num="127" count="1" type="stmt"/>
        <line num="132" count="1" type="stmt"/>
        <line num="134" count="1" type="cond" truecount="2" falsecount="3"/>
        <line num="141" count="0" type="stmt"/>
        <line num="142" count="1" type="cond" truecount="1" falsecount="0"/>
        <line num="150" count="1" type="stmt"/>
        <line num="155" count="1" type="stmt"/>
        <line num="157" count="1" type="cond" truecount="2" falsecount="2"/>
        <line num="164" count="0" type="stmt"/>
        <line num="165" count="1" type="cond" truecount="1" falsecount="0"/>
        <line num="166" count="1" type="stmt"/>
        <line num="177" count="2" type="stmt"/>
        <line num="179" count="2" type="stmt"/>
        <line num="181" count="2" type="cond" truecount="1" falsecount="2"/>
        <line num="182" count="2" type="stmt"/>
        <line num="183" count="2" type="cond" truecount="3" falsecount="0"/>
        <line num="184" count="1" type="cond" truecount="1" falsecount="1"/>
        <line num="187" count="2" type="cond" truecount="1" falsecount="1"/>
        <line num="191" count="31" type="stmt"/>
        <line num="192" count="31" type="stmt"/>
        <line num="193" count="31" type="stmt"/>
        <line num="197" count="31" type="stmt"/>
        <line num="198" count="31" type="stmt"/>
        <line num="202" count="2" type="cond" truecount="2" falsecount="1"/>
        <line num="203" count="2" type="stmt"/>
        <line num="205" count="2" type="stmt"/>
        <line num="212" count="3" type="stmt"/>
      </file>
      <file name="ModelFacade.ts" path="C:\Code\Meta Slider\src\components\Model\ModelFacade.ts">
        <metrics statements="47" coveredstatements="39" conditionals="14" coveredconditionals="5" methods="9" coveredmethods="9"/>
        <line num="1" count="3" type="stmt"/>
        <line num="2" count="3" type="stmt"/>
        <line num="11" count="3" type="stmt"/>
        <line num="12" count="3" type="stmt"/>
        <line num="24" count="31" type="stmt"/>
        <line num="25" count="31" type="stmt"/>
        <line num="26" count="31" type="stmt"/>
        <line num="27" count="31" type="stmt"/>
        <line num="31" count="2" type="stmt"/>
        <line num="32" count="2" type="stmt"/>
        <line num="36" count="14" type="cond" truecount="0" falsecount="1"/>
        <line num="37" count="0" type="stmt"/>
        <line num="38" count="0" type="stmt"/>
        <line num="43" count="14" type="stmt"/>
        <line num="47" count="8" type="stmt"/>
        <line num="51" count="1" type="stmt"/>
        <line num="55" count="2" type="stmt"/>
        <line num="59" count="1" type="cond" truecount="1" falsecount="1"/>
        <line num="61" count="1" type="cond" truecount="1" falsecount="0"/>
        <line num="62" count="1" type="stmt"/>
        <line num="63" count="1" type="stmt"/>
        <line num="64" count="1" type="cond" truecount="0" falsecount="1"/>
        <line num="65" count="1" type="cond" truecount="0" falsecount="1"/>
        <line num="67" count="1" type="stmt"/>
        <line num="68" count="1" type="stmt"/>
        <line num="69" count="1" type="stmt"/>
        <line num="70" count="1" type="stmt"/>
        <line num="71" count="1" type="stmt"/>
        <line num="73" count="1" type="cond" truecount="1" falsecount="1"/>
        <line num="74" count="0" type="stmt"/>
        <line num="79" count="1" type="stmt"/>
        <line num="83" count="1" type="cond" truecount="1" falsecount="3"/>
        <line num="84" count="0" type="stmt"/>
        <line num="85" count="0" type="stmt"/>
        <line num="86" count="0" type="stmt"/>
        <line num="87" count="0" type="stmt"/>
        <line num="88" count="0" type="stmt"/>
        <line num="93" count="3" type="stmt"/>
        <line num="94" count="3" type="stmt"/>
        <line num="95" count="3" type="stmt"/>
        <line num="96" count="3" type="stmt"/>
        <line num="97" count="3" type="stmt"/>
        <line num="101" count="1" type="cond" truecount="1" falsecount="1"/>
        <line num="102" count="1" type="stmt"/>
        <line num="103" count="1" type="stmt"/>
        <line num="107" count="1" type="stmt"/>
        <line num="111" count="3" type="stmt"/>
      </file>
      <file name="Validator.ts" path="C:\Code\Meta Slider\src\components\Model\Validator.ts">
        <metrics statements="161" coveredstatements="145" conditionals="101" coveredconditionals="57" methods="16" coveredmethods="16"/>
        <line num="10" count="40" type="stmt"/>
        <line num="35" count="40" type="stmt"/>
        <line num="36" count="40" type="stmt"/>
        <line num="47" count="40" type="stmt"/>
        <line num="55" count="40" type="stmt"/>
        <line num="59" count="85" type="stmt"/>
        <line num="60" count="85" type="stmt"/>
        <line num="61" count="85" type="stmt"/>
        <line num="65" count="85" type="stmt"/>
        <line num="66" count="85" type="stmt"/>
        <line num="67" count="85" type="stmt"/>
        <line num="68" count="85" type="stmt"/>
        <line num="69" count="85" type="stmt"/>
        <line num="75" count="3" type="stmt"/>
        <line num="77" count="3" type="cond" truecount="4" falsecount="0"/>
        <line num="79" count="1" type="cond" truecount="3" falsecount="0"/>
        <line num="80" count="1" type="stmt"/>
        <line num="83" count="0" type="cond" truecount="0" falsecount="3"/>
        <line num="84" count="0" type="stmt"/>
        <line num="87" count="0" type="cond" truecount="0" falsecount="4"/>
        <line num="88" count="0" type="stmt"/>
        <line num="91" count="0" type="cond" truecount="0" falsecount="4"/>
        <line num="92" count="0" type="stmt"/>
        <line num="95" count="2" type="cond" truecount="2" falsecount="1"/>
        <line num="97" count="2" type="stmt"/>
        <line num="98" count="2" type="stmt"/>
        <line num="99" count="2" type="cond" truecount="0" falsecount="1"/>
        <line num="100" count="2" type="cond" truecount="0" falsecount="1"/>
        <line num="101" count="2" type="stmt"/>
        <line num="110" count="1" type="stmt"/>
        <line num="112" count="1" type="stmt"/>
        <line num="113" count="1" type="stmt"/>
        <line num="114" count="1" type="stmt"/>
        <line num="115" count="1" type="stmt"/>
        <line num="116" count="1" type="stmt"/>
        <line num="117" count="1" type="stmt"/>
        <line num="118" count="1" type="stmt"/>
        <line num="120" count="1" type="stmt"/>
        <line num="121" count="11" type="cond" truecount="1" falsecount="0"/>
        <line num="122" count="10" type="stmt"/>
        <line num="123" count="10" type="stmt"/>
        <line num="124" count="10" type="stmt"/>
        <line num="125" count="10" type="stmt"/>
        <line num="127" count="10" type="stmt"/>
        <line num="131" count="1" type="stmt"/>
        <line num="132" count="1" type="stmt"/>
        <line num="136" count="1" type="cond" truecount="0" falsecount="1"/>
        <line num="137" count="1" type="cond" truecount="0" falsecount="1"/>
        <line num="138" count="1" type="cond" truecount="0" falsecount="1"/>
        <line num="139" count="1" type="cond" truecount="0" falsecount="1"/>
        <line num="140" count="1" type="cond" truecount="2" falsecount="1"/>
        <line num="142" count="1" type="cond" truecount="4" falsecount="0"/>
        <line num="145" count="1" type="stmt"/>
        <line num="146" count="1" type="stmt"/>
        <line num="148" count="1" type="cond" truecount="3" falsecount="0"/>
        <line num="149" count="0" type="cond" truecount="0" falsecount="1"/>
        <line num="151" count="0" type="stmt"/>
        <line num="155" count="2" type="stmt"/>
        <line num="156" count="2" type="stmt"/>
        <line num="157" count="2" type="stmt"/>
        <line num="159" count="2" type="cond" truecount="1" falsecount="0"/>
        <line num="160" count="1" type="stmt"/>
        <line num="161" count="1" type="stmt"/>
        <line num="162" count="1" type="stmt"/>
        <line num="165" count="1" type="cond" truecount="3" falsecount="0"/>
        <line num="166" count="1" type="stmt"/>
        <line num="167" count="1" type="stmt"/>
        <line num="168" count="1" type="stmt"/>
        <line num="170" count="1" type="cond" truecount="1" falsecount="0"/>
        <line num="171" count="1" type="stmt"/>
        <line num="172" count="1" type="stmt"/>
        <line num="175" count="1" type="cond" truecount="2" falsecount="1"/>
        <line num="176" count="0" type="stmt"/>
        <line num="177" count="0" type="stmt"/>
        <line num="178" count="0" type="stmt"/>
        <line num="180" count="0" type="cond" truecount="0" falsecount="1"/>
        <line num="181" count="0" type="stmt"/>
        <line num="182" count="0" type="stmt"/>
        <line num="186" count="1" type="stmt"/>
        <line num="187" count="1" type="stmt"/>
        <line num="188" count="1" type="stmt"/>
        <line num="189" count="1" type="stmt"/>
        <line num="191" count="0" type="stmt"/>
        <line num="202" count="85" type="stmt"/>
        <line num="204" count="85" type="stmt"/>
        <line num="205" count="85" type="stmt"/>
        <line num="206" count="85" type="stmt"/>
        <line num="207" count="85" type="stmt"/>
        <line num="208" count="85" type="stmt"/>
        <line num="209" count="85" type="cond" truecount="2" falsecount="1"/>
        <line num="210" count="0" type="stmt"/>
        <line num="213" count="85" type="cond" truecount="0" falsecount="1"/>
        <line num="214" count="85" type="cond" truecount="3" falsecount="0"/>
        <line num="215" count="5" type="stmt"/>
        <line num="218" count="85" type="stmt"/>
        <line num="228" count="85" type="stmt"/>
        <line num="230" count="85" type="cond" truecount="0" falsecount="1"/>
        <line num="231" count="85" type="cond" truecount="2" falsecount="0"/>
        <line num="232" count="85" type="cond" truecount="1" falsecount="1"/>
        <line num="233" count="85" type="cond" truecount="1" falsecount="1"/>
        <line num="234" count="85" type="cond" truecount="1" falsecount="1"/>
        <line num="235" count="85" type="cond" truecount="1" falsecount="1"/>
        <line num="237" count="85" type="stmt"/>
        <line num="247" count="1" type="stmt"/>
        <line num="248" count="1" type="cond" truecount="2" falsecount="1"/>
        <line num="249" count="1" type="stmt"/>
        <line num="253" count="85" type="cond" truecount="0" falsecount="1"/>
        <line num="254" count="85" type="cond" truecount="0" falsecount="1"/>
        <line num="255" count="85" type="cond" truecount="0" falsecount="1"/>
        <line num="256" count="85" type="cond" truecount="1" falsecount="0"/>
        <line num="257" count="3" type="stmt"/>
        <line num="260" count="85" type="cond" truecount="1" falsecount="0"/>
        <line num="261" count="4" type="stmt"/>
        <line num="263" count="85" type="stmt"/>
        <line num="264" count="85" type="stmt"/>
        <line num="268" count="85" type="cond" truecount="0" falsecount="1"/>
        <line num="269" count="85" type="cond" truecount="0" falsecount="1"/>
        <line num="270" count="85" type="stmt"/>
        <line num="272" count="85" type="cond" truecount="1" falsecount="0"/>
        <line num="273" count="3" type="stmt"/>
        <line num="275" count="85" type="cond" truecount="0" falsecount="1"/>
        <line num="276" count="85" type="cond" truecount="0" falsecount="1"/>
        <line num="277" count="85" type="stmt"/>
        <line num="281" count="261" type="stmt"/>
        <line num="282" count="261" type="stmt"/>
        <line num="286" count="85" type="cond" truecount="0" falsecount="1"/>
        <line num="287" count="85" type="stmt"/>
        <line num="289" count="85" type="cond" truecount="3" falsecount="0"/>
        <line num="290" count="5" type="stmt"/>
        <line num="293" count="85" type="cond" truecount="4" falsecount="0"/>
        <line num="295" count="1" type="stmt"/>
        <line num="299" count="85" type="cond" truecount="0" falsecount="1"/>
        <line num="300" count="85" type="stmt"/>
        <line num="301" count="85" type="cond" truecount="1" falsecount="0"/>
        <line num="305" count="90" type="stmt"/>
        <line num="306" count="90" type="cond" truecount="0" falsecount="1"/>
        <line num="307" count="90" type="cond" truecount="1" falsecount="0"/>
        <line num="308" count="1" type="stmt"/>
        <line num="309" count="1" type="stmt"/>
        <line num="312" count="89" type="cond" truecount="3" falsecount="0"/>
        <line num="313" count="6" type="stmt"/>
        <line num="314" count="6" type="stmt"/>
        <line num="315" count="6" type="stmt"/>
        <line num="318" count="89" type="cond" truecount="1" falsecount="0"/>
        <line num="319" count="3" type="stmt"/>
        <line num="322" count="89" type="cond" truecount="1" falsecount="0"/>
        <line num="323" count="7" type="stmt"/>
        <line num="326" count="89" type="stmt"/>
        <line num="330" count="85" type="cond" truecount="0" falsecount="1"/>
        <line num="331" count="85" type="cond" truecount="0" falsecount="1"/>
        <line num="332" count="85" type="stmt"/>
        <line num="333" count="85" type="stmt"/>
        <line num="334" count="85" type="cond" truecount="1" falsecount="0"/>
        <line num="335" count="5" type="stmt"/>
        <line num="336" count="5" type="stmt"/>
        <line num="341" count="90" type="stmt"/>
        <line num="342" count="90" type="cond" truecount="0" falsecount="1"/>
        <line num="343" count="90" type="stmt"/>
        <line num="344" count="90" type="stmt"/>
        <line num="345" count="90" type="stmt"/>
        <line num="349" count="4" type="stmt"/>
      </file>
    </package>
    <package name="src.components.Presenter">
      <metrics statements="16" coveredstatements="16" conditionals="0" coveredconditionals="0" methods="7" coveredmethods="7"/>
      <file name="Presenter.ts" path="C:\Code\Meta Slider\src\components\Presenter\Presenter.ts">
        <metrics statements="16" coveredstatements="16" conditionals="0" coveredconditionals="0" methods="7" coveredmethods="7"/>
        <line num="1" count="1" type="stmt"/>
        <line num="2" count="1" type="stmt"/>
        <line num="4" count="1" type="stmt"/>
        <line num="5" count="1" type="stmt"/>
        <line num="13" count="5" type="stmt"/>
        <line num="14" count="5" type="stmt"/>
        <line num="15" count="5" type="stmt"/>
        <line num="16" count="5" type="stmt"/>
        <line num="17" count="5" type="stmt"/>
        <line num="21" count="4" type="stmt"/>
        <line num="25" count="1" type="stmt"/>
        <line num="29" count="1" type="stmt"/>
        <line num="33" count="1" type="stmt"/>
        <line num="37" count="5" type="stmt"/>
        <line num="41" count="5" type="stmt"/>
        <line num="45" count="1" type="stmt"/>
      </file>
    </package>
    <package name="src.components.View">
      <metrics statements="35" coveredstatements="31" conditionals="12" coveredconditionals="7" methods="9" coveredmethods="7"/>
      <file name="View.ts" path="C:\Code\Meta Slider\src\components\View\View.ts">
        <metrics statements="35" coveredstatements="31" conditionals="12" coveredconditionals="7" methods="9" coveredmethods="7"/>
        <line num="1" count="2" type="stmt"/>
        <line num="2" count="2" type="stmt"/>
        <line num="4" count="2" type="stmt"/>
        <line num="13" count="25" type="stmt"/>
        <line num="14" count="25" type="stmt"/>
        <line num="15" count="25" type="stmt"/>
        <line num="19" count="1" type="cond" truecount="0" falsecount="1"/>
        <line num="20" count="1" type="stmt"/>
        <line num="24" count="1" type="cond" truecount="0" falsecount="1"/>
        <line num="25" count="0" type="stmt"/>
        <line num="27" count="1" type="cond" truecount="1" falsecount="0"/>
        <line num="28" count="1" type="stmt"/>
        <line num="33" count="2" type="stmt"/>
        <line num="37" count="1" type="stmt"/>
        <line num="41" count="0" type="stmt"/>
        <line num="45" count="0" type="stmt"/>
        <line num="49" count="25" type="stmt"/>
        <line num="50" count="25" type="stmt"/>
        <line num="51" count="25" type="stmt"/>
        <line num="52" count="25" type="stmt"/>
        <line num="53" count="25" type="stmt"/>
        <line num="57" count="25" type="cond" truecount="0" falsecount="1"/>
        <line num="58" count="25" type="cond" truecount="1" falsecount="0"/>
        <line num="59" count="25" type="stmt"/>
        <line num="63" count="25" type="stmt"/>
        <line num="66" count="25" type="cond" truecount="3" falsecount="0"/>
        <line num="67" count="3" type="stmt"/>
        <line num="71" count="3" type="stmt"/>
        <line num="74" count="25" type="cond" truecount="1" falsecount="0"/>
        <line num="75" count="25" type="stmt"/>
        <line num="76" count="25" type="cond" truecount="1" falsecount="2"/>
        <line num="78" count="0" type="stmt"/>
        <line num="81" count="25" type="stmt"/>
        <line num="82" count="25" type="stmt"/>
        <line num="86" count="2" type="stmt"/>
      </file>
    </package>
    <package name="src.components.View.subViews.Progress">
      <metrics statements="14" coveredstatements="14" conditionals="2" coveredconditionals="0" methods="3" coveredmethods="3"/>
      <file name="Progress.ts" path="C:\Code\Meta Slider\src\components\View\subViews\Progress\Progress.ts">
        <metrics statements="14" coveredstatements="14" conditionals="2" coveredconditionals="0" methods="3" coveredmethods="3"/>
        <line num="2" count="2" type="stmt"/>
        <line num="3" count="2" type="stmt"/>
        <line num="18" count="25" type="stmt"/>
        <line num="20" count="25" type="stmt"/>
        <line num="21" count="25" type="stmt"/>
        <line num="22" count="25" type="stmt"/>
        <line num="23" count="25" type="stmt"/>
        <line num="24" count="25" type="stmt"/>
        <line num="28" count="25" type="stmt"/>
        <line num="29" count="25" type="stmt"/>
        <line num="30" count="25" type="stmt"/>
        <line num="34" count="37" type="stmt"/>
        <line num="35" count="37" type="stmt"/>
        <line num="39" count="2" type="stmt"/>
      </file>
    </package>
    <package name="src.components.View.subViews.Scale">
      <metrics statements="26" coveredstatements="16" conditionals="8" coveredconditionals="2" methods="7" coveredmethods="5"/>
      <file name="Scale.ts" path="C:\Code\Meta Slider\src\components\View\subViews\Scale\Scale.ts">
        <metrics statements="26" coveredstatements="16" conditionals="8" coveredconditionals="2" methods="7" coveredmethods="5"/>
        <line num="1" count="2" type="stmt"/>
        <line num="2" count="2" type="stmt"/>
        <line num="3" count="2" type="stmt"/>
        <line num="9" count="25" type="stmt"/>
        <line num="11" count="25" type="stmt"/>
        <line num="12" count="25" type="stmt"/>
        <line num="13" count="25" type="stmt"/>
        <line num="17" count="25" type="cond" truecount="0" falsecount="1"/>
        <line num="18" count="25" type="stmt"/>
        <line num="22" count="25" type="cond" truecount="1" falsecount="0"/>
        <line num="23" count="25" type="cond" truecount="1" falsecount="0"/>
        <line num="24" count="25" type="stmt"/>
        <line num="25" count="25" type="stmt"/>
        <line num="29" count="25" type="stmt"/>
        <line num="33" count="25" type="stmt"/>
        <line num="37" count="0" type="stmt"/>
        <line num="38" count="0" type="cond" truecount="0" falsecount="1"/>
        <line num="39" count="0" type="cond" truecount="0" falsecount="1"/>
        <line num="41" count="0" type="stmt"/>
        <line num="43" count="0" type="stmt"/>
        <line num="44" count="0" type="stmt"/>
        <line num="46" count="0" type="cond" truecount="0" falsecount="3"/>
        <line num="47" count="0" type="stmt"/>
        <line num="51" count="0" type="stmt"/>
        <line num="56" count="0" type="stmt"/>
        <line num="60" count="2" type="stmt"/>
      </file>
    </package>
    <package name="src.components.View.subViews.ScaleMarks">
      <metrics statements="28" coveredstatements="3" conditionals="3" coveredconditionals="0" methods="7" coveredmethods="0"/>
      <file name="ScaleMarks.ts" path="C:\Code\Meta Slider\src\components\View\subViews\ScaleMarks\ScaleMarks.ts">
        <metrics statements="28" coveredstatements="3" conditionals="3" coveredconditionals="0" methods="7" coveredmethods="0"/>
        <line num="2" count="2" type="stmt"/>
        <line num="3" count="2" type="stmt"/>
        <line num="9" count="0" type="stmt"/>
        <line num="10" count="0" type="stmt"/>
        <line num="12" count="0" type="stmt"/>
        <line num="13" count="0" type="stmt"/>
        <line num="17" count="0" type="stmt"/>
        <line num="18" count="0" type="stmt"/>
        <line num="22" count="0" type="stmt"/>
        <line num="26" count="0" type="stmt"/>
        <line num="27" count="0" type="cond" truecount="0" falsecount="1"/>
        <line num="28" count="0" type="stmt"/>
        <line num="29" count="0" type="cond" truecount="0" falsecount="1"/>
        <line num="30" count="0" type="cond" truecount="0" falsecount="1"/>
        <line num="31" count="0" type="stmt"/>
        <line num="37" count="0" type="stmt"/>
        <line num="41" count="0" type="stmt"/>
        <line num="42" count="0" type="stmt"/>
        <line num="43" count="0" type="stmt"/>
        <line num="45" count="0" type="stmt"/>
        <line num="46" count="0" type="stmt"/>
        <line num="47" count="0" type="stmt"/>
        <line num="48" count="0" type="stmt"/>
        <line num="49" count="0" type="stmt"/>
        <line num="50" count="0" type="stmt"/>
        <line num="51" count="0" type="stmt"/>
        <line num="53" count="0" type="stmt"/>
        <line num="57" count="2" type="stmt"/>
      </file>
    </package>
    <package name="src.components.View.subViews.Slider">
      <metrics statements="136" coveredstatements="118" conditionals="154" coveredconditionals="97" methods="14" coveredmethods="13"/>
      <file name="Slider.ts" path="C:\Code\Meta Slider\src\components\View\subViews\Slider\Slider.ts">
        <metrics statements="136" coveredstatements="118" conditionals="154" coveredconditionals="97" methods="14" coveredmethods="13"/>
        <line num="1" count="2" type="stmt"/>
        <line num="2" count="2" type="stmt"/>
        <line num="9" count="2" type="stmt"/>
        <line num="10" count="2" type="stmt"/>
        <line num="11" count="2" type="stmt"/>
        <line num="12" count="2" type="stmt"/>
        <line num="13" count="2" type="stmt"/>
        <line num="14" count="2" type="stmt"/>
        <line num="15" count="2" type="stmt"/>
        <line num="52" count="25" type="stmt"/>
        <line num="53" count="25" type="stmt"/>
        <line num="55" count="25" type="stmt"/>
        <line num="61" count="25" type="stmt"/>
        <line num="68" count="25" type="stmt"/>
        <line num="76" count="25" type="stmt"/>
        <line num="87" count="25" type="stmt"/>
        <line num="88" count="25" type="stmt"/>
        <line num="89" count="25" type="stmt"/>
        <line num="93" count="25" type="stmt"/>
        <line num="94" count="25" type="stmt"/>
        <line num="95" count="25" type="stmt"/>
        <line num="102" count="0" type="cond" truecount="0" falsecount="1"/>
        <line num="103" count="0" type="cond" truecount="0" falsecount="3"/>
        <line num="104" count="0" type="stmt"/>
        <line num="105" count="0" type="stmt"/>
        <line num="106" count="0" type="stmt"/>
        <line num="108" count="0" type="cond" truecount="0" falsecount="2"/>
        <line num="109" count="0" type="stmt"/>
        <line num="110" count="0" type="stmt"/>
        <line num="112" count="0" type="stmt"/>
        <line num="123" count="26" type="stmt"/>
        <line num="125" count="26" type="stmt"/>
        <line num="126" count="26" type="stmt"/>
        <line num="127" count="26" type="stmt"/>
        <line num="135" count="26" type="cond" truecount="0" falsecount="1"/>
        <line num="136" count="26" type="cond" truecount="0" falsecount="1"/>
        <line num="137" count="26" type="cond" truecount="0" falsecount="1"/>
        <line num="139" count="26" type="stmt"/>
        <line num="140" count="26" type="stmt"/>
        <line num="142" count="26" type="cond" truecount="3" falsecount="0"/>
        <line num="143" count="3" type="stmt"/>
        <line num="144" count="3" type="cond" truecount="1" falsecount="2"/>
        <line num="145" count="0" type="stmt"/>
        <line num="149" count="26" type="cond" truecount="4" falsecount="0"/>
        <line num="150" count="3" type="stmt"/>
        <line num="151" count="3" type="stmt"/>
        <line num="156" count="28" type="cond" truecount="2" falsecount="0"/>
        <line num="157" count="28" type="cond" truecount="2" falsecount="1"/>
        <line num="158" count="28" type="cond" truecount="2" falsecount="1"/>
        <line num="159" count="0" type="stmt"/>
        <line num="160" count="28" type="stmt"/>
        <line num="169" count="26" type="cond" truecount="0" falsecount="1"/>
        <line num="170" count="26" type="cond" truecount="0" falsecount="1"/>
        <line num="172" count="26" type="stmt"/>
        <line num="173" count="26" type="cond" truecount="3" falsecount="0"/>
        <line num="174" count="20" type="stmt"/>
        <line num="175" count="20" type="cond" truecount="0" falsecount="1"/>
        <line num="176" count="20" type="stmt"/>
        <line num="182" count="26" type="cond" truecount="1" falsecount="1"/>
        <line num="183" count="0" type="cond" truecount="0" falsecount="4"/>
        <line num="184" count="0" type="cond" truecount="0" falsecount="4"/>
        <line num="186" count="26" type="cond" truecount="4" falsecount="0"/>
        <line num="189" count="26" type="cond" truecount="5" falsecount="0"/>
        <line num="191" count="3" type="stmt"/>
        <line num="192" count="3" type="stmt"/>
        <line num="200" count="23" type="cond" truecount="2" falsecount="0"/>
        <line num="201" count="23" type="cond" truecount="2" falsecount="0"/>
        <line num="202" count="23" type="cond" truecount="2" falsecount="0"/>
        <line num="204" count="23" type="cond" truecount="0" falsecount="1"/>
        <line num="205" count="23" type="cond" truecount="0" falsecount="1"/>
        <line num="206" count="23" type="cond" truecount="0" falsecount="1"/>
        <line num="208" count="23" type="cond" truecount="2" falsecount="1"/>
        <line num="209" count="23" type="cond" truecount="2" falsecount="1"/>
        <line num="210" count="0" type="stmt"/>
        <line num="212" count="23" type="stmt"/>
        <line num="225" count="51" type="cond" truecount="0" falsecount="1"/>
        <line num="226" count="51" type="cond" truecount="0" falsecount="1"/>
        <line num="227" count="51" type="cond" truecount="0" falsecount="1"/>
        <line num="228" count="51" type="cond" truecount="0" falsecount="1"/>
        <line num="230" count="51" type="stmt"/>
        <line num="231" count="51" type="cond" truecount="1" falsecount="0"/>
        <line num="232" count="25" type="cond" truecount="1" falsecount="1"/>
        <line num="234" count="25" type="cond" truecount="3" falsecount="1"/>
        <line num="236" count="0" type="stmt"/>
        <line num="237" count="25" type="stmt"/>
        <line num="244" count="51" type="cond" truecount="4" falsecount="0"/>
        <line num="245" count="3" type="cond" truecount="3" falsecount="1"/>
        <line num="250" count="51" type="cond" truecount="2" falsecount="1"/>
        <line num="251" count="0" type="cond" truecount="0" falsecount="4"/>
        <line num="253" count="51" type="cond" truecount="3" falsecount="0"/>
        <line num="254" count="34" type="cond" truecount="3" falsecount="1"/>
        <line num="259" count="25" type="cond" truecount="0" falsecount="1"/>
        <line num="260" count="25" type="stmt"/>
        <line num="261" count="25" type="stmt"/>
        <line num="262" count="25" type="stmt"/>
        <line num="277" count="25" type="stmt"/>
        <line num="279" count="25" type="cond" truecount="0" falsecount="1"/>
        <line num="280" count="25" type="stmt"/>
        <line num="281" count="25" type="cond" truecount="1" falsecount="0"/>
        <line num="283" count="25" type="cond" truecount="0" falsecount="1"/>
        <line num="284" count="25" type="cond" truecount="2" falsecount="0"/>
        <line num="285" count="25" type="cond" truecount="2" falsecount="0"/>
        <line num="286" count="25" type="cond" truecount="2" falsecount="0"/>
        <line num="287" count="25" type="cond" truecount="2" falsecount="0"/>
        <line num="288" count="25" type="cond" truecount="2" falsecount="0"/>
        <line num="289" count="25" type="cond" truecount="2" falsecount="0"/>
        <line num="290" count="25" type="stmt"/>
        <line num="291" count="25" type="stmt"/>
        <line num="293" count="25" type="cond" truecount="0" falsecount="1"/>
        <line num="294" count="25" type="stmt"/>
        <line num="298" count="25" type="cond" truecount="3" falsecount="1"/>
        <line num="299" count="0" type="stmt"/>
        <line num="300" count="25" type="cond" truecount="2" falsecount="1"/>
        <line num="301" count="25" type="cond" truecount="0" falsecount="1"/>
        <line num="303" count="25" type="stmt"/>
        <line num="308" count="25" type="stmt"/>
        <line num="309" count="25" type="stmt"/>
        <line num="310" count="25" type="stmt"/>
        <line num="312" count="25" type="cond" truecount="3" falsecount="0"/>
        <line num="313" count="3" type="stmt"/>
        <line num="316" count="25" type="cond" truecount="1" falsecount="0"/>
        <line num="317" count="20" type="stmt"/>
        <line num="320" count="25" type="cond" truecount="5" falsecount="0"/>
        <line num="322" count="3" type="stmt"/>
        <line num="325" count="25" type="cond" truecount="1" falsecount="0"/>
        <line num="326" count="25" type="stmt"/>
        <line num="329" count="25" type="cond" truecount="1" falsecount="2"/>
        <line num="330" count="0" type="stmt"/>
        <line num="339" count="25" type="cond" truecount="0" falsecount="1"/>
        <line num="340" count="25" type="cond" truecount="2" falsecount="1"/>
        <line num="341" count="25" type="stmt"/>
        <line num="345" count="26" type="cond" truecount="2" falsecount="1"/>
        <line num="346" count="26" type="cond" truecount="5" falsecount="0"/>
        <line num="349" count="6" type="stmt"/>
        <line num="351" count="20" type="cond" truecount="2" falsecount="1"/>
        <line num="357" count="2" type="stmt"/>
      </file>
    </package>
    <package name="src.components.View.subViews.SliderComponents">
      <metrics statements="35" coveredstatements="13" conditionals="8" coveredconditionals="8" methods="10" coveredmethods="2"/>
      <file name="SliderComponents.ts" path="C:\Code\Meta Slider\src\components\View\subViews\SliderComponents\SliderComponents.ts">
        <metrics statements="35" coveredstatements="13" conditionals="8" coveredconditionals="8" methods="10" coveredmethods="2"/>
        <line num="1" count="2" type="stmt"/>
        <line num="2" count="2" type="stmt"/>
        <line num="26" count="126" type="stmt"/>
        <line num="27" count="126" type="stmt"/>
        <line num="28" count="126" type="cond" truecount="2" falsecount="0"/>
        <line num="29" count="126" type="cond" truecount="2" falsecount="0"/>
        <line num="30" count="126" type="cond" truecount="2" falsecount="0"/>
        <line num="31" count="126" type="cond" truecount="2" falsecount="0"/>
        <line num="32" count="126" type="stmt"/>
        <line num="36" count="101" type="stmt"/>
        <line num="37" count="101" type="stmt"/>
        <line num="38" count="101" type="stmt"/>
        <line num="42" count="0" type="stmt"/>
        <line num="43" count="0" type="stmt"/>
        <line num="44" count="0" type="stmt"/>
        <line num="45" count="0" type="stmt"/>
        <line num="46" count="0" type="stmt"/>
        <line num="52" count="0" type="stmt"/>
        <line num="53" count="0" type="stmt"/>
        <line num="54" count="0" type="stmt"/>
        <line num="57" count="0" type="stmt"/>
        <line num="58" count="0" type="stmt"/>
        <line num="62" count="0" type="stmt"/>
        <line num="63" count="0" type="stmt"/>
        <line num="64" count="0" type="stmt"/>
        <line num="65" count="0" type="stmt"/>
        <line num="66" count="0" type="stmt"/>
        <line num="72" count="0" type="stmt"/>
        <line num="73" count="0" type="stmt"/>
        <line num="74" count="0" type="stmt"/>
        <line num="77" count="0" type="stmt"/>
        <line num="78" count="0" type="stmt"/>
        <line num="82" count="0" type="stmt"/>
        <line num="89" count="0" type="stmt"/>
        <line num="96" count="2" type="stmt"/>
      </file>
    </package>
    <package name="src.components.View.subViews.Thumb">
      <metrics statements="53" coveredstatements="32" conditionals="34" coveredconditionals="11" methods="10" coveredmethods="5"/>
      <file name="Thumb.ts" path="C:\Code\Meta Slider\src\components\View\subViews\Thumb\Thumb.ts">
        <metrics statements="53" coveredstatements="32" conditionals="34" coveredconditionals="11" methods="10" coveredmethods="5"/>
        <line num="2" count="2" type="stmt"/>
        <line num="3" count="2" type="stmt"/>
        <line num="20" count="28" type="stmt"/>
        <line num="22" count="28" type="stmt"/>
        <line num="23" count="28" type="stmt"/>
        <line num="24" count="28" type="stmt"/>
        <line num="26" count="28" type="stmt"/>
        <line num="27" count="28" type="stmt"/>
        <line num="28" count="28" type="stmt"/>
        <line num="29" count="28" type="stmt"/>
        <line num="33" count="28" type="stmt"/>
        <line num="34" count="28" type="stmt"/>
        <line num="35" count="28" type="stmt"/>
        <line num="36" count="28" type="stmt"/>
        <line num="37" count="28" type="stmt"/>
        <line num="38" count="28" type="stmt"/>
        <line num="42" count="57" type="stmt"/>
        <line num="43" count="57" type="stmt"/>
        <line num="44" count="57" type="cond" truecount="1" falsecount="0"/>
        <line num="45" count="57" type="stmt"/>
        <line num="50" count="0" type="stmt"/>
        <line num="54" count="0" type="stmt"/>
        <line num="58" count="57" type="cond" truecount="0" falsecount="1"/>
        <line num="59" count="57" type="cond" truecount="2" falsecount="1"/>
        <line num="60" count="0" type="stmt"/>
        <line num="62" count="57" type="cond" truecount="3" falsecount="0"/>
        <line num="63" count="51" type="stmt"/>
        <line num="65" count="57" type="cond" truecount="2" falsecount="1"/>
        <line num="66" count="0" type="stmt"/>
        <line num="68" count="57" type="cond" truecount="3" falsecount="0"/>
        <line num="69" count="6" type="stmt"/>
        <line num="74" count="28" type="cond" truecount="0" falsecount="1"/>
        <line num="75" count="28" type="stmt"/>
        <line num="76" count="28" type="stmt"/>
        <line num="77" count="28" type="stmt"/>
        <line num="84" count="0" type="stmt"/>
        <line num="85" count="0" type="cond" truecount="0" falsecount="1"/>
        <line num="86" count="0" type="stmt"/>
        <line num="87" count="0" type="stmt"/>
        <line num="89" count="0" type="stmt"/>
        <line num="93" count="0" type="stmt"/>
        <line num="94" count="0" type="cond" truecount="0" falsecount="1"/>
        <line num="95" count="0" type="stmt"/>
        <line num="97" count="0" type="stmt"/>
        <line num="98" count="0" type="stmt"/>
        <line num="102" count="0" type="stmt"/>
        <line num="103" count="0" type="stmt"/>
        <line num="104" count="0" type="cond" truecount="0" falsecount="5"/>
        <line num="105" count="0" type="cond" truecount="0" falsecount="5"/>
        <line num="106" count="0" type="stmt"/>
        <line num="109" count="0" type="cond" truecount="0" falsecount="5"/>
        <line num="110" count="0" type="stmt"/>
        <line num="115" count="2" type="stmt"/>
      </file>
    </package>
    <package name="src.components.View.subViews.Tip">
      <metrics statements="20" coveredstatements="18" conditionals="0" coveredconditionals="0" methods="7" coveredmethods="5"/>
      <file name="Tip.ts" path="C:\Code\Meta Slider\src\components\View\subViews\Tip\Tip.ts">
        <metrics statements="20" coveredstatements="18" conditionals="0" coveredconditionals="0" methods="7" coveredmethods="5"/>
        <line num="2" count="2" type="stmt"/>
        <line num="3" count="2" type="stmt"/>
        <line num="18" count="23" type="stmt"/>
        <line num="20" count="23" type="stmt"/>
        <line num="21" count="23" type="stmt"/>
        <line num="22" count="23" type="stmt"/>
        <line num="24" count="23" type="stmt"/>
        <line num="25" count="23" type="stmt"/>
        <line num="29" count="0" type="stmt"/>
        <line num="33" count="0" type="stmt"/>
        <line num="37" count="3" type="stmt"/>
        <line num="41" count="23" type="stmt"/>
        <line num="42" count="23" type="stmt"/>
        <line num="46" count="23" type="stmt"/>
        <line num="47" count="23" type="stmt"/>
        <line num="48" count="23" type="stmt"/>
        <line num="49" count="23" type="stmt"/>
        <line num="50" count="23" type="stmt"/>
        <line num="54" count="23" type="stmt"/>
        <line num="58" count="2" type="stmt"/>
      </file>
    </package>
  </project>
</coverage>
