{"C:\\Code\\Meta Slider\\demo-page\\Demo-page.ts": {"path":"C:\\Code\\Meta Slider\\demo-page\\Demo-page.ts","statementMap":{"0":{"start":{"line":1,"column":0},"end":{"line":1,"column":23}},"1":{"start":{"line":3,"column":0},"end":{"line":3,"column":23}},"2":{"start":{"line":4,"column":0},"end":{"line":4,"column":23}},"3":{"start":{"line":59,"column":4},"end":{"line":65,"column":6}},"4":{"start":{"line":67,"column":4},"end":{"line":74,"column":6}},"5":{"start":{"line":76,"column":4},"end":{"line":82,"column":6}},"6":{"start":{"line":84,"column":4},"end":{"line":84,"column":53}},"7":{"start":{"line":84,"column":32},"end":{"line":84,"column":53}},"8":{"start":{"line":86,"column":4},"end":{"line":86,"column":61}},"9":{"start":{"line":87,"column":4},"end":{"line":87,"column":77}},"10":{"start":{"line":88,"column":4},"end":{"line":88,"column":65}},"11":{"start":{"line":89,"column":4},"end":{"line":89,"column":67}},"12":{"start":{"line":90,"column":4},"end":{"line":90,"column":69}},"13":{"start":{"line":91,"column":4},"end":{"line":91,"column":16}},"14":{"start":{"line":95,"column":4},"end":{"line":95,"column":24}},"15":{"start":{"line":97,"column":4},"end":{"line":109,"column":6}},"16":{"start":{"line":111,"column":4},"end":{"line":111,"column":37}},"17":{"start":{"line":112,"column":4},"end":{"line":112,"column":22}},"18":{"start":{"line":114,"column":4},"end":{"line":114,"column":24}},"19":{"start":{"line":118,"column":4},"end":{"line":118,"column":39}},"20":{"start":{"line":118,"column":32},"end":{"line":118,"column":39}},"21":{"start":{"line":119,"column":4},"end":{"line":128,"column":null}},"22":{"start":{"line":120,"column":42},"end":{"line":120,"column":44}},"23":{"start":{"line":121,"column":6},"end":{"line":125,"column":9}},"24":{"start":{"line":122,"column":8},"end":{"line":124,"column":null}},"25":{"start":{"line":123,"column":10},"end":{"line":123,"column":27}},"26":{"start":{"line":127,"column":6},"end":{"line":127,"column":83}},"27":{"start":{"line":127,"column":30},"end":{"line":127,"column":81}},"28":{"start":{"line":130,"column":4},"end":{"line":130,"column":85}},"29":{"start":{"line":131,"column":4},"end":{"line":131,"column":73}},"30":{"start":{"line":132,"column":4},"end":{"line":139,"column":null}},"31":{"start":{"line":133,"column":6},"end":{"line":133,"column":76}},"32":{"start":{"line":134,"column":6},"end":{"line":138,"column":8}},"33":{"start":{"line":143,"column":4},"end":{"line":143,"column":39}},"34":{"start":{"line":143,"column":32},"end":{"line":143,"column":39}},"35":{"start":{"line":145,"column":4},"end":{"line":145,"column":27}},"36":{"start":{"line":146,"column":4},"end":{"line":146,"column":76}},"37":{"start":{"line":146,"column":69},"end":{"line":146,"column":76}},"38":{"start":{"line":147,"column":23},"end":{"line":147,"column":24}},"39":{"start":{"line":148,"column":4},"end":{"line":169,"column":null}},"40":{"start":{"line":149,"column":23},"end":{"line":149,"column":37}},"41":{"start":{"line":150,"column":20},"end":{"line":150,"column":51}},"42":{"start":{"line":151,"column":6},"end":{"line":151,"column":38}},"43":{"start":{"line":151,"column":31},"end":{"line":151,"column":38}},"44":{"start":{"line":152,"column":25},"end":{"line":152,"column":52}},"45":{"start":{"line":154,"column":6},"end":{"line":160,"column":null}},"46":{"start":{"line":155,"column":8},"end":{"line":155,"column":35}},"47":{"start":{"line":156,"column":13},"end":{"line":160,"column":null}},"48":{"start":{"line":157,"column":8},"end":{"line":157,"column":41}},"49":{"start":{"line":159,"column":8},"end":{"line":159,"column":30}},"50":{"start":{"line":161,"column":6},"end":{"line":168,"column":null}},"51":{"start":{"line":162,"column":8},"end":{"line":162,"column":52}},"52":{"start":{"line":163,"column":8},"end":{"line":166,"column":null}},"53":{"start":{"line":164,"column":10},"end":{"line":164,"column":64}},"54":{"start":{"line":164,"column":32},"end":{"line":164,"column":64}},"55":{"start":{"line":165,"column":10},"end":{"line":165,"column":49}},"56":{"start":{"line":167,"column":8},"end":{"line":167,"column":26}},"57":{"start":{"line":171,"column":4},"end":{"line":171,"column":27}},"58":{"start":{"line":175,"column":4},"end":{"line":175,"column":39}},"59":{"start":{"line":175,"column":32},"end":{"line":175,"column":39}},"60":{"start":{"line":176,"column":4},"end":{"line":178,"column":null}},"61":{"start":{"line":177,"column":6},"end":{"line":177,"column":75}},"62":{"start":{"line":182,"column":4},"end":{"line":182,"column":39}},"63":{"start":{"line":182,"column":32},"end":{"line":182,"column":39}},"64":{"start":{"line":183,"column":4},"end":{"line":183,"column":34}},"65":{"start":{"line":183,"column":27},"end":{"line":183,"column":34}},"66":{"start":{"line":184,"column":4},"end":{"line":184,"column":60}},"67":{"start":{"line":188,"column":4},"end":{"line":188,"column":39}},"68":{"start":{"line":188,"column":32},"end":{"line":188,"column":39}},"69":{"start":{"line":189,"column":4},"end":{"line":189,"column":44}},"70":{"start":{"line":189,"column":37},"end":{"line":189,"column":44}},"71":{"start":{"line":190,"column":4},"end":{"line":190,"column":83}},"72":{"start":{"line":191,"column":4},"end":{"line":191,"column":33}},"73":{"start":{"line":193,"column":4},"end":{"line":193,"column":74}},"74":{"start":{"line":194,"column":4},"end":{"line":194,"column":68}},"75":{"start":{"line":195,"column":4},"end":{"line":195,"column":31}},"76":{"start":{"line":195,"column":24},"end":{"line":195,"column":31}},"77":{"start":{"line":197,"column":6},"end":{"line":197,"column":71}},"78":{"start":{"line":198,"column":4},"end":{"line":198,"column":52}},"79":{"start":{"line":198,"column":45},"end":{"line":198,"column":52}},"80":{"start":{"line":199,"column":4},"end":{"line":199,"column":50}},"81":{"start":{"line":200,"column":4},"end":{"line":200,"column":39}},"82":{"start":{"line":203,"column":6},"end":{"line":203,"column":71}},"83":{"start":{"line":204,"column":4},"end":{"line":204,"column":50}},"84":{"start":{"line":205,"column":4},"end":{"line":205,"column":39}},"85":{"start":{"line":208,"column":6},"end":{"line":208,"column":72}},"86":{"start":{"line":209,"column":4},"end":{"line":209,"column":52}},"87":{"start":{"line":210,"column":4},"end":{"line":210,"column":41}},"88":{"start":{"line":213,"column":6},"end":{"line":213,"column":72}},"89":{"start":{"line":214,"column":4},"end":{"line":214,"column":52}},"90":{"start":{"line":216,"column":4},"end":{"line":216,"column":48}},"91":{"start":{"line":217,"column":4},"end":{"line":217,"column":46}},"92":{"start":{"line":220,"column":6},"end":{"line":220,"column":70}},"93":{"start":{"line":221,"column":4},"end":{"line":221,"column":48}},"94":{"start":{"line":222,"column":4},"end":{"line":222,"column":46}},"95":{"start":{"line":223,"column":4},"end":{"line":223,"column":42}},"96":{"start":{"line":226,"column":6},"end":{"line":226,"column":71}},"97":{"start":{"line":227,"column":4},"end":{"line":227,"column":65}},"98":{"start":{"line":227,"column":19},"end":{"line":227,"column":65}},"99":{"start":{"line":228,"column":4},"end":{"line":228,"column":51}},"100":{"start":{"line":231,"column":6},"end":{"line":231,"column":73}},"101":{"start":{"line":233,"column":4},"end":{"line":233,"column":52}},"102":{"start":{"line":233,"column":45},"end":{"line":233,"column":52}},"103":{"start":{"line":234,"column":4},"end":{"line":234,"column":48}},"104":{"start":{"line":235,"column":4},"end":{"line":235,"column":57}},"105":{"start":{"line":235,"column":37},"end":{"line":235,"column":57}},"106":{"start":{"line":236,"column":4},"end":{"line":236,"column":57}},"107":{"start":{"line":236,"column":38},"end":{"line":236,"column":57}},"108":{"start":{"line":237,"column":4},"end":{"line":237,"column":45}},"109":{"start":{"line":240,"column":6},"end":{"line":240,"column":73}},"110":{"start":{"line":241,"column":4},"end":{"line":241,"column":48}},"111":{"start":{"line":242,"column":4},"end":{"line":242,"column":58}},"112":{"start":{"line":242,"column":37},"end":{"line":242,"column":58}},"113":{"start":{"line":243,"column":4},"end":{"line":243,"column":58}},"114":{"start":{"line":243,"column":38},"end":{"line":243,"column":58}},"115":{"start":{"line":244,"column":4},"end":{"line":244,"column":48}},"116":{"start":{"line":247,"column":6},"end":{"line":247,"column":71}},"117":{"start":{"line":248,"column":4},"end":{"line":248,"column":44}},"118":{"start":{"line":249,"column":4},"end":{"line":249,"column":41}},"119":{"start":{"line":252,"column":6},"end":{"line":252,"column":76}},"120":{"start":{"line":253,"column":4},"end":{"line":253,"column":54}},"121":{"start":{"line":254,"column":4},"end":{"line":254,"column":51}},"122":{"start":{"line":257,"column":6},"end":{"line":257,"column":76}},"123":{"start":{"line":258,"column":4},"end":{"line":258,"column":54}},"124":{"start":{"line":259,"column":4},"end":{"line":259,"column":51}},"125":{"start":{"line":261,"column":4},"end":{"line":263,"column":null}},"126":{"start":{"line":262,"column":6},"end":{"line":262,"column":83}},"127":{"start":{"line":267,"column":4},"end":{"line":267,"column":47}},"128":{"start":{"line":267,"column":40},"end":{"line":267,"column":47}},"129":{"start":{"line":268,"column":4},"end":{"line":287,"column":7}},"130":{"start":{"line":269,"column":6},"end":{"line":269,"column":41}},"131":{"start":{"line":269,"column":34},"end":{"line":269,"column":41}},"132":{"start":{"line":270,"column":22},"end":{"line":270,"column":93}},"133":{"start":{"line":271,"column":6},"end":{"line":286,"column":null}},"134":{"start":{"line":272,"column":8},"end":{"line":272,"column":46}},"135":{"start":{"line":272,"column":39},"end":{"line":272,"column":46}},"136":{"start":{"line":273,"column":8},"end":{"line":275,"column":null}},"137":{"start":{"line":274,"column":10},"end":{"line":274,"column":62}},"138":{"start":{"line":277,"column":8},"end":{"line":283,"column":null}},"139":{"start":{"line":278,"column":10},"end":{"line":282,"column":null}},"140":{"start":{"line":279,"column":12},"end":{"line":279,"column":35}},"141":{"start":{"line":281,"column":12},"end":{"line":281,"column":36}},"142":{"start":{"line":285,"column":8},"end":{"line":285,"column":28}},"143":{"start":{"line":291,"column":4},"end":{"line":291,"column":27}},"144":{"start":{"line":292,"column":4},"end":{"line":292,"column":22}},"145":{"start":{"line":293,"column":4},"end":{"line":293,"column":27}},"146":{"start":{"line":297,"column":4},"end":{"line":297,"column":39}},"147":{"start":{"line":297,"column":32},"end":{"line":297,"column":39}},"148":{"start":{"line":298,"column":4},"end":{"line":298,"column":27}},"149":{"start":{"line":299,"column":30},"end":{"line":301,"column":5}},"150":{"start":{"line":300,"column":6},"end":{"line":300,"column":24}},"151":{"start":{"line":302,"column":28},"end":{"line":307,"column":5}},"152":{"start":{"line":303,"column":6},"end":{"line":303,"column":41}},"153":{"start":{"line":303,"column":34},"end":{"line":303,"column":41}},"154":{"start":{"line":304,"column":6},"end":{"line":304,"column":78}},"155":{"start":{"line":305,"column":6},"end":{"line":305,"column":74}},"156":{"start":{"line":306,"column":6},"end":{"line":306,"column":29}},"157":{"start":{"line":309,"column":4},"end":{"line":309,"column":73}},"158":{"start":{"line":310,"column":4},"end":{"line":310,"column":69}},"159":{"start":{"line":314,"column":4},"end":{"line":314,"column":27}},"160":{"start":{"line":316,"column":20},"end":{"line":316,"column":21}},"161":{"start":{"line":317,"column":4},"end":{"line":319,"column":null}},"162":{"start":{"line":318,"column":6},"end":{"line":318,"column":24}},"163":{"start":{"line":321,"column":4},"end":{"line":321,"column":27}},"164":{"start":{"line":325,"column":4},"end":{"line":325,"column":27}},"165":{"start":{"line":326,"column":38},"end":{"line":329,"column":5}},"166":{"start":{"line":327,"column":6},"end":{"line":327,"column":35}},"167":{"start":{"line":328,"column":6},"end":{"line":328,"column":24}},"168":{"start":{"line":331,"column":41},"end":{"line":335,"column":5}},"169":{"start":{"line":332,"column":6},"end":{"line":332,"column":75}},"170":{"start":{"line":333,"column":6},"end":{"line":333,"column":77}},"171":{"start":{"line":334,"column":6},"end":{"line":334,"column":29}},"172":{"start":{"line":337,"column":4},"end":{"line":337,"column":70}},"173":{"start":{"line":338,"column":4},"end":{"line":338,"column":72}},"174":{"start":{"line":342,"column":0},"end":{"line":342,"column":80}},"175":{"start":{"line":342,"column":61},"end":{"line":342,"column":78}}},"fnMap":{"0":{"name":"(anonymous_1)","decl":{"start":{"line":58,"column":2},"end":{"line":58,"column":14}},"loc":{"start":{"line":58,"column":27},"end":{"line":92,"column":3}}},"1":{"name":"(anonymous_2)","decl":{"start":{"line":94,"column":10},"end":{"line":94,"column":14}},"loc":{"start":{"line":94,"column":14},"end":{"line":115,"column":3}}},"2":{"name":"(anonymous_3)","decl":{"start":{"line":117,"column":10},"end":{"line":117,"column":22}},"loc":{"start":{"line":117,"column":22},"end":{"line":140,"column":3}}},"3":{"name":"(anonymous_4)","decl":{"start":{"line":121,"column":66},"end":{"line":121,"column":67}},"loc":{"start":{"line":121,"column":72},"end":{"line":125,"column":7}}},"4":{"name":"(anonymous_5)","decl":{"start":{"line":127,"column":23},"end":{"line":127,"column":24}},"loc":{"start":{"line":127,"column":30},"end":{"line":127,"column":81}}},"5":{"name":"(anonymous_6)","decl":{"start":{"line":142,"column":10},"end":{"line":142,"column":26}},"loc":{"start":{"line":142,"column":40},"end":{"line":172,"column":3}}},"6":{"name":"(anonymous_7)","decl":{"start":{"line":174,"column":10},"end":{"line":174,"column":25}},"loc":{"start":{"line":174,"column":25},"end":{"line":179,"column":3}}},"7":{"name":"(anonymous_8)","decl":{"start":{"line":181,"column":10},"end":{"line":181,"column":19}},"loc":{"start":{"line":181,"column":44},"end":{"line":185,"column":3}}},"8":{"name":"(anonymous_9)","decl":{"start":{"line":187,"column":10},"end":{"line":187,"column":22}},"loc":{"start":{"line":187,"column":22},"end":{"line":264,"column":3}}},"9":{"name":"(anonymous_10)","decl":{"start":{"line":266,"column":10},"end":{"line":266,"column":20}},"loc":{"start":{"line":266,"column":20},"end":{"line":288,"column":3}}},"10":{"name":"(anonymous_11)","decl":{"start":{"line":268,"column":29},"end":{"line":268,"column":30}},"loc":{"start":{"line":268,"column":64},"end":{"line":287,"column":5}}},"11":{"name":"(anonymous_12)","decl":{"start":{"line":290,"column":10},"end":{"line":290,"column":28}},"loc":{"start":{"line":290,"column":28},"end":{"line":294,"column":3}}},"12":{"name":"(anonymous_13)","decl":{"start":{"line":296,"column":10},"end":{"line":296,"column":34}},"loc":{"start":{"line":296,"column":34},"end":{"line":311,"column":3}}},"13":{"name":"(anonymous_14)","decl":{"start":{"line":299,"column":30},"end":{"line":299,"column":33}},"loc":{"start":{"line":299,"column":35},"end":{"line":301,"column":5}}},"14":{"name":"(anonymous_15)","decl":{"start":{"line":302,"column":28},"end":{"line":302,"column":31}},"loc":{"start":{"line":302,"column":33},"end":{"line":307,"column":5}}},"15":{"name":"(anonymous_16)","decl":{"start":{"line":313,"column":10},"end":{"line":313,"column":29}},"loc":{"start":{"line":313,"column":46},"end":{"line":322,"column":3}}},"16":{"name":"(anonymous_17)","decl":{"start":{"line":324,"column":10},"end":{"line":324,"column":30}},"loc":{"start":{"line":324,"column":30},"end":{"line":339,"column":3}}},"17":{"name":"(anonymous_18)","decl":{"start":{"line":326,"column":38},"end":{"line":326,"column":39}},"loc":{"start":{"line":326,"column":56},"end":{"line":329,"column":5}}},"18":{"name":"(anonymous_19)","decl":{"start":{"line":331,"column":41},"end":{"line":331,"column":44}},"loc":{"start":{"line":331,"column":46},"end":{"line":335,"column":5}}},"19":{"name":"(anonymous_20)","decl":{"start":{"line":342,"column":54},"end":{"line":342,"column":55}},"loc":{"start":{"line":342,"column":61},"end":{"line":342,"column":78}}}},"branchMap":{"0":{"loc":{"start":{"line":84,"column":4},"end":{"line":84,"column":53}},"type":"if","locations":[{"start":{"line":84,"column":4},"end":{"line":84,"column":53}}]},"1":{"loc":{"start":{"line":100,"column":17},"end":{"line":100,"column":48}},"type":"binary-expr","locations":[{"start":{"line":100,"column":17},"end":{"line":100,"column":43}},{"start":{"line":100,"column":47},"end":{"line":100,"column":48}}]},"2":{"loc":{"start":{"line":101,"column":15},"end":{"line":101,"column":44}},"type":"binary-expr","locations":[{"start":{"line":101,"column":15},"end":{"line":101,"column":39}},{"start":{"line":101,"column":43},"end":{"line":101,"column":44}}]},"3":{"loc":{"start":{"line":102,"column":12},"end":{"line":102,"column":43}},"type":"binary-expr","locations":[{"start":{"line":102,"column":12},"end":{"line":102,"column":38}},{"start":{"line":102,"column":42},"end":{"line":102,"column":43}}]},"4":{"loc":{"start":{"line":103,"column":23},"end":{"line":103,"column":53}},"type":"binary-expr","locations":[{"start":{"line":103,"column":23},"end":{"line":103,"column":48}},{"start":{"line":103,"column":52},"end":{"line":103,"column":53}}]},"5":{"loc":{"start":{"line":118,"column":4},"end":{"line":118,"column":39}},"type":"if","locations":[{"start":{"line":118,"column":4},"end":{"line":118,"column":39}}]},"6":{"loc":{"start":{"line":119,"column":4},"end":{"line":128,"column":null}},"type":"if","locations":[{"start":{"line":119,"column":4},"end":{"line":128,"column":null}}]},"7":{"loc":{"start":{"line":119,"column":8},"end":{"line":119,"column":61}},"type":"binary-expr","locations":[{"start":{"line":119,"column":8},"end":{"line":119,"column":35}},{"start":{"line":119,"column":39},"end":{"line":119,"column":61}}]},"8":{"loc":{"start":{"line":122,"column":8},"end":{"line":124,"column":null}},"type":"if","locations":[{"start":{"line":122,"column":8},"end":{"line":124,"column":null}}]},"9":{"loc":{"start":{"line":130,"column":4},"end":{"line":130,"column":84}},"type":"cond-expr","locations":[{"start":{"line":130,"column":20},"end":{"line":130,"column":22}},{"start":{"line":130,"column":20},"end":{"line":130,"column":84}}]},"10":{"loc":{"start":{"line":130,"column":4},"end":{"line":130,"column":22}},"type":"binary-expr","locations":[{"start":{"line":130,"column":4},"end":{"line":130,"column":22}},{"start":{"line":130,"column":20},"end":{"line":130,"column":22}}]},"11":{"loc":{"start":{"line":131,"column":4},"end":{"line":131,"column":72}},"type":"cond-expr","locations":[{"start":{"line":131,"column":20},"end":{"line":131,"column":22}},{"start":{"line":131,"column":20},"end":{"line":131,"column":72}}]},"12":{"loc":{"start":{"line":131,"column":4},"end":{"line":131,"column":22}},"type":"binary-expr","locations":[{"start":{"line":131,"column":4},"end":{"line":131,"column":22}},{"start":{"line":131,"column":20},"end":{"line":131,"column":22}}]},"13":{"loc":{"start":{"line":132,"column":4},"end":{"line":139,"column":null}},"type":"if","locations":[{"start":{"line":132,"column":4},"end":{"line":139,"column":null}}]},"14":{"loc":{"start":{"line":133,"column":6},"end":{"line":133,"column":75}},"type":"cond-expr","locations":[{"start":{"line":133,"column":20},"end":{"line":133,"column":22}},{"start":{"line":133,"column":20},"end":{"line":133,"column":75}}]},"15":{"loc":{"start":{"line":133,"column":6},"end":{"line":133,"column":22}},"type":"binary-expr","locations":[{"start":{"line":133,"column":6},"end":{"line":133,"column":22}},{"start":{"line":133,"column":20},"end":{"line":133,"column":22}}]},"16":{"loc":{"start":{"line":134,"column":6},"end":{"line":137,"column":null}},"type":"cond-expr","locations":[{"start":{"line":134,"column":20},"end":{"line":134,"column":22}},{"start":{"line":134,"column":20},"end":{"line":137,"column":null}}]},"17":{"loc":{"start":{"line":134,"column":6},"end":{"line":134,"column":22}},"type":"binary-expr","locations":[{"start":{"line":134,"column":6},"end":{"line":134,"column":22}},{"start":{"line":134,"column":20},"end":{"line":134,"column":22}}]},"18":{"loc":{"start":{"line":143,"column":4},"end":{"line":143,"column":39}},"type":"if","locations":[{"start":{"line":143,"column":4},"end":{"line":143,"column":39}}]},"19":{"loc":{"start":{"line":146,"column":4},"end":{"line":146,"column":76}},"type":"if","locations":[{"start":{"line":146,"column":4},"end":{"line":146,"column":76}}]},"20":{"loc":{"start":{"line":146,"column":8},"end":{"line":146,"column":67}},"type":"binary-expr","locations":[{"start":{"line":146,"column":8},"end":{"line":146,"column":38}},{"start":{"line":146,"column":42},"end":{"line":146,"column":67}}]},"21":{"loc":{"start":{"line":148,"column":4},"end":{"line":169,"column":null}},"type":"if","locations":[{"start":{"line":148,"column":4},"end":{"line":169,"column":null}}]},"22":{"loc":{"start":{"line":151,"column":6},"end":{"line":151,"column":38}},"type":"if","locations":[{"start":{"line":151,"column":6},"end":{"line":151,"column":38}}]},"23":{"loc":{"start":{"line":154,"column":6},"end":{"line":160,"column":null}},"type":"if","locations":[{"start":{"line":154,"column":6},"end":{"line":160,"column":null}},{"start":{"line":156,"column":13},"end":{"line":160,"column":null}}]},"24":{"loc":{"start":{"line":156,"column":13},"end":{"line":160,"column":null}},"type":"if","locations":[{"start":{"line":156,"column":13},"end":{"line":160,"column":null}},{"start":{"line":158,"column":13},"end":{"line":160,"column":null}}]},"25":{"loc":{"start":{"line":161,"column":6},"end":{"line":168,"column":null}},"type":"if","locations":[{"start":{"line":161,"column":6},"end":{"line":168,"column":null}}]},"26":{"loc":{"start":{"line":163,"column":8},"end":{"line":166,"column":null}},"type":"if","locations":[{"start":{"line":163,"column":8},"end":{"line":166,"column":null}}]},"27":{"loc":{"start":{"line":163,"column":12},"end":{"line":163,"column":56}},"type":"binary-expr","locations":[{"start":{"line":163,"column":12},"end":{"line":163,"column":33}},{"start":{"line":163,"column":37},"end":{"line":163,"column":56}}]},"28":{"loc":{"start":{"line":164,"column":10},"end":{"line":164,"column":64}},"type":"if","locations":[{"start":{"line":164,"column":10},"end":{"line":164,"column":64}}]},"29":{"loc":{"start":{"line":175,"column":4},"end":{"line":175,"column":39}},"type":"if","locations":[{"start":{"line":175,"column":4},"end":{"line":175,"column":39}}]},"30":{"loc":{"start":{"line":176,"column":4},"end":{"line":178,"column":null}},"type":"if","locations":[{"start":{"line":176,"column":4},"end":{"line":178,"column":null}}]},"31":{"loc":{"start":{"line":176,"column":8},"end":{"line":176,"column":71}},"type":"binary-expr","locations":[{"start":{"line":176,"column":8},"end":{"line":176,"column":40}},{"start":{"line":176,"column":44},"end":{"line":176,"column":71}}]},"32":{"loc":{"start":{"line":182,"column":4},"end":{"line":182,"column":39}},"type":"if","locations":[{"start":{"line":182,"column":4},"end":{"line":182,"column":39}}]},"33":{"loc":{"start":{"line":183,"column":4},"end":{"line":183,"column":34}},"type":"if","locations":[{"start":{"line":183,"column":4},"end":{"line":183,"column":34}}]},"34":{"loc":{"start":{"line":188,"column":4},"end":{"line":188,"column":39}},"type":"if","locations":[{"start":{"line":188,"column":4},"end":{"line":188,"column":39}}]},"35":{"loc":{"start":{"line":189,"column":4},"end":{"line":189,"column":44}},"type":"if","locations":[{"start":{"line":189,"column":4},"end":{"line":189,"column":44}}]},"36":{"loc":{"start":{"line":195,"column":4},"end":{"line":195,"column":31}},"type":"if","locations":[{"start":{"line":195,"column":4},"end":{"line":195,"column":31}}]},"37":{"loc":{"start":{"line":198,"column":4},"end":{"line":198,"column":52}},"type":"if","locations":[{"start":{"line":198,"column":4},"end":{"line":198,"column":52}}]},"38":{"loc":{"start":{"line":227,"column":4},"end":{"line":227,"column":65}},"type":"if","locations":[{"start":{"line":227,"column":4},"end":{"line":227,"column":65}}]},"39":{"loc":{"start":{"line":233,"column":4},"end":{"line":233,"column":52}},"type":"if","locations":[{"start":{"line":233,"column":4},"end":{"line":233,"column":52}}]},"40":{"loc":{"start":{"line":235,"column":4},"end":{"line":235,"column":57}},"type":"if","locations":[{"start":{"line":235,"column":4},"end":{"line":235,"column":57}}]},"41":{"loc":{"start":{"line":236,"column":4},"end":{"line":236,"column":57}},"type":"if","locations":[{"start":{"line":236,"column":4},"end":{"line":236,"column":57}}]},"42":{"loc":{"start":{"line":242,"column":4},"end":{"line":242,"column":58}},"type":"if","locations":[{"start":{"line":242,"column":4},"end":{"line":242,"column":58}}]},"43":{"loc":{"start":{"line":243,"column":4},"end":{"line":243,"column":58}},"type":"if","locations":[{"start":{"line":243,"column":4},"end":{"line":243,"column":58}}]},"44":{"loc":{"start":{"line":261,"column":4},"end":{"line":263,"column":null}},"type":"if","locations":[{"start":{"line":261,"column":4},"end":{"line":263,"column":null}}]},"45":{"loc":{"start":{"line":261,"column":8},"end":{"line":261,"column":67}},"type":"cond-expr","locations":[{"start":{"line":261,"column":24},"end":{"line":261,"column":26}},{"start":{"line":261,"column":24},"end":{"line":261,"column":67}}]},"46":{"loc":{"start":{"line":261,"column":8},"end":{"line":261,"column":26}},"type":"binary-expr","locations":[{"start":{"line":261,"column":8},"end":{"line":261,"column":26}},{"start":{"line":261,"column":24},"end":{"line":261,"column":26}}]},"47":{"loc":{"start":{"line":262,"column":23},"end":{"line":262,"column":82}},"type":"cond-expr","locations":[{"start":{"line":262,"column":39},"end":{"line":262,"column":41}},{"start":{"line":262,"column":39},"end":{"line":262,"column":82}}]},"48":{"loc":{"start":{"line":262,"column":23},"end":{"line":262,"column":41}},"type":"binary-expr","locations":[{"start":{"line":262,"column":23},"end":{"line":262,"column":41}},{"start":{"line":262,"column":39},"end":{"line":262,"column":41}}]},"49":{"loc":{"start":{"line":267,"column":4},"end":{"line":267,"column":47}},"type":"if","locations":[{"start":{"line":267,"column":4},"end":{"line":267,"column":47}}]},"50":{"loc":{"start":{"line":269,"column":6},"end":{"line":269,"column":41}},"type":"if","locations":[{"start":{"line":269,"column":6},"end":{"line":269,"column":41}}]},"51":{"loc":{"start":{"line":270,"column":22},"end":{"line":270,"column":93}},"type":"cond-expr","locations":[{"start":{"line":270,"column":35},"end":{"line":270,"column":37}},{"start":{"line":270,"column":35},"end":{"line":270,"column":93}}]},"52":{"loc":{"start":{"line":270,"column":22},"end":{"line":270,"column":37}},"type":"binary-expr","locations":[{"start":{"line":270,"column":22},"end":{"line":270,"column":37}},{"start":{"line":270,"column":35},"end":{"line":270,"column":37}}]},"53":{"loc":{"start":{"line":271,"column":6},"end":{"line":286,"column":null}},"type":"if","locations":[{"start":{"line":271,"column":6},"end":{"line":286,"column":null}}]},"54":{"loc":{"start":{"line":272,"column":8},"end":{"line":272,"column":46}},"type":"if","locations":[{"start":{"line":272,"column":8},"end":{"line":272,"column":46}}]},"55":{"loc":{"start":{"line":273,"column":8},"end":{"line":275,"column":null}},"type":"if","locations":[{"start":{"line":273,"column":8},"end":{"line":275,"column":null}}]},"56":{"loc":{"start":{"line":273,"column":12},"end":{"line":273,"column":68}},"type":"binary-expr","locations":[{"start":{"line":273,"column":12},"end":{"line":273,"column":19}},{"start":{"line":273,"column":23},"end":{"line":273,"column":68}}]},"57":{"loc":{"start":{"line":277,"column":8},"end":{"line":283,"column":null}},"type":"if","locations":[{"start":{"line":277,"column":8},"end":{"line":283,"column":null}}]},"58":{"loc":{"start":{"line":277,"column":12},"end":{"line":277,"column":69}},"type":"binary-expr","locations":[{"start":{"line":277,"column":12},"end":{"line":277,"column":19}},{"start":{"line":277,"column":23},"end":{"line":277,"column":69}}]},"59":{"loc":{"start":{"line":278,"column":10},"end":{"line":282,"column":null}},"type":"if","locations":[{"start":{"line":278,"column":10},"end":{"line":282,"column":null}},{"start":{"line":280,"column":17},"end":{"line":282,"column":null}}]},"60":{"loc":{"start":{"line":297,"column":4},"end":{"line":297,"column":39}},"type":"if","locations":[{"start":{"line":297,"column":4},"end":{"line":297,"column":39}}]},"61":{"loc":{"start":{"line":303,"column":6},"end":{"line":303,"column":41}},"type":"if","locations":[{"start":{"line":303,"column":6},"end":{"line":303,"column":41}}]},"62":{"loc":{"start":{"line":304,"column":6},"end":{"line":304,"column":77}},"type":"cond-expr","locations":[{"start":{"line":304,"column":22},"end":{"line":304,"column":24}},{"start":{"line":304,"column":22},"end":{"line":304,"column":77}}]},"63":{"loc":{"start":{"line":304,"column":6},"end":{"line":304,"column":24}},"type":"binary-expr","locations":[{"start":{"line":304,"column":6},"end":{"line":304,"column":24}},{"start":{"line":304,"column":22},"end":{"line":304,"column":24}}]},"64":{"loc":{"start":{"line":305,"column":6},"end":{"line":305,"column":73}},"type":"cond-expr","locations":[{"start":{"line":305,"column":22},"end":{"line":305,"column":24}},{"start":{"line":305,"column":22},"end":{"line":305,"column":73}}]},"65":{"loc":{"start":{"line":305,"column":6},"end":{"line":305,"column":24}},"type":"binary-expr","locations":[{"start":{"line":305,"column":6},"end":{"line":305,"column":24}},{"start":{"line":305,"column":22},"end":{"line":305,"column":24}}]},"66":{"loc":{"start":{"line":309,"column":4},"end":{"line":309,"column":72}},"type":"cond-expr","locations":[{"start":{"line":309,"column":20},"end":{"line":309,"column":22}},{"start":{"line":309,"column":20},"end":{"line":309,"column":72}}]},"67":{"loc":{"start":{"line":309,"column":4},"end":{"line":309,"column":22}},"type":"binary-expr","locations":[{"start":{"line":309,"column":4},"end":{"line":309,"column":22}},{"start":{"line":309,"column":20},"end":{"line":309,"column":22}}]},"68":{"loc":{"start":{"line":310,"column":4},"end":{"line":310,"column":68}},"type":"cond-expr","locations":[{"start":{"line":310,"column":20},"end":{"line":310,"column":22}},{"start":{"line":310,"column":20},"end":{"line":310,"column":68}}]},"69":{"loc":{"start":{"line":310,"column":4},"end":{"line":310,"column":22}},"type":"binary-expr","locations":[{"start":{"line":310,"column":4},"end":{"line":310,"column":22}},{"start":{"line":310,"column":20},"end":{"line":310,"column":22}}]},"70":{"loc":{"start":{"line":317,"column":4},"end":{"line":319,"column":null}},"type":"if","locations":[{"start":{"line":317,"column":4},"end":{"line":319,"column":null}}]},"71":{"loc":{"start":{"line":317,"column":8},"end":{"line":317,"column":95}},"type":"binary-expr","locations":[{"start":{"line":317,"column":8},"end":{"line":317,"column":27}},{"start":{"line":317,"column":31},"end":{"line":317,"column":48}},{"start":{"line":317,"column":52},"end":{"line":317,"column":72}},{"start":{"line":317,"column":76},"end":{"line":317,"column":95}}]}},"s":{"0":0,"1":0,"2":0,"3":0,"4":0,"5":0,"6":0,"7":0,"8":0,"9":0,"10":0,"11":0,"12":0,"13":0,"14":0,"15":0,"16":0,"17":0,"18":0,"19":0,"20":0,"21":0,"22":0,"23":0,"24":0,"25":0,"26":0,"27":0,"28":0,"29":0,"30":0,"31":0,"32":0,"33":0,"34":0,"35":0,"36":0,"37":0,"38":0,"39":0,"40":0,"41":0,"42":0,"43":0,"44":0,"45":0,"46":0,"47":0,"48":0,"49":0,"50":0,"51":0,"52":0,"53":0,"54":0,"55":0,"56":0,"57":0,"58":0,"59":0,"60":0,"61":0,"62":0,"63":0,"64":0,"65":0,"66":0,"67":0,"68":0,"69":0,"70":0,"71":0,"72":0,"73":0,"74":0,"75":0,"76":0,"77":0,"78":0,"79":0,"80":0,"81":0,"82":0,"83":0,"84":0,"85":0,"86":0,"87":0,"88":0,"89":0,"90":0,"91":0,"92":0,"93":0,"94":0,"95":0,"96":0,"97":0,"98":0,"99":0,"100":0,"101":0,"102":0,"103":0,"104":0,"105":0,"106":0,"107":0,"108":0,"109":0,"110":0,"111":0,"112":0,"113":0,"114":0,"115":0,"116":0,"117":0,"118":0,"119":0,"120":0,"121":0,"122":0,"123":0,"124":0,"125":0,"126":0,"127":0,"128":0,"129":0,"130":0,"131":0,"132":0,"133":0,"134":0,"135":0,"136":0,"137":0,"138":0,"139":0,"140":0,"141":0,"142":0,"143":0,"144":0,"145":0,"146":0,"147":0,"148":0,"149":0,"150":0,"151":0,"152":0,"153":0,"154":0,"155":0,"156":0,"157":0,"158":0,"159":0,"160":0,"161":0,"162":0,"163":0,"164":0,"165":0,"166":0,"167":0,"168":0,"169":0,"170":0,"171":0,"172":0,"173":0,"174":0,"175":0},"f":{"0":0,"1":0,"2":0,"3":0,"4":0,"5":0,"6":0,"7":0,"8":0,"9":0,"10":0,"11":0,"12":0,"13":0,"14":0,"15":0,"16":0,"17":0,"18":0,"19":0},"b":{"0":[0],"1":[0,0],"2":[0,0],"3":[0,0],"4":[0,0],"5":[0],"6":[0],"7":[0,0],"8":[0],"9":[0,0],"10":[0,0],"11":[0,0],"12":[0,0],"13":[0],"14":[0,0],"15":[0,0],"16":[0,0],"17":[0,0],"18":[0],"19":[0],"20":[0,0],"21":[0],"22":[0],"23":[0,0],"24":[0,0],"25":[0],"26":[0],"27":[0,0],"28":[0],"29":[0],"30":[0],"31":[0,0],"32":[0],"33":[0],"34":[0],"35":[0],"36":[0],"37":[0],"38":[0],"39":[0],"40":[0],"41":[0],"42":[0],"43":[0],"44":[0],"45":[0,0],"46":[0,0],"47":[0,0],"48":[0,0],"49":[0],"50":[0],"51":[0,0],"52":[0,0],"53":[0],"54":[0],"55":[0],"56":[0,0],"57":[0],"58":[0,0],"59":[0,0],"60":[0],"61":[0],"62":[0,0],"63":[0,0],"64":[0,0],"65":[0,0],"66":[0,0],"67":[0,0],"68":[0,0],"69":[0,0],"70":[0],"71":[0,0,0,0]}}
,"C:\\Code\\Meta Slider\\src\\slider.ts": {"path":"C:\\Code\\Meta Slider\\src\\slider.ts","statementMap":{"0":{"start":{"line":1,"column":0},"end":{"line":1,"column":23}},"1":{"start":{"line":2,"column":0},"end":{"line":2,"column":57}},"2":{"start":{"line":3,"column":0},"end":{"line":3,"column":35}},"3":{"start":{"line":11,"column":0},"end":{"line":15,"column":2}},"4":{"start":{"line":12,"column":13},"end":{"line":12,"column":47}},"5":{"start":{"line":13,"column":17},"end":{"line":13,"column":46}},"6":{"start":{"line":14,"column":2},"end":{"line":14,"column":16}}},"fnMap":{"0":{"name":"sliderPlugin","decl":{"start":{"line":11,"column":29},"end":{"line":11,"column":41}},"loc":{"start":{"line":11,"column":57},"end":{"line":15,"column":1}}}},"branchMap":{},"s":{"0":0,"1":0,"2":0,"3":0,"4":0,"5":0,"6":0},"f":{"0":0},"b":{}}
,"C:\\Code\\Meta Slider\\src\\Observer\\Observer.ts": {"path":"C:\\Code\\Meta Slider\\src\\Observer\\Observer.ts","statementMap":{"0":{"start":{"line":10,"column":9},"end":{"line":10,"column":35}},"1":{"start":{"line":13,"column":4},"end":{"line":18,"column":null}},"2":{"start":{"line":14,"column":19},"end":{"line":14,"column":40}},"3":{"start":{"line":15,"column":6},"end":{"line":15,"column":50}},"4":{"start":{"line":17,"column":6},"end":{"line":17,"column":41}},"5":{"start":{"line":22,"column":4},"end":{"line":22,"column":60}},"6":{"start":{"line":22,"column":42},"end":{"line":22,"column":58}},"7":{"start":{"line":26,"column":22},"end":{"line":26,"column":49}},"8":{"start":{"line":27,"column":4},"end":{"line":29,"column":7}},"9":{"start":{"line":28,"column":6},"end":{"line":28,"column":35}},"10":{"start":{"line":33,"column":0},"end":{"line":33,"column":24}}},"fnMap":{"0":{"name":"(anonymous_0)","decl":{"start":{"line":9,"column":0},"end":{"line":9,"column":15}},"loc":{"start":{"line":9,"column":0},"end":{"line":31,"column":1}}},"1":{"name":"(anonymous_1)","decl":{"start":{"line":12,"column":9},"end":{"line":12,"column":22}},"loc":{"start":{"line":12,"column":66},"end":{"line":19,"column":3}}},"2":{"name":"(anonymous_2)","decl":{"start":{"line":21,"column":9},"end":{"line":21,"column":25}},"loc":{"start":{"line":21,"column":69},"end":{"line":23,"column":3}}},"3":{"name":"(anonymous_3)","decl":{"start":{"line":22,"column":33},"end":{"line":22,"column":34}},"loc":{"start":{"line":22,"column":42},"end":{"line":22,"column":58}}},"4":{"name":"(anonymous_4)","decl":{"start":{"line":25,"column":9},"end":{"line":25,"column":13}},"loc":{"start":{"line":25,"column":41},"end":{"line":30,"column":3}}},"5":{"name":"(anonymous_5)","decl":{"start":{"line":27,"column":22},"end":{"line":27,"column":23}},"loc":{"start":{"line":27,"column":35},"end":{"line":29,"column":5}}}},"branchMap":{"0":{"loc":{"start":{"line":13,"column":4},"end":{"line":18,"column":null}},"type":"if","locations":[{"start":{"line":13,"column":4},"end":{"line":18,"column":null}},{"start":{"line":16,"column":11},"end":{"line":18,"column":null}}]},"1":{"loc":{"start":{"line":26,"column":22},"end":{"line":26,"column":49}},"type":"binary-expr","locations":[{"start":{"line":26,"column":22},"end":{"line":26,"column":43}},{"start":{"line":26,"column":47},"end":{"line":26,"column":49}}]}},"s":{"0":212,"1":141,"2":0,"3":0,"4":141,"5":0,"6":0,"7":4,"8":4,"9":1,"10":4},"f":{"0":212,"1":141,"2":0,"3":0,"4":4,"5":1},"b":{"0":[0,141],"1":[4,3]}}
,"C:\\Code\\Meta Slider\\src\\Observer\\events.ts": {"path":"C:\\Code\\Meta Slider\\src\\Observer\\events.ts","statementMap":{"0":{"start":{"line":1,"column":21},"end":{"line":3,"column":2}},"1":{"start":{"line":14,"column":9},"end":{"line":14,"column":21}},"2":{"start":{"line":5,"column":22},"end":{"line":12,"column":2}},"3":{"start":{"line":14,"column":23},"end":{"line":14,"column":36}}},"fnMap":{},"branchMap":{},"s":{"0":4,"1":4,"2":4,"3":4},"f":{},"b":{}}
,"C:\\Code\\Meta Slider\\src\\components\\Interfaces.ts": {"path":"C:\\Code\\Meta Slider\\src\\components\\Interfaces.ts","statementMap":{"0":{"start":{"line":41,"column":24},"end":{"line":44,"column":2}},"1":{"start":{"line":133,"column":2},"end":{"line":133,"column":17}}},"fnMap":{},"branchMap":{},"s":{"0":3,"1":3},"f":{},"b":{}}
,"C:\\Code\\Meta Slider\\src\\components\\Model\\Model.ts": {"path":"C:\\Code\\Meta Slider\\src\\components\\Model\\Model.ts","statementMap":{"0":{"start":{"line":1,"column":0},"end":{"line":1,"column":null}},"1":{"start":{"line":18,"column":4},"end":{"line":18,"column":23}},"2":{"start":{"line":19,"column":4},"end":{"line":19,"column":16}},"3":{"start":{"line":23,"column":21},"end":{"line":23,"column":31}},"4":{"start":{"line":24,"column":4},"end":{"line":24,"column":43}},"5":{"start":{"line":28,"column":4},"end":{"line":28,"column":22}},"6":{"start":{"line":32,"column":29},"end":{"line":32,"column":69}},"7":{"start":{"line":33,"column":4},"end":{"line":33,"column":38}},"8":{"start":{"line":37,"column":4},"end":{"line":37,"column":32}},"9":{"start":{"line":41,"column":36},"end":{"line":41,"column":46}},"10":{"start":{"line":42,"column":26},"end":{"line":42,"column":35}},"11":{"start":{"line":43,"column":20},"end":{"line":43,"column":66}},"12":{"start":{"line":44,"column":4},"end":{"line":44,"column":19}},"13":{"start":{"line":48,"column":4},"end":{"line":48,"column":73}},"14":{"start":{"line":56,"column":8},"end":{"line":56,"column":18}},"15":{"start":{"line":58,"column":4},"end":{"line":58,"column":61}},"16":{"start":{"line":58,"column":40},"end":{"line":58,"column":61}},"17":{"start":{"line":59,"column":33},"end":{"line":59,"column":75}},"18":{"start":{"line":60,"column":33},"end":{"line":60,"column":74}},"19":{"start":{"line":62,"column":21},"end":{"line":62,"column":56}},"20":{"start":{"line":63,"column":21},"end":{"line":63,"column":56}},"21":{"start":{"line":65,"column":24},"end":{"line":65,"column":63}},"22":{"start":{"line":66,"column":24},"end":{"line":66,"column":63}},"23":{"start":{"line":68,"column":21},"end":{"line":68,"column":62}},"24":{"start":{"line":69,"column":21},"end":{"line":69,"column":72}},"25":{"start":{"line":74,"column":4},"end":{"line":80,"column":null}},"26":{"start":{"line":75,"column":6},"end":{"line":75,"column":23}},"27":{"start":{"line":76,"column":6},"end":{"line":76,"column":28}},"28":{"start":{"line":78,"column":6},"end":{"line":78,"column":23}},"29":{"start":{"line":79,"column":6},"end":{"line":79,"column":28}},"30":{"start":{"line":82,"column":21},"end":{"line":82,"column":50}},"31":{"start":{"line":83,"column":29},"end":{"line":83,"column":62}},"32":{"start":{"line":85,"column":4},"end":{"line":88,"column":null}},"33":{"start":{"line":86,"column":6},"end":{"line":86,"column":18}},"34":{"start":{"line":87,"column":6},"end":{"line":87,"column":20}},"35":{"start":{"line":89,"column":4},"end":{"line":89,"column":81}},"36":{"start":{"line":89,"column":31},"end":{"line":89,"column":81}},"37":{"start":{"line":91,"column":4},"end":{"line":95,"column":6}},"38":{"start":{"line":103,"column":8},"end":{"line":103,"column":14}},"39":{"start":{"line":105,"column":4},"end":{"line":111,"column":null}},"40":{"start":{"line":106,"column":6},"end":{"line":110,"column":9}},"41":{"start":{"line":113,"column":4},"end":{"line":119,"column":null}},"42":{"start":{"line":114,"column":6},"end":{"line":118,"column":9}},"43":{"start":{"line":127,"column":8},"end":{"line":127,"column":14}},"44":{"start":{"line":132,"column":8},"end":{"line":132,"column":18}},"45":{"start":{"line":134,"column":4},"end":{"line":142,"column":76}},"46":{"start":{"line":141,"column":6},"end":{"line":141,"column":55}},"47":{"start":{"line":142,"column":11},"end":{"line":142,"column":76}},"48":{"start":{"line":142,"column":36},"end":{"line":142,"column":76}},"49":{"start":{"line":150,"column":8},"end":{"line":150,"column":14}},"50":{"start":{"line":155,"column":8},"end":{"line":155,"column":18}},"51":{"start":{"line":157,"column":4},"end":{"line":167,"column":null}},"52":{"start":{"line":164,"column":6},"end":{"line":164,"column":59}},"53":{"start":{"line":165,"column":11},"end":{"line":167,"column":null}},"54":{"start":{"line":166,"column":6},"end":{"line":166,"column":46}},"55":{"start":{"line":177,"column":8},"end":{"line":177,"column":14}},"56":{"start":{"line":179,"column":24},"end":{"line":179,"column":34}},"57":{"start":{"line":181,"column":21},"end":{"line":181,"column":77}},"58":{"start":{"line":182,"column":21},"end":{"line":182,"column":26}},"59":{"start":{"line":183,"column":4},"end":{"line":185,"column":null}},"60":{"start":{"line":184,"column":6},"end":{"line":184,"column":97}},"61":{"start":{"line":187,"column":4},"end":{"line":187,"column":34}},"62":{"start":{"line":191,"column":18},"end":{"line":191,"column":34}},"63":{"start":{"line":192,"column":20},"end":{"line":192,"column":31}},"64":{"start":{"line":193,"column":4},"end":{"line":193,"column":19}},"65":{"start":{"line":197,"column":18},"end":{"line":197,"column":49}},"66":{"start":{"line":198,"column":4},"end":{"line":198,"column":17}},"67":{"start":{"line":202,"column":4},"end":{"line":202,"column":111}},"68":{"start":{"line":202,"column":52},"end":{"line":202,"column":111}},"69":{"start":{"line":203,"column":25},"end":{"line":203,"column":47}},"70":{"start":{"line":205,"column":4},"end":{"line":208,"column":7}},"71":{"start":{"line":212,"column":0},"end":{"line":212,"column":21}}},"fnMap":{"0":{"name":"(anonymous_0)","decl":{"start":{"line":17,"column":2},"end":{"line":17,"column":14}},"loc":{"start":{"line":17,"column":33},"end":{"line":20,"column":3}}},"1":{"name":"(anonymous_1)","decl":{"start":{"line":22,"column":9},"end":{"line":22,"column":17}},"loc":{"start":{"line":22,"column":31},"end":{"line":25,"column":3}}},"2":{"name":"(anonymous_2)","decl":{"start":{"line":27,"column":9},"end":{"line":27,"column":17}},"loc":{"start":{"line":27,"column":17},"end":{"line":29,"column":3}}},"3":{"name":"(anonymous_3)","decl":{"start":{"line":31,"column":9},"end":{"line":31,"column":24}},"loc":{"start":{"line":31,"column":56},"end":{"line":34,"column":3}}},"4":{"name":"(anonymous_4)","decl":{"start":{"line":36,"column":9},"end":{"line":36,"column":17}},"loc":{"start":{"line":36,"column":33},"end":{"line":38,"column":3}}},"5":{"name":"(anonymous_5)","decl":{"start":{"line":40,"column":9},"end":{"line":40,"column":22}},"loc":{"start":{"line":40,"column":22},"end":{"line":45,"column":3}}},"6":{"name":"(anonymous_6)","decl":{"start":{"line":47,"column":10},"end":{"line":47,"column":14}},"loc":{"start":{"line":47,"column":14},"end":{"line":49,"column":3}}},"7":{"name":"(anonymous_7)","decl":{"start":{"line":51,"column":10},"end":{"line":51,"column":29}},"loc":{"start":{"line":51,"column":65},"end":{"line":96,"column":3}}},"8":{"name":"(anonymous_8)","decl":{"start":{"line":98,"column":10},"end":{"line":98,"column":20}},"loc":{"start":{"line":98,"column":44},"end":{"line":120,"column":3}}},"9":{"name":"(anonymous_9)","decl":{"start":{"line":122,"column":10},"end":{"line":122,"column":24}},"loc":{"start":{"line":122,"column":52},"end":{"line":143,"column":3}}},"10":{"name":"(anonymous_10)","decl":{"start":{"line":145,"column":10},"end":{"line":145,"column":22}},"loc":{"start":{"line":145,"column":48},"end":{"line":168,"column":3}}},"11":{"name":"(anonymous_11)","decl":{"start":{"line":170,"column":10},"end":{"line":170,"column":27}},"loc":{"start":{"line":170,"column":53},"end":{"line":188,"column":3}}},"12":{"name":"(anonymous_12)","decl":{"start":{"line":190,"column":10},"end":{"line":190,"column":24}},"loc":{"start":{"line":190,"column":24},"end":{"line":194,"column":3}}},"13":{"name":"(anonymous_13)","decl":{"start":{"line":196,"column":10},"end":{"line":196,"column":19}},"loc":{"start":{"line":196,"column":19},"end":{"line":199,"column":3}}},"14":{"name":"(anonymous_14)","decl":{"start":{"line":201,"column":10},"end":{"line":201,"column":21}},"loc":{"start":{"line":201,"column":66},"end":{"line":209,"column":3}}}},"branchMap":{"0":{"loc":{"start":{"line":58,"column":4},"end":{"line":58,"column":61}},"type":"if","locations":[{"start":{"line":58,"column":4},"end":{"line":58,"column":61}}]},"1":{"loc":{"start":{"line":74,"column":4},"end":{"line":80,"column":null}},"type":"if","locations":[{"start":{"line":74,"column":4},"end":{"line":80,"column":null}},{"start":{"line":77,"column":11},"end":{"line":80,"column":null}}]},"2":{"loc":{"start":{"line":85,"column":4},"end":{"line":88,"column":null}},"type":"if","locations":[{"start":{"line":85,"column":4},"end":{"line":88,"column":null}}]},"3":{"loc":{"start":{"line":85,"column":8},"end":{"line":85,"column":81}},"type":"binary-expr","locations":[{"start":{"line":85,"column":8},"end":{"line":85,"column":27}},{"start":{"line":85,"column":31},"end":{"line":85,"column":81}}]},"4":{"loc":{"start":{"line":89,"column":4},"end":{"line":89,"column":81}},"type":"if","locations":[{"start":{"line":89,"column":4},"end":{"line":89,"column":81}}]},"5":{"loc":{"start":{"line":105,"column":4},"end":{"line":111,"column":null}},"type":"if","locations":[{"start":{"line":105,"column":4},"end":{"line":111,"column":null}}]},"6":{"loc":{"start":{"line":113,"column":4},"end":{"line":119,"column":null}},"type":"if","locations":[{"start":{"line":113,"column":4},"end":{"line":119,"column":null}}]},"7":{"loc":{"start":{"line":134,"column":4},"end":{"line":142,"column":76}},"type":"if","locations":[{"start":{"line":134,"column":4},"end":{"line":142,"column":76}},{"start":{"line":142,"column":11},"end":{"line":142,"column":76}}]},"8":{"loc":{"start":{"line":134,"column":8},"end":{"line":140,"column":63}},"type":"binary-expr","locations":[{"start":{"line":134,"column":8},"end":{"line":140,"column":6}},{"start":{"line":140,"column":10},"end":{"line":140,"column":31}},{"start":{"line":140,"column":35},"end":{"line":140,"column":63}}]},"9":{"loc":{"start":{"line":142,"column":11},"end":{"line":142,"column":76}},"type":"if","locations":[{"start":{"line":142,"column":11},"end":{"line":142,"column":76}}]},"10":{"loc":{"start":{"line":157,"column":4},"end":{"line":167,"column":null}},"type":"if","locations":[{"start":{"line":157,"column":4},"end":{"line":167,"column":null}},{"start":{"line":165,"column":11},"end":{"line":167,"column":null}}]},"11":{"loc":{"start":{"line":157,"column":8},"end":{"line":163,"column":33}},"type":"binary-expr","locations":[{"start":{"line":157,"column":8},"end":{"line":163,"column":6}},{"start":{"line":163,"column":10},"end":{"line":163,"column":33}}]},"12":{"loc":{"start":{"line":165,"column":11},"end":{"line":167,"column":null}},"type":"if","locations":[{"start":{"line":165,"column":11},"end":{"line":167,"column":null}}]},"13":{"loc":{"start":{"line":181,"column":21},"end":{"line":181,"column":77}},"type":"binary-expr","locations":[{"start":{"line":181,"column":21},"end":{"line":181,"column":28}},{"start":{"line":181,"column":32},"end":{"line":181,"column":58}},{"start":{"line":181,"column":62},"end":{"line":181,"column":77}}]},"14":{"loc":{"start":{"line":183,"column":4},"end":{"line":185,"column":null}},"type":"if","locations":[{"start":{"line":183,"column":4},"end":{"line":185,"column":null}}]},"15":{"loc":{"start":{"line":183,"column":8},"end":{"line":183,"column":62}},"type":"binary-expr","locations":[{"start":{"line":183,"column":8},"end":{"line":183,"column":27}},{"start":{"line":183,"column":31},"end":{"line":183,"column":62}}]},"16":{"loc":{"start":{"line":184,"column":19},"end":{"line":184,"column":96}},"type":"cond-expr","locations":[{"start":{"line":184,"column":43},"end":{"line":184,"column":68}},{"start":{"line":184,"column":71},"end":{"line":184,"column":96}}]},"17":{"loc":{"start":{"line":187,"column":11},"end":{"line":187,"column":33}},"type":"binary-expr","locations":[{"start":{"line":187,"column":11},"end":{"line":187,"column":19}},{"start":{"line":187,"column":23},"end":{"line":187,"column":33}}]},"18":{"loc":{"start":{"line":202,"column":4},"end":{"line":202,"column":111}},"type":"if","locations":[{"start":{"line":202,"column":4},"end":{"line":202,"column":111}}]},"19":{"loc":{"start":{"line":202,"column":8},"end":{"line":202,"column":50}},"type":"binary-expr","locations":[{"start":{"line":202,"column":8},"end":{"line":202,"column":25}},{"start":{"line":202,"column":29},"end":{"line":202,"column":50}}]}},"s":{"0":3,"1":31,"2":31,"3":9,"4":9,"5":41,"6":2,"7":2,"8":4,"9":1,"10":1,"11":1,"12":1,"13":31,"14":2,"15":2,"16":0,"17":2,"18":2,"19":2,"20":2,"21":2,"22":2,"23":2,"24":2,"25":2,"26":2,"27":2,"28":0,"29":0,"30":2,"31":2,"32":2,"33":0,"34":0,"35":2,"36":0,"37":2,"38":2,"39":2,"40":1,"41":2,"42":1,"43":1,"44":1,"45":1,"46":0,"47":1,"48":1,"49":1,"50":1,"51":1,"52":0,"53":1,"54":1,"55":2,"56":2,"57":2,"58":2,"59":2,"60":1,"61":2,"62":31,"63":31,"64":31,"65":31,"66":31,"67":2,"68":0,"69":2,"70":2,"71":3},"f":{"0":31,"1":9,"2":41,"3":2,"4":4,"5":1,"6":31,"7":2,"8":2,"9":1,"10":1,"11":2,"12":31,"13":31,"14":2},"b":{"0":[0],"1":[2,0],"2":[0],"3":[2,2],"4":[0],"5":[1],"6":[1],"7":[0,1],"8":[1,0,0],"9":[1],"10":[0,1],"11":[1,0],"12":[1],"13":[2,0,0],"14":[1],"15":[2,2],"16":[0,1],"17":[2,0],"18":[0],"19":[2,2]}}
,"C:\\Code\\Meta Slider\\src\\components\\Model\\ModelFacade.ts": {"path":"C:\\Code\\Meta Slider\\src\\components\\Model\\ModelFacade.ts","statementMap":{"0":{"start":{"line":1,"column":0},"end":{"line":1,"column":45}},"1":{"start":{"line":2,"column":0},"end":{"line":2,"column":51}},"2":{"start":{"line":11,"column":0},"end":{"line":11,"column":28}},"3":{"start":{"line":12,"column":0},"end":{"line":12,"column":36}},"4":{"start":{"line":24,"column":4},"end":{"line":24,"column":12}},"5":{"start":{"line":25,"column":4},"end":{"line":25,"column":42}},"6":{"start":{"line":26,"column":4},"end":{"line":26,"column":57}},"7":{"start":{"line":27,"column":4},"end":{"line":27,"column":44}},"8":{"start":{"line":31,"column":23},"end":{"line":31,"column":57}},"9":{"start":{"line":32,"column":4},"end":{"line":32,"column":36}},"10":{"start":{"line":36,"column":4},"end":{"line":42,"column":null}},"11":{"start":{"line":37,"column":26},"end":{"line":37,"column":46}},"12":{"start":{"line":38,"column":6},"end":{"line":40,"column":null}},"13":{"start":{"line":43,"column":4},"end":{"line":43,"column":33}},"14":{"start":{"line":47,"column":4},"end":{"line":47,"column":22}},"15":{"start":{"line":51,"column":4},"end":{"line":51,"column":26}},"16":{"start":{"line":55,"column":4},"end":{"line":55,"column":45}},"17":{"start":{"line":59,"column":47},"end":{"line":59,"column":100}},"18":{"start":{"line":61,"column":4},"end":{"line":81,"column":null}},"19":{"start":{"line":62,"column":22},"end":{"line":62,"column":63}},"20":{"start":{"line":63,"column":24},"end":{"line":63,"column":28}},"21":{"start":{"line":64,"column":6},"end":{"line":64,"column":83}},"22":{"start":{"line":64,"column":33},"end":{"line":64,"column":83}},"23":{"start":{"line":65,"column":6},"end":{"line":65,"column":44}},"24":{"start":{"line":65,"column":37},"end":{"line":65,"column":44}},"25":{"start":{"line":67,"column":6},"end":{"line":67,"column":30}},"26":{"start":{"line":68,"column":6},"end":{"line":68,"column":51}},"27":{"start":{"line":69,"column":23},"end":{"line":69,"column":44}},"28":{"start":{"line":70,"column":25},"end":{"line":70,"column":62}},"29":{"start":{"line":71,"column":6},"end":{"line":71,"column":38}},"30":{"start":{"line":73,"column":6},"end":{"line":80,"column":null}},"31":{"start":{"line":74,"column":8},"end":{"line":77,"column":11}},"32":{"start":{"line":79,"column":8},"end":{"line":79,"column":69}},"33":{"start":{"line":83,"column":4},"end":{"line":89,"column":null}},"34":{"start":{"line":84,"column":33},"end":{"line":84,"column":37}},"35":{"start":{"line":85,"column":23},"end":{"line":85,"column":44}},"36":{"start":{"line":86,"column":28},"end":{"line":86,"column":84}},"37":{"start":{"line":87,"column":6},"end":{"line":87,"column":41}},"38":{"start":{"line":88,"column":6},"end":{"line":88,"column":67}},"39":{"start":{"line":93,"column":21},"end":{"line":93,"column":42}},"40":{"start":{"line":94,"column":18},"end":{"line":94,"column":52}},"41":{"start":{"line":95,"column":23},"end":{"line":95,"column":60}},"42":{"start":{"line":96,"column":4},"end":{"line":96,"column":36}},"43":{"start":{"line":97,"column":4},"end":{"line":97,"column":65}},"44":{"start":{"line":101,"column":16},"end":{"line":101,"column":59}},"45":{"start":{"line":102,"column":31},"end":{"line":102,"column":52}},"46":{"start":{"line":103,"column":24},"end":{"line":105,"column":6}},"47":{"start":{"line":107,"column":4},"end":{"line":107,"column":23}},"48":{"start":{"line":111,"column":0},"end":{"line":111,"column":27}}},"fnMap":{"0":{"name":"(anonymous_1)","decl":{"start":{"line":23,"column":2},"end":{"line":23,"column":14}},"loc":{"start":{"line":23,"column":36},"end":{"line":28,"column":3}}},"1":{"name":"(anonymous_2)","decl":{"start":{"line":30,"column":9},"end":{"line":30,"column":17}},"loc":{"start":{"line":30,"column":40},"end":{"line":33,"column":3}}},"2":{"name":"(anonymous_3)","decl":{"start":{"line":35,"column":9},"end":{"line":35,"column":17}},"loc":{"start":{"line":35,"column":17},"end":{"line":44,"column":3}}},"3":{"name":"(anonymous_4)","decl":{"start":{"line":46,"column":9},"end":{"line":46,"column":17}},"loc":{"start":{"line":46,"column":17},"end":{"line":48,"column":3}}},"4":{"name":"(anonymous_5)","decl":{"start":{"line":50,"column":9},"end":{"line":50,"column":21}},"loc":{"start":{"line":50,"column":21},"end":{"line":52,"column":3}}},"5":{"name":"(anonymous_6)","decl":{"start":{"line":54,"column":9},"end":{"line":54,"column":17}},"loc":{"start":{"line":54,"column":35},"end":{"line":56,"column":3}}},"6":{"name":"(anonymous_7)","decl":{"start":{"line":58,"column":9},"end":{"line":58,"column":15}},"loc":{"start":{"line":58,"column":37},"end":{"line":90,"column":3}}},"7":{"name":"(anonymous_8)","decl":{"start":{"line":92,"column":9},"end":{"line":92,"column":17}},"loc":{"start":{"line":92,"column":60},"end":{"line":98,"column":3}}},"8":{"name":"(anonymous_9)","decl":{"start":{"line":100,"column":9},"end":{"line":100,"column":22}},"loc":{"start":{"line":100,"column":22},"end":{"line":108,"column":3}}}},"branchMap":{"0":{"loc":{"start":{"line":36,"column":4},"end":{"line":42,"column":null}},"type":"if","locations":[{"start":{"line":36,"column":4},"end":{"line":42,"column":null}}]},"1":{"loc":{"start":{"line":59,"column":47},"end":{"line":59,"column":100}},"type":"cond-expr","locations":[{"start":{"line":59,"column":76},"end":{"line":59,"column":87}},{"start":{"line":59,"column":90},"end":{"line":59,"column":100}}]},"2":{"loc":{"start":{"line":61,"column":4},"end":{"line":81,"column":null}},"type":"if","locations":[{"start":{"line":61,"column":4},"end":{"line":81,"column":null}}]},"3":{"loc":{"start":{"line":64,"column":6},"end":{"line":64,"column":83}},"type":"if","locations":[{"start":{"line":64,"column":6},"end":{"line":64,"column":83}}]},"4":{"loc":{"start":{"line":65,"column":6},"end":{"line":65,"column":44}},"type":"if","locations":[{"start":{"line":65,"column":6},"end":{"line":65,"column":44}}]},"5":{"loc":{"start":{"line":73,"column":6},"end":{"line":80,"column":null}},"type":"if","locations":[{"start":{"line":73,"column":6},"end":{"line":80,"column":null}},{"start":{"line":78,"column":13},"end":{"line":80,"column":null}}]},"6":{"loc":{"start":{"line":83,"column":4},"end":{"line":89,"column":null}},"type":"if","locations":[{"start":{"line":83,"column":4},"end":{"line":89,"column":null}}]},"7":{"loc":{"start":{"line":83,"column":8},"end":{"line":83,"column":89}},"type":"binary-expr","locations":[{"start":{"line":83,"column":8},"end":{"line":83,"column":34}},{"start":{"line":83,"column":38},"end":{"line":83,"column":62}},{"start":{"line":83,"column":66},"end":{"line":83,"column":89}}]},"8":{"loc":{"start":{"line":101,"column":16},"end":{"line":101,"column":59}},"type":"binary-expr","locations":[{"start":{"line":101,"column":16},"end":{"line":101,"column":53}},{"start":{"line":101,"column":57},"end":{"line":101,"column":59}}]}},"s":{"0":3,"1":3,"2":3,"3":3,"4":31,"5":31,"6":31,"7":31,"8":2,"9":2,"10":14,"11":0,"12":0,"13":14,"14":8,"15":1,"16":2,"17":1,"18":1,"19":1,"20":1,"21":1,"22":0,"23":1,"24":0,"25":1,"26":1,"27":1,"28":1,"29":1,"30":1,"31":0,"32":1,"33":1,"34":0,"35":0,"36":0,"37":0,"38":0,"39":3,"40":3,"41":3,"42":3,"43":3,"44":1,"45":1,"46":1,"47":1,"48":3},"f":{"0":31,"1":2,"2":14,"3":8,"4":1,"5":2,"6":1,"7":3,"8":1},"b":{"0":[0],"1":[1,0],"2":[1],"3":[0],"4":[0],"5":[0,1],"6":[0],"7":[1,0,0],"8":[1,0]}}
,"C:\\Code\\Meta Slider\\src\\components\\Model\\Validator.ts": {"path":"C:\\Code\\Meta Slider\\src\\components\\Model\\Validator.ts","statementMap":{"0":{"start":{"line":35,"column":23},"end":{"line":35,"column":44}},"1":{"start":{"line":10,"column":10},"end":{"line":10,"column":27}},"2":{"start":{"line":36,"column":4},"end":{"line":45,"column":6}},"3":{"start":{"line":47,"column":4},"end":{"line":53,"column":6}},"4":{"start":{"line":55,"column":4},"end":{"line":55,"column":28}},"5":{"start":{"line":59,"column":21},"end":{"line":59,"column":43}},"6":{"start":{"line":60,"column":4},"end":{"line":60,"column":23}},"7":{"start":{"line":61,"column":4},"end":{"line":63,"column":6}},"8":{"start":{"line":65,"column":4},"end":{"line":65,"column":22}},"9":{"start":{"line":66,"column":4},"end":{"line":66,"column":21}},"10":{"start":{"line":67,"column":4},"end":{"line":67,"column":23}},"11":{"start":{"line":68,"column":4},"end":{"line":68,"column":25}},"12":{"start":{"line":69,"column":4},"end":{"line":69,"column":29}},"13":{"start":{"line":75,"column":8},"end":{"line":75,"column":12}},"14":{"start":{"line":77,"column":4},"end":{"line":94,"column":null}},"15":{"start":{"line":79,"column":6},"end":{"line":81,"column":null}},"16":{"start":{"line":80,"column":8},"end":{"line":80,"column":78}},"17":{"start":{"line":83,"column":6},"end":{"line":85,"column":null}},"18":{"start":{"line":84,"column":8},"end":{"line":84,"column":78}},"19":{"start":{"line":87,"column":6},"end":{"line":89,"column":null}},"20":{"start":{"line":88,"column":8},"end":{"line":88,"column":76}},"21":{"start":{"line":91,"column":6},"end":{"line":93,"column":null}},"22":{"start":{"line":92,"column":8},"end":{"line":92,"column":76}},"23":{"start":{"line":95,"column":4},"end":{"line":95,"column":70}},"24":{"start":{"line":95,"column":61},"end":{"line":95,"column":70}},"25":{"start":{"line":97,"column":20},"end":{"line":97,"column":35}},"26":{"start":{"line":98,"column":22},"end":{"line":98,"column":63}},"27":{"start":{"line":99,"column":4},"end":{"line":99,"column":41}},"28":{"start":{"line":99,"column":25},"end":{"line":99,"column":41}},"29":{"start":{"line":100,"column":4},"end":{"line":100,"column":45}},"30":{"start":{"line":100,"column":27},"end":{"line":100,"column":45}},"31":{"start":{"line":101,"column":4},"end":{"line":101,"column":23}},"32":{"start":{"line":110,"column":8},"end":{"line":110,"column":15}},"33":{"start":{"line":112,"column":31},"end":{"line":112,"column":40}},"34":{"start":{"line":113,"column":21},"end":{"line":113,"column":42}},"35":{"start":{"line":114,"column":18},"end":{"line":114,"column":34}},"36":{"start":{"line":115,"column":20},"end":{"line":115,"column":31}},"37":{"start":{"line":116,"column":24},"end":{"line":116,"column":38}},"38":{"start":{"line":117,"column":25},"end":{"line":117,"column":65}},"39":{"start":{"line":118,"column":29},"end":{"line":118,"column":62}},"40":{"start":{"line":120,"column":4},"end":{"line":129,"column":null}},"41":{"start":{"line":120,"column":17},"end":{"line":120,"column":18}},"42":{"start":{"line":121,"column":6},"end":{"line":128,"column":null}},"43":{"start":{"line":122,"column":26},"end":{"line":122,"column":53}},"44":{"start":{"line":123,"column":27},"end":{"line":123,"column":43}},"45":{"start":{"line":124,"column":29},"end":{"line":124,"column":49}},"46":{"start":{"line":125,"column":22},"end":{"line":125,"column":38}},"47":{"start":{"line":127,"column":8},"end":{"line":127,"column":42}},"48":{"start":{"line":131,"column":4},"end":{"line":131,"column":27}},"49":{"start":{"line":132,"column":4},"end":{"line":132,"column":20}},"50":{"start":{"line":136,"column":4},"end":{"line":136,"column":62}},"51":{"start":{"line":136,"column":45},"end":{"line":136,"column":62}},"52":{"start":{"line":137,"column":4},"end":{"line":137,"column":73}},"53":{"start":{"line":137,"column":56},"end":{"line":137,"column":73}},"54":{"start":{"line":138,"column":4},"end":{"line":138,"column":59}},"55":{"start":{"line":138,"column":40},"end":{"line":138,"column":59}},"56":{"start":{"line":139,"column":4},"end":{"line":139,"column":71}},"57":{"start":{"line":139,"column":52},"end":{"line":139,"column":71}},"58":{"start":{"line":140,"column":4},"end":{"line":140,"column":115}},"59":{"start":{"line":140,"column":98},"end":{"line":140,"column":115}},"60":{"start":{"line":142,"column":4},"end":{"line":150,"column":null}},"61":{"start":{"line":145,"column":23},"end":{"line":145,"column":65}},"62":{"start":{"line":146,"column":21},"end":{"line":146,"column":61}},"63":{"start":{"line":148,"column":6},"end":{"line":148,"column":71}},"64":{"start":{"line":148,"column":52},"end":{"line":148,"column":71}},"65":{"start":{"line":149,"column":6},"end":{"line":149,"column":46}},"66":{"start":{"line":149,"column":29},"end":{"line":149,"column":46}},"67":{"start":{"line":151,"column":4},"end":{"line":151,"column":21}},"68":{"start":{"line":155,"column":4},"end":{"line":155,"column":42}},"69":{"start":{"line":156,"column":4},"end":{"line":156,"column":null}},"70":{"start":{"line":157,"column":24},"end":{"line":157,"column":32}},"71":{"start":{"line":159,"column":4},"end":{"line":163,"column":null}},"72":{"start":{"line":160,"column":19},"end":{"line":160,"column":82}},"73":{"start":{"line":161,"column":21},"end":{"line":161,"column":47}},"74":{"start":{"line":162,"column":6},"end":{"line":162,"column":20}},"75":{"start":{"line":165,"column":4},"end":{"line":190,"column":null}},"76":{"start":{"line":166,"column":51},"end":{"line":166,"column":59}},"77":{"start":{"line":167,"column":25},"end":{"line":167,"column":43}},"78":{"start":{"line":168,"column":23},"end":{"line":168,"column":34}},"79":{"start":{"line":170,"column":6},"end":{"line":173,"column":null}},"80":{"start":{"line":171,"column":8},"end":{"line":171,"column":40}},"81":{"start":{"line":172,"column":8},"end":{"line":172,"column":31}},"82":{"start":{"line":175,"column":6},"end":{"line":184,"column":null}},"83":{"start":{"line":176,"column":33},"end":{"line":176,"column":66}},"84":{"start":{"line":177,"column":29},"end":{"line":177,"column":55}},"85":{"start":{"line":178,"column":23},"end":{"line":178,"column":43}},"86":{"start":{"line":180,"column":8},"end":{"line":183,"column":null}},"87":{"start":{"line":181,"column":10},"end":{"line":181,"column":42}},"88":{"start":{"line":182,"column":10},"end":{"line":182,"column":33}},"89":{"start":{"line":186,"column":19},"end":{"line":186,"column":83}},"90":{"start":{"line":187,"column":21},"end":{"line":187,"column":47}},"91":{"start":{"line":188,"column":6},"end":{"line":188,"column":26}},"92":{"start":{"line":189,"column":6},"end":{"line":189,"column":20}},"93":{"start":{"line":191,"column":4},"end":{"line":191,"column":20}},"94":{"start":{"line":202,"column":8},"end":{"line":202,"column":12}},"95":{"start":{"line":204,"column":4},"end":{"line":204,"column":30}},"96":{"start":{"line":205,"column":4},"end":{"line":205,"column":30}},"97":{"start":{"line":206,"column":4},"end":{"line":206,"column":42}},"98":{"start":{"line":207,"column":4},"end":{"line":207,"column":32}},"99":{"start":{"line":208,"column":4},"end":{"line":208,"column":43}},"100":{"start":{"line":209,"column":4},"end":{"line":211,"column":null}},"101":{"start":{"line":210,"column":6},"end":{"line":210,"column":39}},"102":{"start":{"line":213,"column":4},"end":{"line":213,"column":52}},"103":{"start":{"line":213,"column":45},"end":{"line":213,"column":52}},"104":{"start":{"line":214,"column":4},"end":{"line":216,"column":null}},"105":{"start":{"line":215,"column":6},"end":{"line":215,"column":40}},"106":{"start":{"line":218,"column":4},"end":{"line":218,"column":82}},"107":{"start":{"line":228,"column":8},"end":{"line":228,"column":12}},"108":{"start":{"line":230,"column":4},"end":{"line":230,"column":55}},"109":{"start":{"line":230,"column":45},"end":{"line":230,"column":55}},"110":{"start":{"line":231,"column":4},"end":{"line":231,"column":83}},"111":{"start":{"line":232,"column":4},"end":{"line":232,"column":77}},"112":{"start":{"line":233,"column":4},"end":{"line":233,"column":92}},"113":{"start":{"line":234,"column":4},"end":{"line":234,"column":92}},"114":{"start":{"line":235,"column":4},"end":{"line":235,"column":92}},"115":{"start":{"line":237,"column":4},"end":{"line":243,"column":6}},"116":{"start":{"line":247,"column":17},"end":{"line":247,"column":29}},"117":{"start":{"line":248,"column":4},"end":{"line":248,"column":62}},"118":{"start":{"line":248,"column":36},"end":{"line":248,"column":62}},"119":{"start":{"line":249,"column":4},"end":{"line":249,"column":18}},"120":{"start":{"line":253,"column":4},"end":{"line":253,"column":48}},"121":{"start":{"line":253,"column":41},"end":{"line":253,"column":48}},"122":{"start":{"line":254,"column":4},"end":{"line":254,"column":67}},"123":{"start":{"line":254,"column":43},"end":{"line":254,"column":67}},"124":{"start":{"line":255,"column":4},"end":{"line":255,"column":68}},"125":{"start":{"line":255,"column":43},"end":{"line":255,"column":68}},"126":{"start":{"line":256,"column":4},"end":{"line":258,"column":null}},"127":{"start":{"line":257,"column":6},"end":{"line":257,"column":71}},"128":{"start":{"line":260,"column":4},"end":{"line":262,"column":null}},"129":{"start":{"line":261,"column":6},"end":{"line":261,"column":94}},"130":{"start":{"line":263,"column":4},"end":{"line":263,"column":48}},"131":{"start":{"line":264,"column":4},"end":{"line":264,"column":48}},"132":{"start":{"line":268,"column":4},"end":{"line":268,"column":48}},"133":{"start":{"line":268,"column":41},"end":{"line":268,"column":48}},"134":{"start":{"line":269,"column":4},"end":{"line":269,"column":69}},"135":{"start":{"line":269,"column":44},"end":{"line":269,"column":69}},"136":{"start":{"line":270,"column":21},"end":{"line":270,"column":37}},"137":{"start":{"line":272,"column":4},"end":{"line":274,"column":null}},"138":{"start":{"line":273,"column":6},"end":{"line":273,"column":38}},"139":{"start":{"line":275,"column":4},"end":{"line":275,"column":67}},"140":{"start":{"line":275,"column":38},"end":{"line":275,"column":67}},"141":{"start":{"line":276,"column":4},"end":{"line":276,"column":56}},"142":{"start":{"line":276,"column":31},"end":{"line":276,"column":56}},"143":{"start":{"line":277,"column":4},"end":{"line":277,"column":50}},"144":{"start":{"line":281,"column":19},"end":{"line":281,"column":60}},"145":{"start":{"line":282,"column":4},"end":{"line":282,"column":18}},"146":{"start":{"line":286,"column":4},"end":{"line":286,"column":52}},"147":{"start":{"line":286,"column":45},"end":{"line":286,"column":52}},"148":{"start":{"line":287,"column":4},"end":{"line":287,"column":75}},"149":{"start":{"line":289,"column":4},"end":{"line":291,"column":null}},"150":{"start":{"line":290,"column":6},"end":{"line":290,"column":73}},"151":{"start":{"line":293,"column":4},"end":{"line":297,"column":null}},"152":{"start":{"line":295,"column":6},"end":{"line":296,"column":86}},"153":{"start":{"line":299,"column":4},"end":{"line":299,"column":48}},"154":{"start":{"line":299,"column":41},"end":{"line":299,"column":48}},"155":{"start":{"line":300,"column":4},"end":{"line":300,"column":60}},"156":{"start":{"line":301,"column":4},"end":{"line":301,"column":91}},"157":{"start":{"line":301,"column":39},"end":{"line":301,"column":91}},"158":{"start":{"line":305,"column":17},"end":{"line":305,"column":22}},"159":{"start":{"line":306,"column":4},"end":{"line":306,"column":41}},"160":{"start":{"line":306,"column":30},"end":{"line":306,"column":41}},"161":{"start":{"line":307,"column":4},"end":{"line":310,"column":null}},"162":{"start":{"line":308,"column":6},"end":{"line":308,"column":35}},"163":{"start":{"line":309,"column":6},"end":{"line":309,"column":20}},"164":{"start":{"line":312,"column":4},"end":{"line":316,"column":null}},"165":{"start":{"line":313,"column":24},"end":{"line":313,"column":89}},"166":{"start":{"line":314,"column":23},"end":{"line":314,"column":79}},"167":{"start":{"line":315,"column":6},"end":{"line":315,"column":24}},"168":{"start":{"line":318,"column":4},"end":{"line":320,"column":null}},"169":{"start":{"line":319,"column":6},"end":{"line":319,"column":35}},"170":{"start":{"line":322,"column":4},"end":{"line":324,"column":null}},"171":{"start":{"line":323,"column":6},"end":{"line":323,"column":35}},"172":{"start":{"line":326,"column":4},"end":{"line":326,"column":18}},"173":{"start":{"line":330,"column":4},"end":{"line":330,"column":48}},"174":{"start":{"line":330,"column":41},"end":{"line":330,"column":48}},"175":{"start":{"line":331,"column":4},"end":{"line":331,"column":52}},"176":{"start":{"line":331,"column":45},"end":{"line":331,"column":52}},"177":{"start":{"line":332,"column":4},"end":{"line":332,"column":70}},"178":{"start":{"line":333,"column":4},"end":{"line":333,"column":74}},"179":{"start":{"line":334,"column":4},"end":{"line":337,"column":null}},"180":{"start":{"line":335,"column":6},"end":{"line":335,"column":68}},"181":{"start":{"line":336,"column":6},"end":{"line":336,"column":72}},"182":{"start":{"line":341,"column":21},"end":{"line":341,"column":43}},"183":{"start":{"line":342,"column":4},"end":{"line":342,"column":41}},"184":{"start":{"line":342,"column":32},"end":{"line":342,"column":41}},"185":{"start":{"line":343,"column":25},"end":{"line":343,"column":55}},"186":{"start":{"line":344,"column":27},"end":{"line":344,"column":87}},"187":{"start":{"line":345,"column":4},"end":{"line":345,"column":26}},"188":{"start":{"line":349,"column":0},"end":{"line":349,"column":25}}},"fnMap":{"0":{"name":"(anonymous_0)","decl":{"start":{"line":35,"column":2},"end":{"line":35,"column":23}},"loc":{"start":{"line":35,"column":44},"end":{"line":56,"column":3}}},"1":{"name":"(anonymous_1)","decl":{"start":{"line":58,"column":9},"end":{"line":58,"column":21}},"loc":{"start":{"line":58,"column":43},"end":{"line":70,"column":3}}},"2":{"name":"(anonymous_2)","decl":{"start":{"line":72,"column":9},"end":{"line":72,"column":29}},"loc":{"start":{"line":72,"column":51},"end":{"line":102,"column":3}}},"3":{"name":"(anonymous_3)","decl":{"start":{"line":104,"column":9},"end":{"line":104,"column":22}},"loc":{"start":{"line":104,"column":87},"end":{"line":133,"column":3}}},"4":{"name":"(anonymous_4)","decl":{"start":{"line":135,"column":9},"end":{"line":135,"column":24}},"loc":{"start":{"line":135,"column":40},"end":{"line":152,"column":3}}},"5":{"name":"(anonymous_5)","decl":{"start":{"line":154,"column":9},"end":{"line":154,"column":24}},"loc":{"start":{"line":154,"column":79},"end":{"line":192,"column":3}}},"6":{"name":"(anonymous_6)","decl":{"start":{"line":194,"column":10},"end":{"line":194,"column":17}},"loc":{"start":{"line":194,"column":39},"end":{"line":219,"column":3}}},"7":{"name":"(anonymous_7)","decl":{"start":{"line":221,"column":10},"end":{"line":221,"column":21}},"loc":{"start":{"line":221,"column":43},"end":{"line":244,"column":3}}},"8":{"name":"(anonymous_8)","decl":{"start":{"line":246,"column":10},"end":{"line":246,"column":21}},"loc":{"start":{"line":246,"column":42},"end":{"line":250,"column":3}}},"9":{"name":"(anonymous_9)","decl":{"start":{"line":252,"column":10},"end":{"line":252,"column":20}},"loc":{"start":{"line":252,"column":20},"end":{"line":265,"column":3}}},"10":{"name":"(anonymous_10)","decl":{"start":{"line":267,"column":10},"end":{"line":267,"column":19}},"loc":{"start":{"line":267,"column":19},"end":{"line":278,"column":3}}},"11":{"name":"(anonymous_11)","decl":{"start":{"line":280,"column":10},"end":{"line":280,"column":19}},"loc":{"start":{"line":280,"column":19},"end":{"line":283,"column":3}}},"12":{"name":"(anonymous_12)","decl":{"start":{"line":285,"column":10},"end":{"line":285,"column":21}},"loc":{"start":{"line":285,"column":21},"end":{"line":302,"column":3}}},"13":{"name":"(anonymous_13)","decl":{"start":{"line":304,"column":10},"end":{"line":304,"column":20}},"loc":{"start":{"line":304,"column":34},"end":{"line":327,"column":3}}},"14":{"name":"(anonymous_14)","decl":{"start":{"line":329,"column":10},"end":{"line":329,"column":23}},"loc":{"start":{"line":329,"column":23},"end":{"line":338,"column":3}}},"15":{"name":"(anonymous_15)","decl":{"start":{"line":340,"column":10},"end":{"line":340,"column":22}},"loc":{"start":{"line":340,"column":51},"end":{"line":346,"column":3}}}},"branchMap":{"0":{"loc":{"start":{"line":77,"column":4},"end":{"line":94,"column":null}},"type":"if","locations":[{"start":{"line":77,"column":4},"end":{"line":94,"column":null}}]},"1":{"loc":{"start":{"line":77,"column":8},"end":{"line":78,"column":55}},"type":"binary-expr","locations":[{"start":{"line":77,"column":8},"end":{"line":77,"column":16}},{"start":{"line":77,"column":20},"end":{"line":77,"column":61}},{"start":{"line":78,"column":9},"end":{"line":78,"column":55}}]},"2":{"loc":{"start":{"line":79,"column":6},"end":{"line":81,"column":null}},"type":"if","locations":[{"start":{"line":79,"column":6},"end":{"line":81,"column":null}}]},"3":{"loc":{"start":{"line":79,"column":10},"end":{"line":79,"column":61}},"type":"binary-expr","locations":[{"start":{"line":79,"column":10},"end":{"line":79,"column":34}},{"start":{"line":79,"column":38},"end":{"line":79,"column":61}}]},"4":{"loc":{"start":{"line":83,"column":6},"end":{"line":85,"column":null}},"type":"if","locations":[{"start":{"line":83,"column":6},"end":{"line":85,"column":null}}]},"5":{"loc":{"start":{"line":83,"column":10},"end":{"line":83,"column":61}},"type":"binary-expr","locations":[{"start":{"line":83,"column":10},"end":{"line":83,"column":34}},{"start":{"line":83,"column":38},"end":{"line":83,"column":61}}]},"6":{"loc":{"start":{"line":87,"column":6},"end":{"line":89,"column":null}},"type":"if","locations":[{"start":{"line":87,"column":6},"end":{"line":89,"column":null}}]},"7":{"loc":{"start":{"line":87,"column":10},"end":{"line":87,"column":107}},"type":"binary-expr","locations":[{"start":{"line":87,"column":10},"end":{"line":87,"column":34}},{"start":{"line":87,"column":38},"end":{"line":87,"column":59}},{"start":{"line":87,"column":63},"end":{"line":87,"column":107}}]},"8":{"loc":{"start":{"line":91,"column":6},"end":{"line":93,"column":null}},"type":"if","locations":[{"start":{"line":91,"column":6},"end":{"line":93,"column":null}}]},"9":{"loc":{"start":{"line":91,"column":10},"end":{"line":91,"column":107}},"type":"binary-expr","locations":[{"start":{"line":91,"column":10},"end":{"line":91,"column":34}},{"start":{"line":91,"column":38},"end":{"line":91,"column":59}},{"start":{"line":91,"column":63},"end":{"line":91,"column":107}}]},"10":{"loc":{"start":{"line":95,"column":4},"end":{"line":95,"column":70}},"type":"if","locations":[{"start":{"line":95,"column":4},"end":{"line":95,"column":70}}]},"11":{"loc":{"start":{"line":95,"column":8},"end":{"line":95,"column":59}},"type":"binary-expr","locations":[{"start":{"line":95,"column":8},"end":{"line":95,"column":32}},{"start":{"line":95,"column":36},"end":{"line":95,"column":59}}]},"12":{"loc":{"start":{"line":99,"column":4},"end":{"line":99,"column":41}},"type":"if","locations":[{"start":{"line":99,"column":4},"end":{"line":99,"column":41}}]},"13":{"loc":{"start":{"line":100,"column":4},"end":{"line":100,"column":45}},"type":"if","locations":[{"start":{"line":100,"column":4},"end":{"line":100,"column":45}}]},"14":{"loc":{"start":{"line":121,"column":6},"end":{"line":128,"column":null}},"type":"if","locations":[{"start":{"line":121,"column":6},"end":{"line":128,"column":null}}]},"15":{"loc":{"start":{"line":136,"column":4},"end":{"line":136,"column":62}},"type":"if","locations":[{"start":{"line":136,"column":4},"end":{"line":136,"column":62}}]},"16":{"loc":{"start":{"line":137,"column":4},"end":{"line":137,"column":73}},"type":"if","locations":[{"start":{"line":137,"column":4},"end":{"line":137,"column":73}}]},"17":{"loc":{"start":{"line":138,"column":4},"end":{"line":138,"column":59}},"type":"if","locations":[{"start":{"line":138,"column":4},"end":{"line":138,"column":59}}]},"18":{"loc":{"start":{"line":139,"column":4},"end":{"line":139,"column":71}},"type":"if","locations":[{"start":{"line":139,"column":4},"end":{"line":139,"column":71}}]},"19":{"loc":{"start":{"line":140,"column":4},"end":{"line":140,"column":115}},"type":"if","locations":[{"start":{"line":140,"column":4},"end":{"line":140,"column":115}}]},"20":{"loc":{"start":{"line":140,"column":8},"end":{"line":140,"column":96}},"type":"binary-expr","locations":[{"start":{"line":140,"column":8},"end":{"line":140,"column":52}},{"start":{"line":140,"column":56},"end":{"line":140,"column":96}}]},"21":{"loc":{"start":{"line":142,"column":4},"end":{"line":150,"column":null}},"type":"if","locations":[{"start":{"line":142,"column":4},"end":{"line":150,"column":null}}]},"22":{"loc":{"start":{"line":142,"column":8},"end":{"line":144,"column":49}},"type":"binary-expr","locations":[{"start":{"line":142,"column":8},"end":{"line":142,"column":50}},{"start":{"line":143,"column":9},"end":{"line":143,"column":53}},{"start":{"line":144,"column":9},"end":{"line":144,"column":49}}]},"23":{"loc":{"start":{"line":148,"column":6},"end":{"line":148,"column":71}},"type":"if","locations":[{"start":{"line":148,"column":6},"end":{"line":148,"column":71}}]},"24":{"loc":{"start":{"line":148,"column":10},"end":{"line":148,"column":50}},"type":"binary-expr","locations":[{"start":{"line":148,"column":10},"end":{"line":148,"column":29}},{"start":{"line":148,"column":33},"end":{"line":148,"column":50}}]},"25":{"loc":{"start":{"line":149,"column":6},"end":{"line":149,"column":46}},"type":"if","locations":[{"start":{"line":149,"column":6},"end":{"line":149,"column":46}}]},"26":{"loc":{"start":{"line":159,"column":4},"end":{"line":163,"column":null}},"type":"if","locations":[{"start":{"line":159,"column":4},"end":{"line":163,"column":null}}]},"27":{"loc":{"start":{"line":165,"column":4},"end":{"line":190,"column":null}},"type":"if","locations":[{"start":{"line":165,"column":4},"end":{"line":190,"column":null}}]},"28":{"loc":{"start":{"line":165,"column":8},"end":{"line":165,"column":56}},"type":"binary-expr","locations":[{"start":{"line":165,"column":8},"end":{"line":165,"column":15}},{"start":{"line":165,"column":19},"end":{"line":165,"column":56}}]},"29":{"loc":{"start":{"line":170,"column":6},"end":{"line":173,"column":null}},"type":"if","locations":[{"start":{"line":170,"column":6},"end":{"line"
[...]
,"C:\\Code\\Meta Slider\\src\\components\\View\\subViews\\SliderComponents\\SliderComponents.ts": {"path":"C:\\Code\\Meta Slider\\src\\components\\View\\subViews\\SliderComponents\\SliderComponents.ts","statementMap":{"0":{"start":{"line":1,"column":0},"end":{"line":1,"column":45}},"1":{"start":{"line":2,"column":0},"end":{"line":2,"column":52}},"2":{"start":{"line":26,"column":4},"end":{"line":26,"column":12}},"3":{"start":{"line":27,"column":4},"end":{"line":27,"column":33}},"4":{"start":{"line":28,"column":4},"end":{"line":28,"column":61}},"5":{"start":{"line":29,"column":4},"end":{"line":29,"column":55}},"6":{"start":{"line":30,"column":4},"end":{"line":30,"column":53}},"7":{"start":{"line":31,"column":4},"end":{"line":31,"column":59}},"8":{"start":{"line":32,"column":4},"end":{"line":32,"column":21}},"9":{"start":{"line":36,"column":20},"end":{"line":36,"column":49}},"10":{"start":{"line":37,"column":4},"end":{"line":37,"column":34}},"11":{"start":{"line":38,"column":4},"end":{"line":38,"column":19}},"12":{"start":{"line":42,"column":35},"end":{"line":50,"column":5}},"13":{"start":{"line":43,"column":6},"end":{"line":43,"column":25}},"14":{"start":{"line":44,"column":23},"end":{"line":44,"column":73}},"15":{"start":{"line":45,"column":21},"end":{"line":45,"column":60}},"16":{"start":{"line":46,"column":6},"end":{"line":49,"column":9}},"17":{"start":{"line":52,"column":33},"end":{"line":55,"column":5}},"18":{"start":{"line":53,"column":6},"end":{"line":53,"column":74}},"19":{"start":{"line":54,"column":6},"end":{"line":54,"column":70}},"20":{"start":{"line":57,"column":4},"end":{"line":57,"column":69}},"21":{"start":{"line":58,"column":4},"end":{"line":58,"column":65}},"22":{"start":{"line":62,"column":33},"end":{"line":70,"column":5}},"23":{"start":{"line":63,"column":6},"end":{"line":63,"column":35}},"24":{"start":{"line":64,"column":23},"end":{"line":64,"column":73}},"25":{"start":{"line":65,"column":21},"end":{"line":65,"column":71}},"26":{"start":{"line":66,"column":6},"end":{"line":69,"column":9}},"27":{"start":{"line":72,"column":32},"end":{"line":75,"column":5}},"28":{"start":{"line":73,"column":6},"end":{"line":73,"column":70}},"29":{"start":{"line":74,"column":6},"end":{"line":74,"column":68}},"30":{"start":{"line":77,"column":4},"end":{"line":77,"column":65}},"31":{"start":{"line":78,"column":4},"end":{"line":78,"column":63}},"32":{"start":{"line":82,"column":4},"end":{"line":85,"column":7}},"33":{"start":{"line":89,"column":4},"end":{"line":92,"column":7}},"34":{"start":{"line":96,"column":0},"end":{"line":96,"column":32}}},"fnMap":{"0":{"name":"(anonymous_1)","decl":{"start":{"line":25,"column":2},"end":{"line":25,"column":14}},"loc":{"start":{"line":25,"column":48},"end":{"line":33,"column":3}}},"1":{"name":"(anonymous_2)","decl":{"start":{"line":35,"column":2},"end":{"line":35,"column":8}},"loc":{"start":{"line":35,"column":40},"end":{"line":39,"column":3}}},"2":{"name":"(anonymous_3)","decl":{"start":{"line":41,"column":12},"end":{"line":41,"column":30}},"loc":{"start":{"line":41,"column":59},"end":{"line":59,"column":3}}},"3":{"name":"(anonymous_4)","decl":{"start":{"line":42,"column":35},"end":{"line":42,"column":36}},"loc":{"start":{"line":42,"column":55},"end":{"line":50,"column":5}}},"4":{"name":"(anonymous_5)","decl":{"start":{"line":52,"column":33},"end":{"line":52,"column":36}},"loc":{"start":{"line":52,"column":38},"end":{"line":55,"column":5}}},"5":{"name":"(anonymous_6)","decl":{"start":{"line":61,"column":12},"end":{"line":61,"column":28}},"loc":{"start":{"line":61,"column":58},"end":{"line":79,"column":3}}},"6":{"name":"(anonymous_7)","decl":{"start":{"line":62,"column":33},"end":{"line":62,"column":34}},"loc":{"start":{"line":62,"column":51},"end":{"line":70,"column":5}}},"7":{"name":"(anonymous_8)","decl":{"start":{"line":72,"column":32},"end":{"line":72,"column":35}},"loc":{"start":{"line":72,"column":37},"end":{"line":75,"column":5}}},"8":{"name":"(anonymous_9)","decl":{"start":{"line":81,"column":12},"end":{"line":81,"column":26}},"loc":{"start":{"line":81,"column":58},"end":{"line":86,"column":3}}},"9":{"name":"(anonymous_10)","decl":{"start":{"line":88,"column":12},"end":{"line":88,"column":28}},"loc":{"start":{"line":88,"column":59},"end":{"line":93,"column":3}}}},"branchMap":{"0":{"loc":{"start":{"line":28,"column":21},"end":{"line":28,"column":60}},"type":"cond-expr","locations":[{"start":{"line":28,"column":39},"end":{"line":28,"column":48}},{"start":{"line":28,"column":51},"end":{"line":28,"column":60}}]},"1":{"loc":{"start":{"line":29,"column":22},"end":{"line":29,"column":54}},"type":"cond-expr","locations":[{"start":{"line":29,"column":40},"end":{"line":29,"column":45}},{"start":{"line":29,"column":48},"end":{"line":29,"column":54}}]},"2":{"loc":{"start":{"line":30,"column":16},"end":{"line":30,"column":52}},"type":"cond-expr","locations":[{"start":{"line":30,"column":34},"end":{"line":30,"column":42}},{"start":{"line":30,"column":45},"end":{"line":30,"column":52}}]},"3":{"loc":{"start":{"line":31,"column":15},"end":{"line":31,"column":58}},"type":"cond-expr","locations":[{"start":{"line":31,"column":33},"end":{"line":31,"column":43}},{"start":{"line":31,"column":46},"end":{"line":31,"column":58}}]}},"s":{"0":2,"1":2,"2":126,"3":126,"4":126,"5":126,"6":126,"7":126,"8":126,"9":101,"10":101,"11":101,"12":0,"13":0,"14":0,"15":0,"16":0,"17":0,"18":0,"19":0,"20":0,"21":0,"22":0,"23":0,"24":0,"25":0,"26":0,"27":0,"28":0,"29":0,"30":0,"31":0,"32":0,"33":0,"34":2},"f":{"0":126,"1":101,"2":0,"3":0,"4":0,"5":0,"6":0,"7":0,"8":0,"9":0},"b":{"0":[5,121],"1":[5,121],"2":[5,121],"3":[5,121]}}
,"C:\\Code\\Meta Slider\\src\\components\\View\\subViews\\Thumb\\Thumb.ts": {"path":"C:\\Code\\Meta Slider\\src\\components\\View\\subViews\\Thumb\\Thumb.ts","statementMap":{"0":{"start":{"line":2,"column":0},"end":{"line":2,"column":68}},"1":{"start":{"line":3,"column":0},"end":{"line":3,"column":22}},"2":{"start":{"line":20,"column":8},"end":{"line":20,"column":14}},"3":{"start":{"line":22,"column":4},"end":{"line":22,"column":28}},"4":{"start":{"line":23,"column":4},"end":{"line":23,"column":37}},"5":{"start":{"line":24,"column":4},"end":{"line":24,"column":22}},"6":{"start":{"line":26,"column":4},"end":{"line":26,"column":73}},"7":{"start":{"line":27,"column":4},"end":{"line":27,"column":65}},"8":{"start":{"line":28,"column":4},"end":{"line":28,"column":61}},"9":{"start":{"line":29,"column":4},"end":{"line":29,"column":16}},"10":{"start":{"line":33,"column":4},"end":{"line":33,"column":103}},"11":{"start":{"line":34,"column":4},"end":{"line":34,"column":40}},"12":{"start":{"line":35,"column":4},"end":{"line":35,"column":35}},"13":{"start":{"line":36,"column":4},"end":{"line":36,"column":40}},"14":{"start":{"line":37,"column":4},"end":{"line":37,"column":40}},"15":{"start":{"line":38,"column":4},"end":{"line":38,"column":24}},"16":{"start":{"line":42,"column":4},"end":{"line":42,"column":37}},"17":{"start":{"line":43,"column":4},"end":{"line":43,"column":21}},"18":{"start":{"line":44,"column":4},"end":{"line":46,"column":null}},"19":{"start":{"line":45,"column":6},"end":{"line":45,"column":73}},"20":{"start":{"line":50,"column":4},"end":{"line":50,"column":29}},"21":{"start":{"line":54,"column":4},"end":{"line":54,"column":24}},"22":{"start":{"line":58,"column":4},"end":{"line":58,"column":48}},"23":{"start":{"line":58,"column":41},"end":{"line":58,"column":48}},"24":{"start":{"line":59,"column":4},"end":{"line":61,"column":null}},"25":{"start":{"line":60,"column":6},"end":{"line":60,"column":44}},"26":{"start":{"line":62,"column":4},"end":{"line":64,"column":null}},"27":{"start":{"line":63,"column":6},"end":{"line":63,"column":43}},"28":{"start":{"line":65,"column":4},"end":{"line":67,"column":null}},"29":{"start":{"line":66,"column":6},"end":{"line":66,"column":44}},"30":{"start":{"line":68,"column":4},"end":{"line":70,"column":null}},"31":{"start":{"line":69,"column":6},"end":{"line":69,"column":43}},"32":{"start":{"line":74,"column":4},"end":{"line":74,"column":48}},"33":{"start":{"line":74,"column":41},"end":{"line":74,"column":48}},"34":{"start":{"line":75,"column":4},"end":{"line":75,"column":83}},"35":{"start":{"line":76,"column":4},"end":{"line":76,"column":75}},"36":{"start":{"line":77,"column":4},"end":{"line":80,"column":6}},"37":{"start":{"line":84,"column":4},"end":{"line":84,"column":23}},"38":{"start":{"line":85,"column":4},"end":{"line":85,"column":48}},"39":{"start":{"line":85,"column":41},"end":{"line":85,"column":48}},"40":{"start":{"line":86,"column":24},"end":{"line":86,"column":82}},"41":{"start":{"line":87,"column":4},"end":{"line":88,"column":68}},"42":{"start":{"line":89,"column":4},"end":{"line":89,"column":53}},"43":{"start":{"line":93,"column":4},"end":{"line":93,"column":23}},"44":{"start":{"line":94,"column":4},"end":{"line":94,"column":48}},"45":{"start":{"line":94,"column":41},"end":{"line":94,"column":48}},"46":{"start":{"line":95,"column":4},"end":{"line":96,"column":68}},"47":{"start":{"line":97,"column":4},"end":{"line":97,"column":21}},"48":{"start":{"line":98,"column":4},"end":{"line":98,"column":55}},"49":{"start":{"line":102,"column":4},"end":{"line":102,"column":23}},"50":{"start":{"line":103,"column":20},"end":{"line":103,"column":21}},"51":{"start":{"line":104,"column":4},"end":{"line":104,"column":116}},"52":{"start":{"line":104,"column":97},"end":{"line":104,"column":116}},"53":{"start":{"line":105,"column":4},"end":{"line":107,"column":null}},"54":{"start":{"line":106,"column":6},"end":{"line":106,"column":54}},"55":{"start":{"line":109,"column":4},"end":{"line":111,"column":null}},"56":{"start":{"line":110,"column":6},"end":{"line":110,"column":54}},"57":{"start":{"line":115,"column":0},"end":{"line":115,"column":21}}},"fnMap":{"0":{"name":"(anonymous_1)","decl":{"start":{"line":14,"column":2},"end":{"line":14,"column":14}},"loc":{"start":{"line":14,"column":31},"end":{"line":30,"column":3}}},"1":{"name":"(anonymous_2)","decl":{"start":{"line":32,"column":10},"end":{"line":32,"column":14}},"loc":{"start":{"line":32,"column":14},"end":{"line":39,"column":3}}},"2":{"name":"(anonymous_3)","decl":{"start":{"line":41,"column":9},"end":{"line":41,"column":20}},"loc":{"start":{"line":41,"column":41},"end":{"line":47,"column":3}}},"3":{"name":"(anonymous_4)","decl":{"start":{"line":49,"column":9},"end":{"line":49,"column":17}},"loc":{"start":{"line":49,"column":17},"end":{"line":51,"column":3}}},"4":{"name":"(anonymous_5)","decl":{"start":{"line":53,"column":9},"end":{"line":53,"column":19}},"loc":{"start":{"line":53,"column":19},"end":{"line":55,"column":3}}},"5":{"name":"(anonymous_6)","decl":{"start":{"line":57,"column":10},"end":{"line":57,"column":19}},"loc":{"start":{"line":57,"column":19},"end":{"line":71,"column":3}}},"6":{"name":"(anonymous_7)","decl":{"start":{"line":73,"column":10},"end":{"line":73,"column":22}},"loc":{"start":{"line":73,"column":22},"end":{"line":81,"column":3}}},"7":{"name":"(anonymous_8)","decl":{"start":{"line":83,"column":10},"end":{"line":83,"column":26}},"loc":{"start":{"line":83,"column":40},"end":{"line":90,"column":3}}},"8":{"name":"(anonymous_9)","decl":{"start":{"line":92,"column":10},"end":{"line":92,"column":32}},"loc":{"start":{"line":92,"column":48},"end":{"line":99,"column":3}}},"9":{"name":"(anonymous_10)","decl":{"start":{"line":101,"column":10},"end":{"line":101,"column":28}},"loc":{"start":{"line":101,"column":45},"end":{"line":112,"column":3}}}},"branchMap":{"0":{"loc":{"start":{"line":17,"column":6},"end":{"line":17,"column":22}},"type":"default-arg","locations":[{"start":{"line":17,"column":21},"end":{"line":17,"column":22}}]},"1":{"loc":{"start":{"line":18,"column":6},"end":{"line":18,"column":22}},"type":"default-arg","locations":[{"start":{"line":18,"column":11},"end":{"line":18,"column":22}}]},"2":{"loc":{"start":{"line":44,"column":4},"end":{"line":46,"column":null}},"type":"if","locations":[{"start":{"line":44,"column":4},"end":{"line":46,"column":null}}]},"3":{"loc":{"start":{"line":58,"column":4},"end":{"line":58,"column":48}},"type":"if","locations":[{"start":{"line":58,"column":4},"end":{"line":58,"column":48}}]},"4":{"loc":{"start":{"line":59,"column":4},"end":{"line":61,"column":null}},"type":"if","locations":[{"start":{"line":59,"column":4},"end":{"line":61,"column":null}}]},"5":{"loc":{"start":{"line":59,"column":8},"end":{"line":59,"column":65}},"type":"binary-expr","locations":[{"start":{"line":59,"column":8},"end":{"line":59,"column":36}},{"start":{"line":59,"column":40},"end":{"line":59,"column":65}}]},"6":{"loc":{"start":{"line":62,"column":4},"end":{"line":64,"column":null}},"type":"if","locations":[{"start":{"line":62,"column":4},"end":{"line":64,"column":null}}]},"7":{"loc":{"start":{"line":62,"column":8},"end":{"line":62,"column":63}},"type":"binary-expr","locations":[{"start":{"line":62,"column":8},"end":{"line":62,"column":36}},{"start":{"line":62,"column":40},"end":{"line":62,"column":63}}]},"8":{"loc":{"start":{"line":65,"column":4},"end":{"line":67,"column":null}},"type":"if","locations":[{"start":{"line":65,"column":4},"end":{"line":67,"column":null}}]},"9":{"loc":{"start":{"line":65,"column":8},"end":{"line":65,"column":61}},"type":"binary-expr","locations":[{"start":{"line":65,"column":8},"end":{"line":65,"column":34}},{"start":{"line":65,"column":38},"end":{"line":65,"column":61}}]},"10":{"loc":{"start":{"line":68,"column":4},"end":{"line":70,"column":null}},"type":"if","locations":[{"start":{"line":68,"column":4},"end":{"line":70,"column":null}}]},"11":{"loc":{"start":{"line":68,"column":8},"end":{"line":68,"column":59}},"type":"binary-expr","locations":[{"start":{"line":68,"column":8},"end":{"line":68,"column":34}},{"start":{"line":68,"column":38},"end":{"line":68,"column":59}}]},"12":{"loc":{"start":{"line":74,"column":4},"end":{"line":74,"column":48}},"type":"if","locations":[{"start":{"line":74,"column":4},"end":{"line":74,"column":48}}]},"13":{"loc":{"start":{"line":85,"column":4},"end":{"line":85,"column":48}},"type":"if","locations":[{"start":{"line":85,"column":4},"end":{"line":85,"column":48}}]},"14":{"loc":{"start":{"line":94,"column":4},"end":{"line":94,"column":48}},"type":"if","locations":[{"start":{"line":94,"column":4},"end":{"line":94,"column":48}}]},"15":{"loc":{"start":{"line":104,"column":4},"end":{"line":104,"column":116}},"type":"if","locations":[{"start":{"line":104,"column":4},"end":{"line":104,"column":116}}]},"16":{"loc":{"start":{"line":104,"column":8},"end":{"line":104,"column":95}},"type":"binary-expr","locations":[{"start":{"line":104,"column":8},"end":{"line":104,"column":27}},{"start":{"line":104,"column":31},"end":{"line":104,"column":48}},{"start":{"line":104,"column":52},"end":{"line":104,"column":72}},{"start":{"line":104,"column":76},"end":{"line":104,"column":95}}]},"17":{"loc":{"start":{"line":105,"column":4},"end":{"line":107,"column":null}},"type":"if","locations":[{"start":{"line":105,"column":4},"end":{"line":107,"column":null}}]},"18":{"loc":{"start":{"line":105,"column":8},"end":{"line":105,"column":91}},"type":"binary-expr","locations":[{"start":{"line":105,"column":9},"end":{"line":105,"column":28}},{"start":{"line":105,"column":32},"end":{"line":105,"column":48}},{"start":{"line":105,"column":54},"end":{"line":105,"column":71}},{"start":{"line":105,"column":75},"end":{"line":105,"column":90}}]},"19":{"loc":{"start":{"line":109,"column":4},"end":{"line":111,"column":null}},"type":"if","locations":[{"start":{"line":109,"column":4},"end":{"line":111,"column":null}}]},"20":{"loc":{"start":{"line":109,"column":8},"end":{"line":109,"column":94}},"type":"binary-expr","locations":[{"start":{"line":109,"column":9},"end":{"line":109,"column":29}},{"start":{"line":109,"column":33},"end":{"line":109,"column":49}},{"start":{"line":109,"column":55},"end":{"line":109,"column":74}},{"start":{"line":109,"column":78},"end":{"line":109,"column":93}}]}},"s":{"0":2,"1":2,"2":28,"3":28,"4":28,"5":28,"6":28,"7":28,"8":28,"9":28,"10":28,"11":28,"12":28,"13":28,"14":28,"15":28,"16":57,"17":57,"18":57,"19":57,"20":0,"21":0,"22":57,"23":0,"24":57,"25":0,"26":57,"27":51,"28":57,"29":0,"30":57,"31":6,"32":28,"33":0,"34":28,"35":28,"36":28,"37":0,"38":0,"39":0,"40":0,"41":0,"42":0,"43":0,"44":0,"45":0,"46":0,"47":0,"48":0,"49":0,"50":0,"51":0,"52":0,"53":0,"54":0,"55":0,"56":0,"57":2},"f":{"0":28,"1":28,"2":57,"3":0,"4":0,"5":57,"6":28,"7":0,"8":0,"9":0},"b":{"0":[0],"1":[0],"2":[57],"3":[0],"4":[0],"5":[57,51],"6":[51],"7":[57,51],"8":[0],"9":[57,6],"10":[6],"11":[57,6],"12":[0],"13":[0],"14":[0],"15":[0],"16":[0,0,0,0],"17":[0],"18":[0,0,0,0],"19":[0],"20":[0,0,0,0]}}
,"C:\\Code\\Meta Slider\\src\\components\\View\\subViews\\Tip\\Tip.ts": {"path":"C:\\Code\\Meta Slider\\src\\components\\View\\subViews\\Tip\\Tip.ts","statementMap":{"0":{"start":{"line":2,"column":0},"end":{"line":2,"column":68}},"1":{"start":{"line":3,"column":0},"end":{"line":3,"column":20}},"2":{"start":{"line":18,"column":8},"end":{"line":18,"column":12}},"3":{"start":{"line":20,"column":4},"end":{"line":20,"column":28}},"4":{"start":{"line":21,"column":4},"end":{"line":21,"column":43}},"5":{"start":{"line":22,"column":4},"end":{"line":22,"column":29}},"6":{"start":{"line":24,"column":4},"end":{"line":24,"column":32}},"7":{"start":{"line":25,"column":4},"end":{"line":25,"column":18}},"8":{"start":{"line":29,"column":4},"end":{"line":29,"column":39}},"9":{"start":{"line":33,"column":4},"end":{"line":33,"column":36}},"10":{"start":{"line":37,"column":4},"end":{"line":37,"column":32}},"11":{"start":{"line":41,"column":4},"end":{"line":41,"column":60}},"12":{"start":{"line":42,"column":4},"end":{"line":42,"column":36}},"13":{"start":{"line":46,"column":16},"end":{"line":46,"column":90}},"14":{"start":{"line":47,"column":4},"end":{"line":47,"column":56}},"15":{"start":{"line":48,"column":4},"end":{"line":48,"column":39}},"16":{"start":{"line":49,"column":4},"end":{"line":49,"column":61}},"17":{"start":{"line":50,"column":4},"end":{"line":50,"column":15}},"18":{"start":{"line":54,"column":4},"end":{"line":54,"column":31}},"19":{"start":{"line":58,"column":0},"end":{"line":58,"column":19}}},"fnMap":{"0":{"name":"(anonymous_1)","decl":{"start":{"line":12,"column":2},"end":{"line":12,"column":14}},"loc":{"start":{"line":12,"column":27},"end":{"line":26,"column":3}}},"1":{"name":"(anonymous_2)","decl":{"start":{"line":28,"column":9},"end":{"line":28,"column":20}},"loc":{"start":{"line":28,"column":46},"end":{"line":30,"column":3}}},"2":{"name":"(anonymous_3)","decl":{"start":{"line":32,"column":9},"end":{"line":32,"column":16}},"loc":{"start":{"line":32,"column":16},"end":{"line":34,"column":3}}},"3":{"name":"(anonymous_4)","decl":{"start":{"line":36,"column":9},"end":{"line":36,"column":16}},"loc":{"start":{"line":36,"column":16},"end":{"line":38,"column":3}}},"4":{"name":"(anonymous_5)","decl":{"start":{"line":40,"column":9},"end":{"line":40,"column":20}},"loc":{"start":{"line":40,"column":59},"end":{"line":43,"column":3}}},"5":{"name":"(anonymous_6)","decl":{"start":{"line":45,"column":10},"end":{"line":45,"column":19}},"loc":{"start":{"line":45,"column":19},"end":{"line":51,"column":3}}},"6":{"name":"(anonymous_7)","decl":{"start":{"line":53,"column":10},"end":{"line":53,"column":16}},"loc":{"start":{"line":53,"column":16},"end":{"line":55,"column":3}}}},"branchMap":{},"s":{"0":2,"1":2,"2":23,"3":23,"4":23,"5":23,"6":23,"7":23,"8":0,"9":0,"10":3,"11":23,"12":23,"13":23,"14":23,"15":23,"16":23,"17":23,"18":23,"19":2},"f":{"0":23,"1":0,"2":0,"3":3,"4":23,"5":23,"6":23},"b":{}}
}
