TN:
SF:demo-page\Demo-page.ts
FN:58,(anonymous_1)
FN:94,(anonymous_2)
FN:117,(anonymous_3)
FN:121,(anonymous_4)
FN:127,(anonymous_5)
FN:142,(anonymous_6)
FN:174,(anonymous_7)
FN:181,(anonymous_8)
FN:187,(anonymous_9)
FN:266,(anonymous_10)
FN:268,(anonymous_11)
FN:290,(anonymous_12)
FN:296,(anonymous_13)
FN:299,(anonymous_14)
FN:302,(anonymous_15)
FN:313,(anonymous_16)
FN:324,(anonymous_17)
FN:326,(anonymous_18)
FN:331,(anonymous_19)
FN:342,(anonymous_20)
FNF:20
FNH:0
FNDA:0,(anonymous_1)
FNDA:0,(anonymous_2)
FNDA:0,(anonymous_3)
FNDA:0,(anonymous_4)
FNDA:0,(anonymous_5)
FNDA:0,(anonymous_6)
FNDA:0,(anonymous_7)
FNDA:0,(anonymous_8)
FNDA:0,(anonymous_9)
FNDA:0,(anonymous_10)
FNDA:0,(anonymous_11)
FNDA:0,(anonymous_12)
FNDA:0,(anonymous_13)
FNDA:0,(anonymous_14)
FNDA:0,(anonymous_15)
FNDA:0,(anonymous_16)
FNDA:0,(anonymous_17)
FNDA:0,(anonymous_18)
FNDA:0,(anonymous_19)
FNDA:0,(anonymous_20)
DA:1,0
DA:3,0
DA:4,0
DA:59,0
DA:67,0
DA:76,0
DA:84,0
DA:86,0
DA:87,0
DA:88,0
DA:89,0
DA:90,0
DA:91,0
DA:95,0
DA:97,0
DA:111,0
DA:112,0
DA:114,0
DA:118,0
DA:119,0
DA:120,0
DA:121,0
DA:122,0
DA:123,0
DA:127,0
DA:130,0
DA:131,0
DA:132,0
DA:133,0
DA:134,0
DA:143,0
DA:145,0
DA:146,0
DA:147,0
DA:148,0
DA:149,0
DA:150,0
DA:151,0
DA:152,0
DA:154,0
DA:155,0
DA:156,0
DA:157,0
DA:159,0
DA:161,0
DA:162,0
DA:163,0
DA:164,0
DA:165,0
DA:167,0
DA:171,0
DA:175,0
DA:176,0
DA:177,0
DA:182,0
DA:183,0
DA:184,0
DA:188,0
DA:189,0
DA:190,0
DA:191,0
DA:193,0
DA:194,0
DA:195,0
DA:197,0
DA:198,0
DA:199,0
DA:200,0
DA:203,0
DA:204,0
DA:205,0
DA:208,0
DA:209,0
DA:210,0
DA:213,0
DA:214,0
DA:216,0
DA:217,0
DA:220,0
DA:221,0
DA:222,0
DA:223,0
DA:226,0
DA:227,0
DA:228,0
DA:231,0
DA:233,0
DA:234,0
DA:235,0
DA:236,0
DA:237,0
DA:240,0
DA:241,0
DA:242,0
DA:243,0
DA:244,0
DA:247,0
DA:248,0
DA:249,0
DA:252,0
DA:253,0
DA:254,0
DA:257,0
DA:258,0
DA:259,0
DA:261,0
DA:262,0
DA:267,0
DA:268,0
DA:269,0
DA:270,0
DA:271,0
DA:272,0
DA:273,0
DA:274,0
DA:277,0
DA:278,0
DA:279,0
DA:281,0
DA:285,0
DA:291,0
DA:292,0
DA:293,0
DA:297,0
DA:298,0
DA:299,0
DA:300,0
DA:302,0
DA:303,0
DA:304,0
DA:305,0
DA:306,0
DA:309,0
DA:310,0
DA:314,0
DA:316,0
DA:317,0
DA:318,0
DA:321,0
DA:325,0
DA:326,0
DA:327,0
DA:328,0
DA:331,0
DA:332,0
DA:333,0
DA:334,0
DA:337,0
DA:338,0
DA:342,0
LF:150
LH:0
BRDA:84,0,0,0
BRDA:100,1,0,0
BRDA:100,1,1,0
BRDA:101,2,0,0
BRDA:101,2,1,0
BRDA:102,3,0,0
BRDA:102,3,1,0
BRDA:103,4,0,0
BRDA:103,4,1,0
BRDA:118,5,0,0
BRDA:119,6,0,0
BRDA:119,7,0,0
BRDA:119,7,1,0
BRDA:122,8,0,0
BRDA:130,9,0,0
BRDA:130,9,1,0
BRDA:130,10,0,0
BRDA:130,10,1,0
BRDA:131,11,0,0
BRDA:131,11,1,0
BRDA:131,12,0,0
BRDA:131,12,1,0
BRDA:132,13,0,0
BRDA:133,14,0,0
BRDA:133,14,1,0
BRDA:133,15,0,0
BRDA:133,15,1,0
BRDA:134,16,0,0
BRDA:134,16,1,0
BRDA:134,17,0,0
BRDA:134,17,1,0
BRDA:143,18,0,0
BRDA:146,19,0,0
BRDA:146,20,0,0
BRDA:146,20,1,0
BRDA:148,21,0,0
BRDA:151,22,0,0
BRDA:154,23,0,0
BRDA:154,23,1,0
BRDA:156,24,0,0
BRDA:156,24,1,0
BRDA:161,25,0,0
BRDA:163,26,0,0
BRDA:163,27,0,0
BRDA:163,27,1,0
BRDA:164,28,0,0
BRDA:175,29,0,0
BRDA:176,30,0,0
BRDA:176,31,0,0
BRDA:176,31,1,0
BRDA:182,32,0,0
BRDA:183,33,0,0
BRDA:188,34,0,0
BRDA:189,35,0,0
BRDA:195,36,0,0
BRDA:198,37,0,0
BRDA:227,38,0,0
BRDA:233,39,0,0
BRDA:235,40,0,0
BRDA:236,41,0,0
BRDA:242,42,0,0
BRDA:243,43,0,0
BRDA:261,44,0,0
BRDA:261,45,0,0
BRDA:261,45,1,0
BRDA:261,46,0,0
BRDA:261,46,1,0
BRDA:262,47,0,0
BRDA:262,47,1,0
BRDA:262,48,0,0
BRDA:262,48,1,0
BRDA:267,49,0,0
BRDA:269,50,0,0
BRDA:270,51,0,0
BRDA:270,51,1,0
BRDA:270,52,0,0
BRDA:270,52,1,0
BRDA:271,53,0,0
BRDA:272,54,0,0
BRDA:273,55,0,0
BRDA:273,56,0,0
BRDA:273,56,1,0
BRDA:277,57,0,0
BRDA:277,58,0,0
BRDA:277,58,1,0
BRDA:278,59,0,0
BRDA:278,59,1,0
BRDA:297,60,0,0
BRDA:303,61,0,0
BRDA:304,62,0,0
BRDA:304,62,1,0
BRDA:304,63,0,0
BRDA:304,63,1,0
BRDA:305,64,0,0
BRDA:305,64,1,0
BRDA:305,65,0,0
BRDA:305,65,1,0
BRDA:309,66,0,0
BRDA:309,66,1,0
BRDA:309,67,0,0
BRDA:309,67,1,0
BRDA:310,68,0,0
BRDA:310,68,1,0
BRDA:310,69,0,0
BRDA:310,69,1,0
BRDA:317,70,0,0
BRDA:317,71,0,0
BRDA:317,71,1,0
BRDA:317,71,2,0
BRDA:317,71,3,0
BRF:110
BRH:0
end_of_record
TN:
SF:src\slider.ts
FN:11,sliderPlugin
FNF:1
FNH:0
FNDA:0,sliderPlugin
DA:1,0
DA:2,0
DA:3,0
DA:11,0
DA:12,0
DA:13,0
DA:14,0
LF:7
LH:0
BRF:0
BRH:0
end_of_record
TN:
SF:src\Observer\Observer.ts
FN:9,(anonymous_0)
FN:12,(anonymous_1)
FN:21,(anonymous_2)
FN:22,(anonymous_3)
FN:25,(anonymous_4)
FN:27,(anonymous_5)
FNF:6
FNH:4
FNDA:212,(anonymous_0)
FNDA:141,(anonymous_1)
FNDA:0,(anonymous_2)
FNDA:0,(anonymous_3)
FNDA:4,(anonymous_4)
FNDA:1,(anonymous_5)
DA:10,212
DA:13,141
DA:14,0
DA:15,0
DA:17,141
DA:22,0
DA:26,4
DA:27,4
DA:28,1
DA:33,4
LF:10
LH:7
BRDA:13,0,0,0
BRDA:13,0,1,141
BRDA:26,1,0,4
BRDA:26,1,1,3
BRF:4
BRH:3
end_of_record
TN:
SF:src\Observer\events.ts
FNF:0
FNH:0
DA:1,4
DA:5,4
DA:14,4
LF:3
LH:3
BRF:0
BRH:0
end_of_record
TN:
SF:src\components\Interfaces.ts
FNF:0
FNH:0
DA:41,3
DA:133,3
LF:2
LH:2
BRF:0
BRH:0
end_of_record
TN:
SF:src\components\Model\Model.ts
FN:17,(anonymous_0)
FN:22,(anonymous_1)
FN:27,(anonymous_2)
FN:31,(anonymous_3)
FN:36,(anonymous_4)
FN:40,(anonymous_5)
FN:47,(anonymous_6)
FN:51,(anonymous_7)
FN:98,(anonymous_8)
FN:122,(anonymous_9)
FN:145,(anonymous_10)
FN:170,(anonymous_11)
FN:190,(anonymous_12)
FN:196,(anonymous_13)
FN:201,(anonymous_14)
FNF:15
FNH:15
FNDA:31,(anonymous_0)
FNDA:9,(anonymous_1)
FNDA:41,(anonymous_2)
FNDA:2,(anonymous_3)
FNDA:4,(anonymous_4)
FNDA:1,(anonymous_5)
FNDA:31,(anonymous_6)
FNDA:2,(anonymous_7)
FNDA:2,(anonymous_8)
FNDA:1,(anonymous_9)
FNDA:1,(anonymous_10)
FNDA:2,(anonymous_11)
FNDA:31,(anonymous_12)
FNDA:31,(anonymous_13)
FNDA:2,(anonymous_14)
DA:1,3
DA:18,31
DA:19,31
DA:23,9
DA:24,9
DA:28,41
DA:32,2
DA:33,2
DA:37,4
DA:41,1
DA:42,1
DA:43,1
DA:44,1
DA:48,31
DA:56,2
DA:58,2
DA:59,2
DA:60,2
DA:62,2
DA:63,2
DA:65,2
DA:66,2
DA:68,2
DA:69,2
DA:74,2
DA:75,2
DA:76,2
DA:78,0
DA:79,0
DA:82,2
DA:83,2
DA:85,2
DA:86,0
DA:87,0
DA:89,2
DA:91,2
DA:103,2
DA:105,2
DA:106,1
DA:113,2
DA:114,1
DA:127,1
DA:132,1
DA:134,1
DA:141,0
DA:142,1
DA:150,1
DA:155,1
DA:157,1
DA:164,0
DA:165,1
DA:166,1
DA:177,2
DA:179,2
DA:181,2
DA:182,2
DA:183,2
DA:184,1
DA:187,2
DA:191,31
DA:192,31
DA:193,31
DA:197,31
DA:198,31
DA:202,2
DA:203,2
DA:205,2
DA:212,3
LF:68
LH:62
BRDA:58,0,0,0
BRDA:74,1,0,2
BRDA:74,1,1,0
BRDA:85,2,0,0
BRDA:85,3,0,2
BRDA:85,3,1,2
BRDA:89,4,0,0
BRDA:105,5,0,1
BRDA:113,6,0,1
BRDA:134,7,0,0
BRDA:134,7,1,1
BRDA:134,8,0,1
BRDA:134,8,1,0
BRDA:134,8,2,0
BRDA:142,9,0,1
BRDA:157,10,0,0
BRDA:157,10,1,1
BRDA:157,11,0,1
BRDA:157,11,1,0
BRDA:165,12,0,1
BRDA:181,13,0,2
BRDA:181,13,1,0
BRDA:181,13,2,0
BRDA:183,14,0,1
BRDA:183,15,0,2
BRDA:183,15,1,2
BRDA:184,16,0,0
BRDA:184,16,1,1
BRDA:187,17,0,2
BRDA:187,17,1,0
BRDA:202,18,0,0
BRDA:202,19,0,2
BRDA:202,19,1,2
BRF:33
BRH:19
end_of_record
TN:
SF:src\components\Model\ModelFacade.ts
FN:23,(anonymous_1)
FN:30,(anonymous_2)
FN:35,(anonymous_3)
FN:46,(anonymous_4)
FN:50,(anonymous_5)
FN:54,(anonymous_6)
FN:58,(anonymous_7)
FN:92,(anonymous_8)
FN:100,(anonymous_9)
FNF:9
FNH:9
FNDA:31,(anonymous_1)
FNDA:2,(anonymous_2)
FNDA:14,(anonymous_3)
FNDA:8,(anonymous_4)
FNDA:1,(anonymous_5)
FNDA:2,(anonymous_6)
FNDA:1,(anonymous_7)
FNDA:3,(anonymous_8)
FNDA:1,(anonymous_9)
DA:1,3
DA:2,3
DA:11,3
DA:12,3
DA:24,31
DA:25,31
DA:26,31
DA:27,31
DA:31,2
DA:32,2
DA:36,14
DA:37,0
DA:38,0
DA:43,14
DA:47,8
DA:51,1
DA:55,2
DA:59,1
DA:61,1
DA:62,1
DA:63,1
DA:64,1
DA:65,1
DA:67,1
DA:68,1
DA:69,1
DA:70,1
DA:71,1
DA:73,1
DA:74,0
DA:79,1
DA:83,1
DA:84,0
DA:85,0
DA:86,0
DA:87,0
DA:88,0
DA:93,3
DA:94,3
DA:95,3
DA:96,3
DA:97,3
DA:101,1
DA:102,1
DA:103,1
DA:107,1
DA:111,3
LF:47
LH:39
BRDA:36,0,0,0
BRDA:59,1,0,1
BRDA:59,1,1,0
BRDA:61,2,0,1
BRDA:64,3,0,0
BRDA:65,4,0,0
BRDA:73,5,0,0
BRDA:73,5,1,1
BRDA:83,6,0,0
BRDA:83,7,0,1
BRDA:83,7,1,0
BRDA:83,7,2,0
BRDA:101,8,0,1
BRDA:101,8,1,0
BRF:14
BRH:5
end_of_record
TN:
SF:src\components\Model\Validator.ts
FN:35,(anonymous_0)
FN:58,(anonymous_1)
FN:72,(anonymous_2)
FN:104,(anonymous_3)
FN:135,(anonymous_4)
FN:154,(anonymous_5)
FN:194,(anonymous_6)
FN:221,(anonymous_7)
FN:246,(anonymous_8)
FN:252,(anonymous_9)
FN:267,(anonymous_10)
FN:280,(anonymous_11)
FN:285,(anonymous_12)
FN:304,(anonymous_13)
FN:329,(anonymous_14)
FN:340,(anonymous_15)
FNF:16
FNH:16
FNDA:40,(anonymous_0)
FNDA:85,(anonymous_1)
FNDA:3,(anonymous_2)
FNDA:1,(anonymous_3)
FNDA:1,(anonymous_4)
FNDA:2,(anonymous_5)
FNDA:85,(anonymous_6)
FNDA:85,(anonymous_7)
FNDA:1,(anonymous_8)
FNDA:85,(anonymous_9)
FNDA:85,(anonymous_10)
FNDA:261,(anonymous_11)
FNDA:85,(anonymous_12)
FNDA:90,(anonymous_13)
FNDA:85,(anonymous_14)
FNDA:90,(anonymous_15)
DA:10,40
DA:35,40
DA:36,40
DA:47,40
DA:55,40
DA:59,85
DA:60,85
DA:61,85
DA:65,85
DA:66,85
DA:67,85
DA:68,85
DA:69,85
DA:75,3
DA:77,3
DA:79,1
DA:80,1
DA:83,0
DA:84,0
DA:87,0
DA:88,0
DA:91,0
DA:92,0
DA:95,2
DA:97,2
DA:98,2
DA:99,2
DA:100,2
DA:101,2
DA:110,1
DA:112,1
DA:113,1
DA:114,1
DA:115,1
DA:116,1
DA:117,1
DA:118,1
DA:120,1
DA:121,11
DA:122,10
DA:123,10
DA:124,10
DA:125,10
DA:127,10
DA:131,1
DA:132,1
DA:136,1
DA:137,1
DA:138,1
DA:139,1
DA:140,1
DA:142,1
DA:145,1
DA:146,1
DA:148,1
DA:149,0
DA:151,0
DA:155,2
DA:156,2
DA:157,2
DA:159,2
DA:160,1
DA:161,1
DA:162,1
DA:165,1
DA:166,1
DA:167,1
DA:168,1
DA:170,1
DA:171,1
DA:172,1
DA:175,1
DA:176,0
DA:177,0
DA:178,0
DA:180,0
DA:181,0
DA:182,0
DA:186,1
DA:187,1
DA:188,1
DA:189,1
DA:191,0
DA:202,85
DA:204,85
DA:205,85
DA:206,85
DA:207,85
DA:208,85
DA:209,85
DA:210,0
DA:213,85
DA:214,85
DA:215,5
DA:218,85
DA:228,85
DA:230,85
DA:231,85
DA:232,85
DA:233,85
DA:234,85
DA:235,85
DA:237,85
DA:247,1
DA:248,1
DA:249,1
DA:253,85
DA:254,85
DA:255,85
DA:256,85
DA:257,3
DA:260,85
DA:261,4
DA:263,85
DA:264,85
DA:268,85
DA:269,85
DA:270,85
DA:272,85
DA:273,3
DA:275,85
DA:276,85
DA:277,85
DA:281,261
DA:282,261
DA:286,85
DA:287,85
DA:289,85
DA:290,5
DA:293,85
DA:295,1
DA:299,85
DA:300,85
DA:301,85
DA:305,90
DA:306,90
DA:307,90
DA:308,1
DA:309,1
DA:312,89
DA:313,6
DA:314,6
DA:315,6
DA:318,89
DA:319,3
DA:322,89
DA:323,7
DA:326,89
DA:330,85
DA:331,85
DA:332,85
DA:333,85
DA:334,85
DA:335,5
DA:336,5
DA:341,90
DA:342,90
DA:343,90
DA:344,90
DA:345,90
DA:349,4
LF:161
LH:145
BRDA:77,0,0,1
BRDA:77,1,0,3
BRDA:77,1,1,1
BRDA:77,1,2,1
BRDA:79,2,0,1
BRDA:79,3,0,1
BRDA:79,3,1,1
BRDA:83,4,0,0
BRDA:83,5,0,0
BRDA:83,5,1,0
BRDA:87,6,0,0
BRDA:87,7,0,0
BRDA:87,7,1,0
BRDA:87,7,2,0
BRDA:91,8,0,0
BRDA:91,9,0,0
BRDA:91,9,1,0
BRDA:91,9,2,0
BRDA:95,10,0,0
BRDA:95,11,0,2
BRDA:95,11,1,2
BRDA:99,12,0,0
BRDA:100,13,0,0
BRDA:121,14,0,10
BRDA:136,15,0,0
BRDA:137,16,0,0
BRDA:138,17,0,0
BRDA:139,18,0,0
BRDA:140,19,0,0
BRDA:140,20,0,1
BRDA:140,20,1,1
BRDA:142,21,0,1
BRDA:142,22,0,1
BRDA:142,22,1,1
BRDA:142,22,2,1
BRDA:148,23,0,1
BRDA:148,24,0,1
BRDA:148,24,1,1
BRDA:149,25,0,0
BRDA:159,26,0,1
BRDA:165,27,0,1
BRDA:165,28,0,1
BRDA:165,28,1,1
BRDA:170,29,0,1
BRDA:175,30,0,0
BRDA:175,31,0,1
BRDA:175,31,1,1
BRDA:180,32,0,0
BRDA:209,33,0,0
BRDA:209,34,0,85
BRDA:209,34,1,85
BRDA:213,35,0,0
BRDA:214,36,0,5
BRDA:214,37,0,85
BRDA:214,37,1,5
BRDA:230,38,0,0
BRDA:231,39,0,84
BRDA:231,39,1,1
BRDA:232,40,0,85
BRDA:232,40,1,0
BRDA:233,41,0,85
BRDA:233,41,1,0
BRDA:234,42,0,85
BRDA:234,42,1,0
BRDA:235,43,0,85
BRDA:235,43,1,0
BRDA:248,44,0,0
BRDA:248,45,0,1
BRDA:248,45,1,1
BRDA:253,46,0,0
BRDA:254,47,0,0
BRDA:255,48,0,0
BRDA:256,49,0,3
BRDA:260,50,0,4
BRDA:268,51,0,0
BRDA:269,52,0,0
BRDA:272,53,0,3
BRDA:275,54,0,0
BRDA:276,55,0,0
BRDA:286,56,0,0
BRDA:289,57,0,5
BRDA:289,58,0,85
BRDA:289,58,1,5
BRDA:293,59,0,1
BRDA:293,60,0,85
BRDA:293,60,1,5
BRDA:293,60,2,1
BRDA:299,61,0,0
BRDA:301,62,0,5
BRDA:306,63,0,0
BRDA:307,64,0,1
BRDA:312,65,0,6
BRDA:312,66,0,89
BRDA:312,66,1,7
BRDA:318,67,0,3
BRDA:322,68,0,7
BRDA:330,69,0,0
BRDA:331,70,0,0
BRDA:334,71,0,5
BRDA:340,72,0,0
BRDA:342,73,0,0
BRF:101
BRH:57
end_of_record
TN:
SF:src\components\Presenter\Presenter.ts
FN:12,(anonymous_1)
FN:20,(anonymous_2)
FN:24,(anonymous_3)
FN:28,(anonymous_4)
FN:32,(anonymous_5)
FN:36,(anonymous_6)
FN:40,(anonymous_7)
FNF:7
FNH:7
FNDA:5,(anonymous_1)
FNDA:4,(anonymous_2)
FNDA:1,(anonymous_3)
FNDA:1,(anonymous_4)
FNDA:1,(anonymous_5)
FNDA:5,(anonymous_6)
FNDA:5,(anonymous_7)
DA:1,1
DA:2,1
DA:4,1
DA:5,1
DA:13,5
DA:14,5
DA:15,5
DA:16,5
DA:17,5
DA:21,4
DA:25,1
DA:29,1
DA:33,1
DA:37,5
DA:41,5
DA:45,1
LF:16
LH:16
BRF:0
BRH:0
end_of_record
TN:
SF:src\components\View\View.ts
FN:13,(anonymous_1)
FN:18,(anonymous_2)
FN:23,(anonymous_3)
FN:32,(anonymous_4)
FN:36,(anonymous_5)
FN:40,(anonymous_6)
FN:44,(anonymous_7)
FN:48,(anonymous_8)
FN:56,(anonymous_9)
FNF:9
FNH:7
FNDA:25,(anonymous_1)
FNDA:1,(anonymous_2)
FNDA:1,(anonymous_3)
FNDA:2,(anonymous_4)
FNDA:1,(anonymous_5)
FNDA:0,(anonymous_6)
FNDA:0,(anonymous_7)
FNDA:25,(anonymous_8)
FNDA:25,(anonymous_9)
DA:1,2
DA:2,2
DA:4,2
DA:13,25
DA:14,25
DA:15,25
DA:19,1
DA:20,1
DA:24,1
DA:25,0
DA:27,1
DA:28,1
DA:33,2
DA:37,1
DA:41,0
DA:45,0
DA:49,25
DA:50,25
DA:51,25
DA:52,25
DA:53,25
DA:57,25
DA:58,25
DA:59,25
DA:63,25
DA:66,25
DA:67,3
DA:71,3
DA:74,25
DA:75,25
DA:76,25
DA:78,0
DA:81,25
DA:82,25
DA:86,2
LF:35
LH:31
BRDA:19,0,0,0
BRDA:24,1,0,0
BRDA:27,2,0,1
BRDA:57,3,0,0
BRDA:58,4,0,25
BRDA:66,5,0,3
BRDA:66,6,0,25
BRDA:66,6,1,3
BRDA:74,7,0,25
BRDA:76,8,0,0
BRDA:76,9,0,25
BRDA:76,9,1,0
BRF:12
BRH:7
end_of_record
TN:
SF:src\components\View\subViews\Progress\Progress.ts
FN:12,(anonymous_1)
FN:27,(anonymous_2)
FN:33,(anonymous_3)
FNF:3
FNH:3
FNDA:25,(anonymous_1)
FNDA:25,(anonymous_2)
FNDA:37,(anonymous_3)
DA:2,2
DA:3,2
DA:18,25
DA:20,25
DA:21,25
DA:22,25
DA:23,25
DA:24,25
DA:28,25
DA:29,25
DA:30,25
DA:34,37
DA:35,37
DA:39,2
LF:14
LH:14
BRDA:33,0,0,0
BRDA:33,1,0,0
BRF:2
BRH:0
end_of_record
TN:
SF:src\components\View\subViews\Scale\Scale.ts
FN:8,(anonymous_1)
FN:16,(anonymous_2)
FN:21,(anonymous_3)
FN:28,(anonymous_4)
FN:32,(anonymous_5)
FN:36,(anonymous_6)
FN:50,(anonymous_7)
FNF:7
FNH:5
FNDA:25,(anonymous_1)
FNDA:25,(anonymous_2)
FNDA:25,(anonymous_3)
FNDA:25,(anonymous_4)
FNDA:25,(anonymous_5)
FNDA:0,(anonymous_6)
FNDA:0,(anonymous_7)
DA:1,2
DA:2,2
DA:3,2
DA:9,25
DA:11,25
DA:12,25
DA:13,25
DA:17,25
DA:18,25
DA:22,25
DA:23,25
DA:24,25
DA:25,25
DA:29,25
DA:33,25
DA:37,0
DA:38,0
DA:39,0
DA:41,0
DA:43,0
DA:44,0
DA:46,0
DA:47,0
DA:51,0
DA:56,0
DA:60,2
LF:26
LH:16
BRDA:17,0,0,0
BRDA:22,1,0,1
BRDA:23,2,0,24
BRDA:38,3,0,0
BRDA:39,4,0,0
BRDA:46,5,0,0
BRDA:46,6,0,0
BRDA:46,6,1,0
BRF:8
BRH:2
end_of_record
TN:
SF:src\components\View\subViews\ScaleMarks\ScaleMarks.ts
FN:8,(anonymous_1)
FN:16,(anonymous_2)
FN:21,(anonymous_3)
FN:25,(anonymous_4)
FN:36,(anonymous_5)
FN:37,(anonymous_6)
FN:40,(anonymous_7)
FNF:7
FNH:0
FNDA:0,(anonymous_1)
FNDA:0,(anonymous_2)
FNDA:0,(anonymous_3)
FNDA:0,(anonymous_4)
FNDA:0,(anonymous_5)
FNDA:0,(anonymous_6)
FNDA:0,(anonymous_7)
DA:2,2
DA:3,2
DA:9,0
DA:10,0
DA:12,0
DA:13,0
DA:17,0
DA:18,0
DA:22,0
DA:26,0
DA:27,0
DA:28,0
DA:29,0
DA:30,0
DA:31,0
DA:37,0
DA:41,0
DA:42,0
DA:43,0
DA:45,0
DA:46,0
DA:47,0
DA:48,0
DA:49,0
DA:50,0
DA:51,0
DA:53,0
DA:57,2
LF:28
LH:3
BRDA:27,0,0,0
BRDA:29,1,0,0
BRDA:30,2,0,0
BRF:3
BRH:0
end_of_record
TN:
SF:src\components\View\subViews\Slider\Slider.ts
FN:52,(anonymous_1)
FN:92,(anonymous_2)
FN:98,(anonymous_3)
FN:116,(anonymous_4)
FN:130,(anonymous_5)
FN:155,(anonymous_6)
FN:168,(anonymous_7)
FN:199,(anonymous_8)
FN:220,(anonymous_9)
FN:258,(anonymous_10)
FN:265,(anonymous_11)
FN:297,(anonymous_12)
FN:338,(anonymous_13)
FN:344,(anonymous_14)
FNF:14
FNH:13
FNDA:25,(anonymous_1)
FNDA:25,(anonymous_2)
FNDA:0,(anonymous_3)
FNDA:26,(anonymous_4)
FNDA:26,(anonymous_5)
FNDA:28,(anonymous_6)
FNDA:26,(anonymous_7)
FNDA:23,(anonymous_8)
FNDA:51,(anonymous_9)
FNDA:25,(anonymous_10)
FNDA:25,(anonymous_11)
FNDA:25,(anonymous_12)
FNDA:25,(anonymous_13)
FNDA:26,(anonymous_14)
DA:1,2
DA:2,2
DA:9,2
DA:10,2
DA:11,2
DA:12,2
DA:13,2
DA:14,2
DA:15,2
DA:52,25
DA:53,25
DA:55,25
DA:61,25
DA:68,25
DA:76,25
DA:87,25
DA:88,25
DA:89,25
DA:93,25
DA:94,25
DA:95,25
DA:102,0
DA:103,0
DA:104,0
DA:105,0
DA:106,0
DA:108,0
DA:109,0
DA:110,0
DA:112,0
DA:123,26
DA:125,26
DA:126,26
DA:127,26
DA:135,26
DA:136,26
DA:137,26
DA:139,26
DA:140,26
DA:142,26
DA:143,3
DA:144,3
DA:145,0
DA:149,26
DA:150,3
DA:151,3
DA:156,28
DA:157,28
DA:158,28
DA:159,0
DA:160,28
DA:169,26
DA:170,26
DA:172,26
DA:173,26
DA:174,20
DA:175,20
DA:176,20
DA:182,26
DA:183,0
DA:184,0
DA:186,26
DA:189,26
DA:191,3
DA:192,3
DA:200,23
DA:201,23
DA:202,23
DA:204,23
DA:205,23
DA:206,23
DA:208,23
DA:209,23
DA:210,0
DA:212,23
DA:225,51
DA:226,51
DA:227,51
DA:228,51
DA:230,51
DA:231,51
DA:232,25
DA:234,25
DA:236,0
DA:237,25
DA:244,51
DA:245,3
DA:250,51
DA:251,0
DA:253,51
DA:254,34
DA:259,25
DA:260,25
DA:261,25
DA:262,25
DA:277,25
DA:279,25
DA:280,25
DA:281,25
DA:283,25
DA:284,25
DA:285,25
DA:286,25
DA:287,25
DA:288,25
DA:289,25
DA:290,25
DA:291,25
DA:293,25
DA:294,25
DA:298,25
DA:299,0
DA:300,25
DA:301,25
DA:303,25
DA:308,25
DA:309,25
DA:310,25
DA:312,25
DA:313,3
DA:316,25
DA:317,20
DA:320,25
DA:322,3
DA:325,25
DA:326,25
DA:329,25
DA:330,0
DA:339,25
DA:340,25
DA:341,25
DA:345,26
DA:346,26
DA:349,6
DA:351,20
DA:357,2
LF:136
LH:118
BRDA:102,0,0,0
BRDA:103,1,0,0
BRDA:103,2,0,0
BRDA:103,2,1,0
BRDA:108,3,0,0
BRDA:108,3,1,0
BRDA:135,4,0,0
BRDA:136,5,0,0
BRDA:137,6,0,0
BRDA:142,7,0,3
BRDA:142,8,0,26
BRDA:142,8,1,3
BRDA:144,9,0,0
BRDA:144,10,0,3
BRDA:144,10,1,0
BRDA:149,11,0,3
BRDA:149,12,0,26
BRDA:149,12,1,3
BRDA:149,12,2,3
BRDA:156,13,0,3
BRDA:156,13,1,25
BRDA:157,14,0,0
BRDA:157,15,0,28
BRDA:157,15,1,28
BRDA:158,16,0,0
BRDA:158,17,0,28
BRDA:158,17,1,28
BRDA:169,18,0,0
BRDA:170,19,0,0
BRDA:173,20,0,20
BRDA:173,21,0,26
BRDA:173,21,1,20
BRDA:175,22,0,0
BRDA:182,23,0,0
BRDA:182,23,1,26
BRDA:183,24,0,0
BRDA:183,24,1,0
BRDA:183,25,0,0
BRDA:183,25,1,0
BRDA:184,26,0,0
BRDA:184,26,1,0
BRDA:184,27,0,0
BRDA:184,27,1,0
BRDA:186,28,0,23
BRDA:186,28,1,3
BRDA:186,29,0,26
BRDA:186,29,1,26
BRDA:189,30,0,3
BRDA:189,31,0,26
BRDA:189,31,1,3
BRDA:189,31,2,3
BRDA:189,31,3,3
BRDA:199,32,0,0
BRDA:200,33,0,20
BRDA:200,33,1,3
BRDA:201,34,0,20
BRDA:201,34,1,3
BRDA:202,35,0,20
BRDA:202,35,1,3
BRDA:204,36,0,0
BRDA:205,37,0,0
BRDA:206,38,0,0
BRDA:208,39,0,0
BRDA:208,40,0,23
BRDA:208,40,1,3
BRDA:209,41,0,0
BRDA:209,42,0,23
BRDA:209,42,1,23
BRDA:225,43,0,0
BRDA:226,44,0,0
BRDA:227,45,0,0
BRDA:228,46,0,0
BRDA:231,47,0,25
BRDA:232,48,0,25
BRDA:232,48,1,0
BRDA:234,49,0,0
BRDA:234,50,0,25
BRDA:234,50,1,25
BRDA:234,50,2,25
BRDA:244,51,0,3
BRDA:244,52,0,51
BRDA:244,52,1,40
BRDA:244,52,2,6
BRDA:245,53,0,0
BRDA:245,53,1,3
BRDA:245,54,0,3
BRDA:245,54,1,3
BRDA:250,55,0,0
BRDA:250,56,0,51
BRDA:250,56,1,40
BRDA:251,57,0,0
BRDA:251,57,1,0
BRDA:251,58,0,0
BRDA:251,58,1,0
BRDA:253,59,0,34
BRDA:253,60,0,51
BRDA:253,60,1,40
BRDA:254,61,0,0
BRDA:254,61,1,34
BRDA:254,62,0,34
BRDA:254,62,1,34
BRDA:259,63,0,0
BRDA:279,64,0,0
BRDA:281,65,0,20
BRDA:283,66,0,0
BRDA:284,67,0,25
BRDA:284,67,1,5
BRDA:285,68,0,25
BRDA:285,68,1,5
BRDA:286,69,0,25
BRDA:286,69,1,5
BRDA:287,70,0,25
BRDA:287,70,1,5
BRDA:288,71,0,25
BRDA:288,71,1,22
BRDA:289,72,0,25
BRDA:289,72,1,24
BRDA:293,73,0,0
BRDA:298,74,0,0
BRDA:298,75,0,25
BRDA:298,75,1,25
BRDA:298,75,2,25
BRDA:300,76,0,0
BRDA:300,77,0,25
BRDA:300,77,1,25
BRDA:301,78,0,0
BRDA:312,79,0,3
BRDA:312,80,0,25
BRDA:312,80,1,3
BRDA:316,81,0,20
BRDA:320,82,0,3
BRDA:320,83,0,25
BRDA:320,83,1,20
BRDA:320,83,2,20
BRDA:320,83,3,3
BRDA:325,84,0,25
BRDA:329,85,0,0
BRDA:329,86,0,25
BRDA:329,86,1,0
BRDA:339,87,0,0
BRDA:340,88,0,0
BRDA:340,89,0,25
BRDA:340,89,1,25
BRDA:345,90,0,0
BRDA:345,91,0,26
BRDA:345,91,1,26
BRDA:346,92,0,6
BRDA:346,93,0,26
BRDA:346,93,1,20
BRDA:346,93,2,20
BRDA:346,93,3,20
BRDA:351,94,0,20
BRDA:351,94,1,20
BRDA:351,94,2,0
BRF:154
BRH:97
end_of_record
TN:
SF:src\components\View\subViews\SliderComponents\SliderComponents.ts
FN:25,(anonymous_1)
FN:35,(anonymous_2)
FN:41,(anonymous_3)
FN:42,(anonymous_4)
FN:52,(anonymous_5)
FN:61,(anonymous_6)
FN:62,(anonymous_7)
FN:72,(anonymous_8)
FN:81,(anonymous_9)
FN:88,(anonymous_10)
FNF:10
FNH:2
FNDA:126,(anonymous_1)
FNDA:101,(anonymous_2)
FNDA:0,(anonymous_3)
FNDA:0,(anonymous_4)
FNDA:0,(anonymous_5)
FNDA:0,(anonymous_6)
FNDA:0,(anonymous_7)
FNDA:0,(anonymous_8)
FNDA:0,(anonymous_9)
FNDA:0,(anonymous_10)
DA:1,2
DA:2,2
DA:26,126
DA:27,126
DA:28,126
DA:29,126
DA:30,126
DA:31,126
DA:32,126
DA:36,101
DA:37,101
DA:38,101
DA:42,0
DA:43,0
DA:44,0
DA:45,0
DA:46,0
DA:52,0
DA:53,0
DA:54,0
DA:57,0
DA:58,0
DA:62,0
DA:63,0
DA:64,0
DA:65,0
DA:66,0
DA:72,0
DA:73,0
DA:74,0
DA:77,0
DA:78,0
DA:82,0
DA:89,0
DA:96,2
LF:35
LH:13
BRDA:28,0,0,5
BRDA:28,0,1,121
BRDA:29,1,0,5
BRDA:29,1,1,121
BRDA:30,2,0,5
BRDA:30,2,1,121
BRDA:31,3,0,5
BRDA:31,3,1,121
BRF:8
BRH:8
end_of_record
TN:
SF:src\components\View\subViews\Thumb\Thumb.ts
FN:14,(anonymous_1)
FN:32,(anonymous_2)
FN:41,(anonymous_3)
FN:49,(anonymous_4)
FN:53,(anonymous_5)
FN:57,(anonymous_6)
FN:73,(anonymous_7)
FN:83,(anonymous_8)
FN:92,(anonymous_9)
FN:101,(anonymous_10)
FNF:10
FNH:5
FNDA:28,(anonymous_1)
FNDA:28,(anonymous_2)
FNDA:57,(anonymous_3)
FNDA:0,(anonymous_4)
FNDA:0,(anonymous_5)
FNDA:57,(anonymous_6)
FNDA:28,(anonymous_7)
FNDA:0,(anonymous_8)
FNDA:0,(anonymous_9)
FNDA:0,(anonymous_10)
DA:2,2
DA:3,2
DA:20,28
DA:22,28
DA:23,28
DA:24,28
DA:26,28
DA:27,28
DA:28,28
DA:29,28
DA:33,28
DA:34,28
DA:35,28
DA:36,28
DA:37,28
DA:38,28
DA:42,57
DA:43,57
DA:44,57
DA:45,57
DA:50,0
DA:54,0
DA:58,57
DA:59,57
DA:60,0
DA:62,57
DA:63,51
DA:65,57
DA:66,0
DA:68,57
DA:69,6
DA:74,28
DA:75,28
DA:76,28
DA:77,28
DA:84,0
DA:85,0
DA:86,0
DA:87,0
DA:89,0
DA:93,0
DA:94,0
DA:95,0
DA:97,0
DA:98,0
DA:102,0
DA:103,0
DA:104,0
DA:105,0
DA:106,0
DA:109,0
DA:110,0
DA:115,2
LF:53
LH:32
BRDA:17,0,0,0
BRDA:18,1,0,0
BRDA:44,2,0,57
BRDA:58,3,0,0
BRDA:59,4,0,0
BRDA:59,5,0,57
BRDA:59,5,1,51
BRDA:62,6,0,51
BRDA:62,7,0,57
BRDA:62,7,1,51
BRDA:65,8,0,0
BRDA:65,9,0,57
BRDA:65,9,1,6
BRDA:68,10,0,6
BRDA:68,11,0,57
BRDA:68,11,1,6
BRDA:74,12,0,0
BRDA:85,13,0,0
BRDA:94,14,0,0
BRDA:104,15,0,0
BRDA:104,16,0,0
BRDA:104,16,1,0
BRDA:104,16,2,0
BRDA:104,16,3,0
BRDA:105,17,0,0
BRDA:105,18,0,0
BRDA:105,18,1,0
BRDA:105,18,2,0
BRDA:105,18,3,0
BRDA:109,19,0,0
BRDA:109,20,0,0
BRDA:109,20,1,0
BRDA:109,20,2,0
BRDA:109,20,3,0
BRF:34
BRH:11
end_of_record
TN:
SF:src\components\View\subViews\Tip\Tip.ts
FN:12,(anonymous_1)
FN:28,(anonymous_2)
FN:32,(anonymous_3)
FN:36,(anonymous_4)
FN:40,(anonymous_5)
FN:45,(anonymous_6)
FN:53,(anonymous_7)
FNF:7
FNH:5
FNDA:23,(anonymous_1)
FNDA:0,(anonymous_2)
FNDA:0,(anonymous_3)
FNDA:3,(anonymous_4)
FNDA:23,(anonymous_5)
FNDA:23,(anonymous_6)
FNDA:23,(anonymous_7)
DA:2,2
DA:3,2
DA:18,23
DA:20,23
DA:21,23
DA:22,23
DA:24,23
DA:25,23
DA:29,0
DA:33,0
DA:37,3
DA:41,23
DA:42,23
DA:46,23
DA:47,23
DA:48,23
DA:49,23
DA:50,23
DA:54,23
DA:58,2
LF:20
LH:18
BRF:0
BRH:0
end_of_record
